[36mINFO[0m[2023-08-10 14:30:55] 当前程序运行路径: C:\Users\26473\AppData\Local\Temp\go-build3289649555\b001\exe 
[36mINFO[0m[2023-08-10 14:30:55] 初始化 logrus 成功!                               
[36mINFO[0m[2023-08-10 14:30:55] 开始初始化 Database 服务!                           

2023/08/10 14:30:55 [35mD:/GoCode/douyin/internal/bootstrap/db.go:53
[0m[31m[error] [0mfailed to initialize database, got error Binary was compiled with 'CGO_ENABLED=0', go-sqlite3 requires cgo to work. This is a stub
[31mFATA[0m[2023-08-10 14:30:55] 无法连接到数据库:Binary was compiled with 'CGO_ENABLED=0', go-sqlite3 requires cgo to work. This is a stub 
[36mINFO[0m[2023-08-10 14:34:18] 当前程序运行路径: C:\Users\26473\AppData\Local\Temp\go-build2997720090\b001\exe 
[36mINFO[0m[2023-08-10 14:34:18] 初始化 logrus 成功!                               
[36mINFO[0m[2023-08-10 14:34:18] 开始初始化 Database 服务!                           

2023/08/10 14:34:18 [32mD:/GoCode/douyin/internal/db/db.go:17
[0m[33m[0.524ms] [34;1m[rows:-][0m SELECT DATABASE()

2023/08/10 14:34:18 [32mD:/GoCode/douyin/internal/db/db.go:17
[0m[33m[10.966ms] [34;1m[rows:1][0m SELECT SCHEMA_NAME from Information_schema.SCHEMATA where SCHEMA_NAME LIKE 'douyin%' ORDER BY SCHEMA_NAME='douyin' DESC,SCHEMA_NAME limit 1

2023/08/10 14:34:18 [32mD:/GoCode/douyin/internal/db/db.go:17
[0m[33m[3.230ms] [34;1m[rows:-][0m SELECT count(*) FROM information_schema.tables WHERE table_schema = 'douyin' AND table_name = 'user' AND table_type = 'BASE TABLE'

2023/08/10 14:34:18 [32mD:/GoCode/douyin/internal/db/db.go:17
[0m[33m[0.000ms] [34;1m[rows:-][0m SELECT DATABASE()

2023/08/10 14:34:18 [32mD:/GoCode/douyin/internal/db/db.go:17
[0m[33m[1.031ms] [34;1m[rows:1][0m SELECT SCHEMA_NAME from Information_schema.SCHEMATA where SCHEMA_NAME LIKE 'douyin%' ORDER BY SCHEMA_NAME='douyin' DESC,SCHEMA_NAME limit 1

2023/08/10 14:34:18 [32mD:/GoCode/douyin/internal/db/db.go:17
[0m[33m[12.643ms] [34;1m[rows:-][0m SELECT * FROM `user` LIMIT 1

2023/08/10 14:34:18 [32mD:/GoCode/douyin/internal/db/db.go:17
[0m[33m[2.247ms] [34;1m[rows:-][0m SELECT column_name, column_default, is_nullable = 'YES', data_type, character_maximum_length, column_type, column_key, extra, column_comment, numeric_precision, numeric_scale , datetime_precision FROM information_schema.columns WHERE table_schema = 'douyin' AND table_name = 'user' ORDER BY ORDINAL_POSITION

2023/08/10 14:34:18 [32mD:/GoCode/douyin/internal/db/db.go:17
[0m[33m[0.000ms] [34;1m[rows:-][0m SELECT DATABASE()

2023/08/10 14:34:18 [32mD:/GoCode/douyin/internal/db/db.go:17
[0m[33m[0.612ms] [34;1m[rows:1][0m SELECT SCHEMA_NAME from Information_schema.SCHEMATA where SCHEMA_NAME LIKE 'douyin%' ORDER BY SCHEMA_NAME='douyin' DESC,SCHEMA_NAME limit 1

2023/08/10 14:34:18 [32mD:/GoCode/douyin/internal/db/db.go:17
[0m[33m[1.271ms] [34;1m[rows:-][0m SELECT count(*) FROM information_schema.statistics WHERE table_schema = 'douyin' AND table_name = 'user' AND index_name = 'idx_user_name'

2023/08/10 14:34:18 [32mD:/GoCode/douyin/internal/db/db.go:17
[0m[33m[0.000ms] [34;1m[rows:-][0m SELECT DATABASE()

2023/08/10 14:34:18 [32mD:/GoCode/douyin/internal/db/db.go:17
[0m[33m[0.612ms] [34;1m[rows:1][0m SELECT SCHEMA_NAME from Information_schema.SCHEMATA where SCHEMA_NAME LIKE 'douyin%' ORDER BY SCHEMA_NAME='douyin' DESC,SCHEMA_NAME limit 1

2023/08/10 14:34:18 [32mD:/GoCode/douyin/internal/db/db.go:17
[0m[33m[0.873ms] [34;1m[rows:-][0m SELECT count(*) FROM information_schema.tables WHERE table_schema = 'douyin' AND table_name = 'video' AND table_type = 'BASE TABLE'

2023/08/10 14:34:18 [32mD:/GoCode/douyin/internal/db/db.go:17
[0m[33m[0.505ms] [34;1m[rows:-][0m SELECT DATABASE()

2023/08/10 14:34:18 [32mD:/GoCode/douyin/internal/db/db.go:17
[0m[33m[0.568ms] [34;1m[rows:1][0m SELECT SCHEMA_NAME from Information_schema.SCHEMATA where SCHEMA_NAME LIKE 'douyin%' ORDER BY SCHEMA_NAME='douyin' DESC,SCHEMA_NAME limit 1

2023/08/10 14:34:18 [32mD:/GoCode/douyin/internal/db/db.go:17
[0m[33m[0.507ms] [34;1m[rows:-][0m SELECT * FROM `video` LIMIT 1

2023/08/10 14:34:18 [32mD:/GoCode/douyin/internal/db/db.go:17
[0m[33m[1.170ms] [34;1m[rows:-][0m SELECT column_name, column_default, is_nullable = 'YES', data_type, character_maximum_length, column_type, column_key, extra, column_comment, numeric_precision, numeric_scale , datetime_precision FROM information_schema.columns WHERE table_schema = 'douyin' AND table_name = 'video' ORDER BY ORDINAL_POSITION

2023/08/10 14:34:18 [32mD:/GoCode/douyin/internal/db/db.go:17
[0m[33m[0.000ms] [34;1m[rows:-][0m SELECT DATABASE()

2023/08/10 14:34:18 [32mD:/GoCode/douyin/internal/db/db.go:17
[0m[33m[0.527ms] [34;1m[rows:1][0m SELECT SCHEMA_NAME from Information_schema.SCHEMATA where SCHEMA_NAME LIKE 'douyin%' ORDER BY SCHEMA_NAME='douyin' DESC,SCHEMA_NAME limit 1

2023/08/10 14:34:18 [32mD:/GoCode/douyin/internal/db/db.go:17
[0m[33m[1.530ms] [34;1m[rows:-][0m SELECT count(*) FROM INFORMATION_SCHEMA.table_constraints WHERE constraint_schema = 'douyin' AND table_name = 'video' AND constraint_name = 'fk_video_author'

2023/08/10 14:34:18 [32mD:/GoCode/douyin/internal/db/db.go:17
[0m[33m[0.000ms] [34;1m[rows:-][0m SELECT DATABASE()

2023/08/10 14:34:18 [32mD:/GoCode/douyin/internal/db/db.go:17
[0m[33m[0.525ms] [34;1m[rows:1][0m SELECT SCHEMA_NAME from Information_schema.SCHEMATA where SCHEMA_NAME LIKE 'douyin%' ORDER BY SCHEMA_NAME='douyin' DESC,SCHEMA_NAME limit 1

2023/08/10 14:34:18 [32mD:/GoCode/douyin/internal/db/db.go:17
[0m[33m[0.547ms] [34;1m[rows:-][0m SELECT count(*) FROM information_schema.statistics WHERE table_schema = 'douyin' AND table_name = 'video' AND index_name = 'idx_video_author_id'

2023/08/10 14:34:18 [32mD:/GoCode/douyin/internal/db/db.go:17
[0m[33m[0.552ms] [34;1m[rows:-][0m SELECT DATABASE()

2023/08/10 14:34:18 [32mD:/GoCode/douyin/internal/db/db.go:17
[0m[33m[0.591ms] [34;1m[rows:1][0m SELECT SCHEMA_NAME from Information_schema.SCHEMATA where SCHEMA_NAME LIKE 'douyin%' ORDER BY SCHEMA_NAME='douyin' DESC,SCHEMA_NAME limit 1

2023/08/10 14:34:18 [32mD:/GoCode/douyin/internal/db/db.go:17
[0m[33m[0.504ms] [34;1m[rows:-][0m SELECT count(*) FROM information_schema.tables WHERE table_schema = 'douyin' AND table_name = 'comment' AND table_type = 'BASE TABLE'

2023/08/10 14:34:18 [32mD:/GoCode/douyin/internal/db/db.go:17
[0m[33m[0.000ms] [34;1m[rows:-][0m SELECT DATABASE()

2023/08/10 14:34:18 [32mD:/GoCode/douyin/internal/db/db.go:17
[0m[33m[0.526ms] [34;1m[rows:1][0m SELECT SCHEMA_NAME from Information_schema.SCHEMATA where SCHEMA_NAME LIKE 'douyin%' ORDER BY SCHEMA_NAME='douyin' DESC,SCHEMA_NAME limit 1

2023/08/10 14:34:18 [32mD:/GoCode/douyin/internal/db/db.go:17
[0m[33m[0.525ms] [34;1m[rows:-][0m SELECT * FROM `comment` LIMIT 1

2023/08/10 14:34:18 [32mD:/GoCode/douyin/internal/db/db.go:17
[0m[33m[0.506ms] [34;1m[rows:-][0m SELECT column_name, column_default, is_nullable = 'YES', data_type, character_maximum_length, column_type, column_key, extra, column_comment, numeric_precision, numeric_scale , datetime_precision FROM information_schema.columns WHERE table_schema = 'douyin' AND table_name = 'comment' ORDER BY ORDINAL_POSITION

2023/08/10 14:34:18 [32mD:/GoCode/douyin/internal/db/db.go:17
[0m[33m[0.000ms] [34;1m[rows:-][0m SELECT DATABASE()

2023/08/10 14:34:18 [32mD:/GoCode/douyin/internal/db/db.go:17
[0m[33m[0.505ms] [34;1m[rows:1][0m SELECT SCHEMA_NAME from Information_schema.SCHEMATA where SCHEMA_NAME LIKE 'douyin%' ORDER BY SCHEMA_NAME='douyin' DESC,SCHEMA_NAME limit 1

2023/08/10 14:34:18 [32mD:/GoCode/douyin/internal/db/db.go:17
[0m[33m[0.516ms] [34;1m[rows:-][0m SELECT count(*) FROM INFORMATION_SCHEMA.table_constraints WHERE constraint_schema = 'douyin' AND table_name = 'comment' AND constraint_name = 'fk_video_comment'

2023/08/10 14:34:18 [32mD:/GoCode/douyin/internal/db/db.go:17
[0m[33m[0.000ms] [34;1m[rows:-][0m SELECT DATABASE()

2023/08/10 14:34:18 [32mD:/GoCode/douyin/internal/db/db.go:17
[0m[33m[0.600ms] [34;1m[rows:1][0m SELECT SCHEMA_NAME from Information_schema.SCHEMATA where SCHEMA_NAME LIKE 'douyin%' ORDER BY SCHEMA_NAME='douyin' DESC,SCHEMA_NAME limit 1

2023/08/10 14:34:18 [32mD:/GoCode/douyin/internal/db/db.go:17
[0m[33m[0.693ms] [34;1m[rows:-][0m SELECT count(*) FROM INFORMATION_SCHEMA.table_constraints WHERE constraint_schema = 'douyin' AND table_name = 'comment' AND constraint_name = 'fk_user_comment'

2023/08/10 14:34:18 [32mD:/GoCode/douyin/internal/db/db.go:17
[0m[33m[0.504ms] [34;1m[rows:-][0m SELECT DATABASE()

2023/08/10 14:34:18 [32mD:/GoCode/douyin/internal/db/db.go:17
[0m[33m[0.513ms] [34;1m[rows:1][0m SELECT SCHEMA_NAME from Information_schema.SCHEMATA where SCHEMA_NAME LIKE 'douyin%' ORDER BY SCHEMA_NAME='douyin' DESC,SCHEMA_NAME limit 1

2023/08/10 14:34:18 [32mD:/GoCode/douyin/internal/db/db.go:17
[0m[33m[0.674ms] [34;1m[rows:-][0m SELECT count(*) FROM information_schema.statistics WHERE table_schema = 'douyin' AND table_name = 'comment' AND index_name = 'idx_uvid'

2023/08/10 14:34:18 [32mD:/GoCode/douyin/internal/db/db.go:17
[0m[33m[0.000ms] [34;1m[rows:-][0m SELECT DATABASE()

2023/08/10 14:34:18 [32mD:/GoCode/douyin/internal/db/db.go:17
[0m[33m[0.517ms] [34;1m[rows:1][0m SELECT SCHEMA_NAME from Information_schema.SCHEMATA where SCHEMA_NAME LIKE 'douyin%' ORDER BY SCHEMA_NAME='douyin' DESC,SCHEMA_NAME limit 1

2023/08/10 14:34:18 [32mD:/GoCode/douyin/internal/db/db.go:17
[0m[33m[0.929ms] [34;1m[rows:-][0m SELECT count(*) FROM information_schema.statistics WHERE table_schema = 'douyin' AND table_name = 'comment' AND index_name = 'idx_comment_reply_id'

2023/08/10 14:34:18 [32mD:/GoCode/douyin/internal/db/db.go:17
[0m[33m[0.000ms] [34;1m[rows:-][0m SELECT DATABASE()

2023/08/10 14:34:18 [32mD:/GoCode/douyin/internal/db/db.go:17
[0m[33m[0.527ms] [34;1m[rows:1][0m SELECT SCHEMA_NAME from Information_schema.SCHEMATA where SCHEMA_NAME LIKE 'douyin%' ORDER BY SCHEMA_NAME='douyin' DESC,SCHEMA_NAME limit 1

2023/08/10 14:34:18 [32mD:/GoCode/douyin/internal/db/db.go:17
[0m[33m[0.627ms] [34;1m[rows:-][0m SELECT count(*) FROM information_schema.tables WHERE table_schema = 'douyin' AND table_name = 'user' AND table_type = 'BASE TABLE'

2023/08/10 14:34:18 [32mD:/GoCode/douyin/internal/db/db.go:17
[0m[33m[0.509ms] [34;1m[rows:-][0m SELECT DATABASE()

2023/08/10 14:34:18 [32mD:/GoCode/douyin/internal/db/db.go:17
[0m[33m[0.509ms] [34;1m[rows:1][0m SELECT SCHEMA_NAME from Information_schema.SCHEMATA where SCHEMA_NAME LIKE 'douyin%' ORDER BY SCHEMA_NAME='douyin' DESC,SCHEMA_NAME limit 1

2023/08/10 14:34:18 [32mD:/GoCode/douyin/internal/db/db.go:17
[0m[33m[0.000ms] [34;1m[rows:-][0m SELECT * FROM `user` LIMIT 1

2023/08/10 14:34:18 [32mD:/GoCode/douyin/internal/db/db.go:17
[0m[33m[0.842ms] [34;1m[rows:-][0m SELECT column_name, column_default, is_nullable = 'YES', data_type, character_maximum_length, column_type, column_key, extra, column_comment, numeric_precision, numeric_scale , datetime_precision FROM information_schema.columns WHERE table_schema = 'douyin' AND table_name = 'user' ORDER BY ORDINAL_POSITION

2023/08/10 14:34:18 [32mD:/GoCode/douyin/internal/db/db.go:17
[0m[33m[0.000ms] [34;1m[rows:-][0m SELECT DATABASE()

2023/08/10 14:34:18 [32mD:/GoCode/douyin/internal/db/db.go:17
[0m[33m[0.000ms] [34;1m[rows:1][0m SELECT SCHEMA_NAME from Information_schema.SCHEMATA where SCHEMA_NAME LIKE 'douyin%' ORDER BY SCHEMA_NAME='douyin' DESC,SCHEMA_NAME limit 1

2023/08/10 14:34:18 [32mD:/GoCode/douyin/internal/db/db.go:17
[0m[33m[0.523ms] [34;1m[rows:-][0m SELECT count(*) FROM information_schema.statistics WHERE table_schema = 'douyin' AND table_name = 'user' AND index_name = 'idx_user_name'

2023/08/10 14:34:18 [32mD:/GoCode/douyin/internal/db/db.go:17
[0m[33m[0.000ms] [34;1m[rows:-][0m SELECT DATABASE()

2023/08/10 14:34:18 [32mD:/GoCode/douyin/internal/db/db.go:17
[0m[33m[0.504ms] [34;1m[rows:1][0m SELECT SCHEMA_NAME from Information_schema.SCHEMATA where SCHEMA_NAME LIKE 'douyin%' ORDER BY SCHEMA_NAME='douyin' DESC,SCHEMA_NAME limit 1

2023/08/10 14:34:18 [32mD:/GoCode/douyin/internal/db/db.go:17
[0m[33m[0.732ms] [34;1m[rows:-][0m SELECT count(*) FROM information_schema.tables WHERE table_schema = 'douyin' AND table_name = 'message' AND table_type = 'BASE TABLE'

2023/08/10 14:34:18 [32mD:/GoCode/douyin/internal/db/db.go:17
[0m[33m[0.000ms] [34;1m[rows:-][0m SELECT DATABASE()

2023/08/10 14:34:18 [32mD:/GoCode/douyin/internal/db/db.go:17
[0m[33m[0.526ms] [34;1m[rows:1][0m SELECT SCHEMA_NAME from Information_schema.SCHEMATA where SCHEMA_NAME LIKE 'douyin%' ORDER BY SCHEMA_NAME='douyin' DESC,SCHEMA_NAME limit 1

2023/08/10 14:34:18 [32mD:/GoCode/douyin/internal/db/db.go:17
[0m[33m[0.527ms] [34;1m[rows:-][0m SELECT * FROM `message` LIMIT 1

2023/08/10 14:34:18 [32mD:/GoCode/douyin/internal/db/db.go:17
[0m[33m[0.504ms] [34;1m[rows:-][0m SELECT column_name, column_default, is_nullable = 'YES', data_type, character_maximum_length, column_type, column_key, extra, column_comment, numeric_precision, numeric_scale , datetime_precision FROM information_schema.columns WHERE table_schema = 'douyin' AND table_name = 'message' ORDER BY ORDINAL_POSITION

2023/08/10 14:34:18 [32mD:/GoCode/douyin/internal/db/db.go:17
[0m[33m[0.000ms] [34;1m[rows:-][0m SELECT DATABASE()

2023/08/10 14:34:18 [32mD:/GoCode/douyin/internal/db/db.go:17
[0m[33m[0.653ms] [34;1m[rows:1][0m SELECT SCHEMA_NAME from Information_schema.SCHEMATA where SCHEMA_NAME LIKE 'douyin%' ORDER BY SCHEMA_NAME='douyin' DESC,SCHEMA_NAME limit 1

2023/08/10 14:34:18 [32mD:/GoCode/douyin/internal/db/db.go:17
[0m[33m[0.808ms] [34;1m[rows:-][0m SELECT count(*) FROM INFORMATION_SCHEMA.table_constraints WHERE constraint_schema = 'douyin' AND table_name = 'message' AND constraint_name = 'fk_message_to_user'

2023/08/10 14:34:18 [32mD:/GoCode/douyin/internal/db/db.go:17
[0m[33m[0.000ms] [34;1m[rows:-][0m SELECT DATABASE()

2023/08/10 14:34:18 [32mD:/GoCode/douyin/internal/db/db.go:17
[0m[33m[0.771ms] [34;1m[rows:1][0m SELECT SCHEMA_NAME from Information_schema.SCHEMATA where SCHEMA_NAME LIKE 'douyin%' ORDER BY SCHEMA_NAME='douyin' DESC,SCHEMA_NAME limit 1

2023/08/10 14:34:18 [32mD:/GoCode/douyin/internal/db/db.go:17
[0m[33m[0.843ms] [34;1m[rows:-][0m SELECT count(*) FROM INFORMATION_SCHEMA.table_constraints WHERE constraint_schema = 'douyin' AND table_name = 'message' AND constraint_name = 'fk_message_from_user'

2023/08/10 14:34:18 [32mD:/GoCode/douyin/internal/db/db.go:17
[0m[33m[0.000ms] [34;1m[rows:-][0m SELECT DATABASE()

2023/08/10 14:34:18 [32mD:/GoCode/douyin/internal/db/db.go:17
[0m[33m[0.744ms] [34;1m[rows:1][0m SELECT SCHEMA_NAME from Information_schema.SCHEMATA where SCHEMA_NAME LIKE 'douyin%' ORDER BY SCHEMA_NAME='douyin' DESC,SCHEMA_NAME limit 1

2023/08/10 14:34:18 [32mD:/GoCode/douyin/internal/db/db.go:17
[0m[33m[0.637ms] [34;1m[rows:-][0m SELECT count(*) FROM information_schema.tables WHERE table_schema = 'douyin' AND table_name = 'user' AND table_type = 'BASE TABLE'

2023/08/10 14:34:18 [32mD:/GoCode/douyin/internal/db/db.go:17
[0m[33m[0.506ms] [34;1m[rows:-][0m SELECT DATABASE()

2023/08/10 14:34:18 [32mD:/GoCode/douyin/internal/db/db.go:17
[0m[33m[0.000ms] [34;1m[rows:1][0m SELECT SCHEMA_NAME from Information_schema.SCHEMATA where SCHEMA_NAME LIKE 'douyin%' ORDER BY SCHEMA_NAME='douyin' DESC,SCHEMA_NAME limit 1

2023/08/10 14:34:18 [32mD:/GoCode/douyin/internal/db/db.go:17
[0m[33m[0.000ms] [34;1m[rows:-][0m SELECT * FROM `user` LIMIT 1

2023/08/10 14:34:18 [32mD:/GoCode/douyin/internal/db/db.go:17
[0m[33m[0.893ms] [34;1m[rows:-][0m SELECT column_name, column_default, is_nullable = 'YES', data_type, character_maximum_length, column_type, column_key, extra, column_comment, numeric_precision, numeric_scale , datetime_precision FROM information_schema.columns WHERE table_schema = 'douyin' AND table_name = 'user' ORDER BY ORDINAL_POSITION

2023/08/10 14:34:18 [32mD:/GoCode/douyin/internal/db/db.go:17
[0m[33m[0.000ms] [34;1m[rows:-][0m SELECT DATABASE()

2023/08/10 14:34:18 [32mD:/GoCode/douyin/internal/db/db.go:17
[0m[33m[0.608ms] [34;1m[rows:1][0m SELECT SCHEMA_NAME from Information_schema.SCHEMATA where SCHEMA_NAME LIKE 'douyin%' ORDER BY SCHEMA_NAME='douyin' DESC,SCHEMA_NAME limit 1

2023/08/10 14:34:18 [32mD:/GoCode/douyin/internal/db/db.go:17
[0m[33m[0.505ms] [34;1m[rows:-][0m SELECT count(*) FROM information_schema.statistics WHERE table_schema = 'douyin' AND table_name = 'user' AND index_name = 'idx_user_name'

2023/08/10 14:34:18 [32mD:/GoCode/douyin/internal/db/db.go:17
[0m[33m[0.516ms] [34;1m[rows:-][0m SELECT DATABASE()

2023/08/10 14:34:18 [32mD:/GoCode/douyin/internal/db/db.go:17
[0m[33m[0.504ms] [34;1m[rows:1][0m SELECT SCHEMA_NAME from Information_schema.SCHEMATA where SCHEMA_NAME LIKE 'douyin%' ORDER BY SCHEMA_NAME='douyin' DESC,SCHEMA_NAME limit 1

2023/08/10 14:34:18 [32mD:/GoCode/douyin/internal/db/db.go:17
[0m[33m[0.523ms] [34;1m[rows:-][0m SELECT count(*) FROM information_schema.tables WHERE table_schema = 'douyin' AND table_name = 'video' AND table_type = 'BASE TABLE'

2023/08/10 14:34:18 [32mD:/GoCode/douyin/internal/db/db.go:17
[0m[33m[0.000ms] [34;1m[rows:-][0m SELECT DATABASE()

2023/08/10 14:34:18 [32mD:/GoCode/douyin/internal/db/db.go:17
[0m[33m[0.000ms] [34;1m[rows:1][0m SELECT SCHEMA_NAME from Information_schema.SCHEMATA where SCHEMA_NAME LIKE 'douyin%' ORDER BY SCHEMA_NAME='douyin' DESC,SCHEMA_NAME limit 1

2023/08/10 14:34:18 [32mD:/GoCode/douyin/internal/db/db.go:17
[0m[33m[0.000ms] [34;1m[rows:-][0m SELECT * FROM `video` LIMIT 1

2023/08/10 14:34:18 [32mD:/GoCode/douyin/internal/db/db.go:17
[0m[33m[0.764ms] [34;1m[rows:-][0m SELECT column_name, column_default, is_nullable = 'YES', data_type, character_maximum_length, column_type, column_key, extra, column_comment, numeric_precision, numeric_scale , datetime_precision FROM information_schema.columns WHERE table_schema = 'douyin' AND table_name = 'video' ORDER BY ORDINAL_POSITION

2023/08/10 14:34:18 [32mD:/GoCode/douyin/internal/db/db.go:17
[0m[33m[0.000ms] [34;1m[rows:-][0m SELECT DATABASE()

2023/08/10 14:34:18 [32mD:/GoCode/douyin/internal/db/db.go:17
[0m[33m[0.521ms] [34;1m[rows:1][0m SELECT SCHEMA_NAME from Information_schema.SCHEMATA where SCHEMA_NAME LIKE 'douyin%' ORDER BY SCHEMA_NAME='douyin' DESC,SCHEMA_NAME limit 1

2023/08/10 14:34:18 [32mD:/GoCode/douyin/internal/db/db.go:17
[0m[33m[0.797ms] [34;1m[rows:-][0m SELECT count(*) FROM INFORMATION_SCHEMA.table_constraints WHERE constraint_schema = 'douyin' AND table_name = 'video' AND constraint_name = 'fk_video_author'

2023/08/10 14:34:18 [32mD:/GoCode/douyin/internal/db/db.go:17
[0m[33m[0.000ms] [34;1m[rows:-][0m SELECT DATABASE()

2023/08/10 14:34:18 [32mD:/GoCode/douyin/internal/db/db.go:17
[0m[33m[0.834ms] [34;1m[rows:1][0m SELECT SCHEMA_NAME from Information_schema.SCHEMATA where SCHEMA_NAME LIKE 'douyin%' ORDER BY SCHEMA_NAME='douyin' DESC,SCHEMA_NAME limit 1

2023/08/10 14:34:18 [32mD:/GoCode/douyin/internal/db/db.go:17
[0m[33m[0.580ms] [34;1m[rows:-][0m SELECT count(*) FROM information_schema.statistics WHERE table_schema = 'douyin' AND table_name = 'video' AND index_name = 'idx_video_author_id'

2023/08/10 14:34:18 [32mD:/GoCode/douyin/internal/db/db.go:17
[0m[33m[0.000ms] [34;1m[rows:-][0m SELECT DATABASE()

2023/08/10 14:34:18 [32mD:/GoCode/douyin/internal/db/db.go:17
[0m[33m[0.524ms] [34;1m[rows:1][0m SELECT SCHEMA_NAME from Information_schema.SCHEMATA where SCHEMA_NAME LIKE 'douyin%' ORDER BY SCHEMA_NAME='douyin' DESC,SCHEMA_NAME limit 1

2023/08/10 14:34:18 [32mD:/GoCode/douyin/internal/db/db.go:17
[0m[33m[0.758ms] [34;1m[rows:-][0m SELECT count(*) FROM information_schema.tables WHERE table_schema = 'douyin' AND table_name = 'user_creation' AND table_type = 'BASE TABLE'

2023/08/10 14:34:18 [32mD:/GoCode/douyin/internal/db/db.go:17
[0m[33m[0.000ms] [34;1m[rows:-][0m SELECT DATABASE()

2023/08/10 14:34:18 [32mD:/GoCode/douyin/internal/db/db.go:17
[0m[33m[0.636ms] [34;1m[rows:1][0m SELECT SCHEMA_NAME from Information_schema.SCHEMATA where SCHEMA_NAME LIKE 'douyin%' ORDER BY SCHEMA_NAME='douyin' DESC,SCHEMA_NAME limit 1

2023/08/10 14:34:18 [32mD:/GoCode/douyin/internal/db/db.go:17
[0m[33m[0.507ms] [34;1m[rows:-][0m SELECT * FROM `user_creation` LIMIT 1

2023/08/10 14:34:18 [32mD:/GoCode/douyin/internal/db/db.go:17
[0m[33m[1.116ms] [34;1m[rows:-][0m SELECT column_name, column_default, is_nullable = 'YES', data_type, character_maximum_length, column_type, column_key, extra, column_comment, numeric_precision, numeric_scale , datetime_precision FROM information_schema.columns WHERE table_schema = 'douyin' AND table_name = 'user_creation' ORDER BY ORDINAL_POSITION

2023/08/10 14:34:18 [32mD:/GoCode/douyin/internal/db/db.go:17
[0m[33m[0.000ms] [34;1m[rows:-][0m SELECT DATABASE()

2023/08/10 14:34:18 [32mD:/GoCode/douyin/internal/db/db.go:17
[0m[33m[0.660ms] [34;1m[rows:1][0m SELECT SCHEMA_NAME from Information_schema.SCHEMATA where SCHEMA_NAME LIKE 'douyin%' ORDER BY SCHEMA_NAME='douyin' DESC,SCHEMA_NAME limit 1

2023/08/10 14:34:18 [32mD:/GoCode/douyin/internal/db/db.go:17
[0m[33m[0.811ms] [34;1m[rows:-][0m SELECT count(*) FROM INFORMATION_SCHEMA.table_constraints WHERE constraint_schema = 'douyin' AND table_name = 'user_creation' AND constraint_name = 'fk_user_creation_video'

2023/08/10 14:34:18 [32mD:/GoCode/douyin/internal/db/db.go:17
[0m[33m[0.000ms] [34;1m[rows:-][0m SELECT DATABASE()

2023/08/10 14:34:18 [32mD:/GoCode/douyin/internal/db/db.go:17
[0m[33m[0.779ms] [34;1m[rows:1][0m SELECT SCHEMA_NAME from Information_schema.SCHEMATA where SCHEMA_NAME LIKE 'douyin%' ORDER BY SCHEMA_NAME='douyin' DESC,SCHEMA_NAME limit 1

2023/08/10 14:34:18 [32mD:/GoCode/douyin/internal/db/db.go:17
[0m[33m[0.507ms] [34;1m[rows:-][0m SELECT count(*) FROM INFORMATION_SCHEMA.table_constraints WHERE constraint_schema = 'douyin' AND table_name = 'user_creation' AND constraint_name = 'fk_user_creation_user'

2023/08/10 14:34:18 [32mD:/GoCode/douyin/internal/db/db.go:17
[0m[33m[0.000ms] [34;1m[rows:-][0m SELECT DATABASE()

2023/08/10 14:34:18 [32mD:/GoCode/douyin/internal/db/db.go:17
[0m[33m[0.640ms] [34;1m[rows:1][0m SELECT SCHEMA_NAME from Information_schema.SCHEMATA where SCHEMA_NAME LIKE 'douyin%' ORDER BY SCHEMA_NAME='douyin' DESC,SCHEMA_NAME limit 1

2023/08/10 14:34:18 [32mD:/GoCode/douyin/internal/db/db.go:17
[0m[33m[0.870ms] [34;1m[rows:-][0m SELECT count(*) FROM information_schema.tables WHERE table_schema = 'douyin' AND table_name = 'user_favorite' AND table_type = 'BASE TABLE'

2023/08/10 14:34:18 [32mD:/GoCode/douyin/internal/db/db.go:17
[0m[33m[0.505ms] [34;1m[rows:-][0m SELECT DATABASE()

2023/08/10 14:34:18 [32mD:/GoCode/douyin/internal/db/db.go:17
[0m[33m[0.000ms] [34;1m[rows:1][0m SELECT SCHEMA_NAME from Information_schema.SCHEMATA where SCHEMA_NAME LIKE 'douyin%' ORDER BY SCHEMA_NAME='douyin' DESC,SCHEMA_NAME limit 1

2023/08/10 14:34:18 [32mD:/GoCode/douyin/internal/db/db.go:17
[0m[33m[0.524ms] [34;1m[rows:-][0m SELECT * FROM `user_favorite` LIMIT 1

2023/08/10 14:34:18 [32mD:/GoCode/douyin/internal/db/db.go:17
[0m[33m[0.503ms] [34;1m[rows:-][0m SELECT column_name, column_default, is_nullable = 'YES', data_type, character_maximum_length, column_type, column_key, extra, column_comment, numeric_precision, numeric_scale , datetime_precision FROM information_schema.columns WHERE table_schema = 'douyin' AND table_name = 'user_favorite' ORDER BY ORDINAL_POSITION

2023/08/10 14:34:18 [32mD:/GoCode/douyin/internal/db/db.go:17
[0m[33m[0.000ms] [34;1m[rows:-][0m SELECT DATABASE()

2023/08/10 14:34:18 [32mD:/GoCode/douyin/internal/db/db.go:17
[0m[33m[0.587ms] [34;1m[rows:1][0m SELECT SCHEMA_NAME from Information_schema.SCHEMATA where SCHEMA_NAME LIKE 'douyin%' ORDER BY SCHEMA_NAME='douyin' DESC,SCHEMA_NAME limit 1

2023/08/10 14:34:18 [32mD:/GoCode/douyin/internal/db/db.go:17
[0m[33m[0.730ms] [34;1m[rows:-][0m SELECT count(*) FROM INFORMATION_SCHEMA.table_constraints WHERE constraint_schema = 'douyin' AND table_name = 'user_favorite' AND constraint_name = 'fk_user_favorite_user'

2023/08/10 14:34:18 [32mD:/GoCode/douyin/internal/db/db.go:17
[0m[33m[0.000ms] [34;1m[rows:-][0m SELECT DATABASE()

2023/08/10 14:34:18 [32mD:/GoCode/douyin/internal/db/db.go:17
[0m[33m[0.737ms] [34;1m[rows:1][0m SELECT SCHEMA_NAME from Information_schema.SCHEMATA where SCHEMA_NAME LIKE 'douyin%' ORDER BY SCHEMA_NAME='douyin' DESC,SCHEMA_NAME limit 1

2023/08/10 14:34:18 [32mD:/GoCode/douyin/internal/db/db.go:17
[0m[33m[0.527ms] [34;1m[rows:-][0m SELECT count(*) FROM INFORMATION_SCHEMA.table_constraints WHERE constraint_schema = 'douyin' AND table_name = 'user_favorite' AND constraint_name = 'fk_user_favorite_video'

2023/08/10 14:34:18 [32mD:/GoCode/douyin/internal/db/db.go:17
[0m[33m[0.000ms] [34;1m[rows:-][0m SELECT DATABASE()

2023/08/10 14:34:18 [32mD:/GoCode/douyin/internal/db/db.go:17
[0m[33m[1.047ms] [34;1m[rows:1][0m SELECT SCHEMA_NAME from Information_schema.SCHEMATA where SCHEMA_NAME LIKE 'douyin%' ORDER BY SCHEMA_NAME='douyin' DESC,SCHEMA_NAME limit 1

2023/08/10 14:34:18 [32mD:/GoCode/douyin/internal/db/db.go:17
[0m[33m[0.885ms] [34;1m[rows:-][0m SELECT count(*) FROM information_schema.tables WHERE table_schema = 'douyin' AND table_name = 'user_follow' AND table_type = 'BASE TABLE'

2023/08/10 14:34:18 [32mD:/GoCode/douyin/internal/db/db.go:17
[0m[33m[0.000ms] [34;1m[rows:-][0m SELECT DATABASE()

2023/08/10 14:34:18 [32mD:/GoCode/douyin/internal/db/db.go:17
[0m[33m[0.674ms] [34;1m[rows:1][0m SELECT SCHEMA_NAME from Information_schema.SCHEMATA where SCHEMA_NAME LIKE 'douyin%' ORDER BY SCHEMA_NAME='douyin' DESC,SCHEMA_NAME limit 1

2023/08/10 14:34:18 [32mD:/GoCode/douyin/internal/db/db.go:17
[0m[33m[0.507ms] [34;1m[rows:-][0m SELECT * FROM `user_follow` LIMIT 1

2023/08/10 14:34:18 [32mD:/GoCode/douyin/internal/db/db.go:17
[0m[33m[0.505ms] [34;1m[rows:-][0m SELECT column_name, column_default, is_nullable = 'YES', data_type, character_maximum_length, column_type, column_key, extra, column_comment, numeric_precision, numeric_scale , datetime_precision FROM information_schema.columns WHERE table_schema = 'douyin' AND table_name = 'user_follow' ORDER BY ORDINAL_POSITION

2023/08/10 14:34:18 [32mD:/GoCode/douyin/internal/db/db.go:17
[0m[33m[0.000ms] [34;1m[rows:-][0m SELECT DATABASE()

2023/08/10 14:34:18 [32mD:/GoCode/douyin/internal/db/db.go:17
[0m[33m[0.526ms] [34;1m[rows:1][0m SELECT SCHEMA_NAME from Information_schema.SCHEMATA where SCHEMA_NAME LIKE 'douyin%' ORDER BY SCHEMA_NAME='douyin' DESC,SCHEMA_NAME limit 1

2023/08/10 14:34:18 [32mD:/GoCode/douyin/internal/db/db.go:17
[0m[33m[0.522ms] [34;1m[rows:-][0m SELECT count(*) FROM INFORMATION_SCHEMA.table_constraints WHERE constraint_schema = 'douyin' AND table_name = 'user_follow' AND constraint_name = 'fk_user_follow_user'

2023/08/10 14:34:18 [32mD:/GoCode/douyin/internal/db/db.go:17
[0m[33m[0.000ms] [34;1m[rows:-][0m SELECT DATABASE()

2023/08/10 14:34:18 [32mD:/GoCode/douyin/internal/db/db.go:17
[0m[33m[0.582ms] [34;1m[rows:1][0m SELECT SCHEMA_NAME from Information_schema.SCHEMATA where SCHEMA_NAME LIKE 'douyin%' ORDER BY SCHEMA_NAME='douyin' DESC,SCHEMA_NAME limit 1

2023/08/10 14:34:18 [32mD:/GoCode/douyin/internal/db/db.go:17
[0m[33m[0.668ms] [34;1m[rows:-][0m SELECT count(*) FROM INFORMATION_SCHEMA.table_constraints WHERE constraint_schema = 'douyin' AND table_name = 'user_follow' AND constraint_name = 'fk_user_follow_follow'

2023/08/10 14:34:18 [32mD:/GoCode/douyin/internal/db/db.go:17
[0m[33m[0.000ms] [34;1m[rows:-][0m SELECT DATABASE()

2023/08/10 14:34:18 [32mD:/GoCode/douyin/internal/db/db.go:17
[0m[33m[0.703ms] [34;1m[rows:1][0m SELECT SCHEMA_NAME from Information_schema.SCHEMATA where SCHEMA_NAME LIKE 'douyin%' ORDER BY SCHEMA_NAME='douyin' DESC,SCHEMA_NAME limit 1

2023/08/10 14:34:18 [32mD:/GoCode/douyin/internal/db/db.go:17
[0m[33m[0.509ms] [34;1m[rows:-][0m SELECT count(*) FROM information_schema.tables WHERE table_schema = 'douyin' AND table_name = 'user_creation' AND table_type = 'BASE TABLE'

2023/08/10 14:34:18 [32mD:/GoCode/douyin/internal/db/db.go:17
[0m[33m[0.540ms] [34;1m[rows:-][0m SELECT DATABASE()

2023/08/10 14:34:18 [32mD:/GoCode/douyin/internal/db/db.go:17
[0m[33m[0.000ms] [34;1m[rows:1][0m SELECT SCHEMA_NAME from Information_schema.SCHEMATA where SCHEMA_NAME LIKE 'douyin%' ORDER BY SCHEMA_NAME='douyin' DESC,SCHEMA_NAME limit 1

2023/08/10 14:34:18 [32mD:/GoCode/douyin/internal/db/db.go:17
[0m[33m[0.000ms] [34;1m[rows:-][0m SELECT * FROM `user_creation` LIMIT 1

2023/08/10 14:34:18 [32mD:/GoCode/douyin/internal/db/db.go:17
[0m[33m[0.796ms] [34;1m[rows:-][0m SELECT column_name, column_default, is_nullable = 'YES', data_type, character_maximum_length, column_type, column_key, extra, column_comment, numeric_precision, numeric_scale , datetime_precision FROM information_schema.columns WHERE table_schema = 'douyin' AND table_name = 'user_creation' ORDER BY ORDINAL_POSITION

2023/08/10 14:34:18 [32mD:/GoCode/douyin/internal/db/db.go:17
[0m[33m[0.000ms] [34;1m[rows:-][0m SELECT DATABASE()

2023/08/10 14:34:18 [32mD:/GoCode/douyin/internal/db/db.go:17
[0m[33m[0.646ms] [34;1m[rows:1][0m SELECT SCHEMA_NAME from Information_schema.SCHEMATA where SCHEMA_NAME LIKE 'douyin%' ORDER BY SCHEMA_NAME='douyin' DESC,SCHEMA_NAME limit 1

2023/08/10 14:34:18 [32mD:/GoCode/douyin/internal/db/db.go:17
[0m[33m[1.065ms] [34;1m[rows:-][0m SELECT count(*) FROM information_schema.tables WHERE table_schema = 'douyin' AND table_name = 'user' AND table_type = 'BASE TABLE'

2023/08/10 14:34:18 [32mD:/GoCode/douyin/internal/db/db.go:17
[0m[33m[0.000ms] [34;1m[rows:-][0m SELECT DATABASE()

2023/08/10 14:34:18 [32mD:/GoCode/douyin/internal/db/db.go:17
[0m[33m[0.690ms] [34;1m[rows:1][0m SELECT SCHEMA_NAME from Information_schema.SCHEMATA where SCHEMA_NAME LIKE 'douyin%' ORDER BY SCHEMA_NAME='douyin' DESC,SCHEMA_NAME limit 1

2023/08/10 14:34:18 [32mD:/GoCode/douyin/internal/db/db.go:17
[0m[33m[0.000ms] [34;1m[rows:-][0m SELECT * FROM `user` LIMIT 1

2023/08/10 14:34:18 [32mD:/GoCode/douyin/internal/db/db.go:17
[0m[33m[1.405ms] [34;1m[rows:-][0m SELECT column_name, column_default, is_nullable = 'YES', data_type, character_maximum_length, column_type, column_key, extra, column_comment, numeric_precision, numeric_scale , datetime_precision FROM information_schema.columns WHERE table_schema = 'douyin' AND table_name = 'user' ORDER BY ORDINAL_POSITION

2023/08/10 14:34:18 [32mD:/GoCode/douyin/internal/db/db.go:17
[0m[33m[0.000ms] [34;1m[rows:-][0m SELECT DATABASE()

2023/08/10 14:34:18 [32mD:/GoCode/douyin/internal/db/db.go:17
[0m[33m[0.623ms] [34;1m[rows:1][0m SELECT SCHEMA_NAME from Information_schema.SCHEMATA where SCHEMA_NAME LIKE 'douyin%' ORDER BY SCHEMA_NAME='douyin' DESC,SCHEMA_NAME limit 1

2023/08/10 14:34:18 [32mD:/GoCode/douyin/internal/db/db.go:17
[0m[33m[0.504ms] [34;1m[rows:-][0m SELECT count(*) FROM information_schema.statistics WHERE table_schema = 'douyin' AND table_name = 'user' AND index_name = 'idx_user_name'

2023/08/10 14:34:18 [32mD:/GoCode/douyin/internal/db/db.go:17
[0m[33m[0.000ms] [34;1m[rows:-][0m SELECT DATABASE()

2023/08/10 14:34:18 [32mD:/GoCode/douyin/internal/db/db.go:17
[0m[33m[0.755ms] [34;1m[rows:1][0m SELECT SCHEMA_NAME from Information_schema.SCHEMATA where SCHEMA_NAME LIKE 'douyin%' ORDER BY SCHEMA_NAME='douyin' DESC,SCHEMA_NAME limit 1

2023/08/10 14:34:18 [32mD:/GoCode/douyin/internal/db/db.go:17
[0m[33m[0.579ms] [34;1m[rows:-][0m SELECT count(*) FROM information_schema.tables WHERE table_schema = 'douyin' AND table_name = 'video' AND table_type = 'BASE TABLE'

2023/08/10 14:34:18 [32mD:/GoCode/douyin/internal/db/db.go:17
[0m[33m[0.000ms] [34;1m[rows:-][0m SELECT DATABASE()

2023/08/10 14:34:18 [32mD:/GoCode/douyin/internal/db/db.go:17
[0m[33m[0.000ms] [34;1m[rows:1][0m SELECT SCHEMA_NAME from Information_schema.SCHEMATA where SCHEMA_NAME LIKE 'douyin%' ORDER BY SCHEMA_NAME='douyin' DESC,SCHEMA_NAME limit 1

2023/08/10 14:34:18 [32mD:/GoCode/douyin/internal/db/db.go:17
[0m[33m[0.000ms] [34;1m[rows:-][0m SELECT * FROM `video` LIMIT 1

2023/08/10 14:34:18 [32mD:/GoCode/douyin/internal/db/db.go:17
[0m[33m[0.869ms] [34;1m[rows:-][0m SELECT column_name, column_default, is_nullable = 'YES', data_type, character_maximum_length, column_type, column_key, extra, column_comment, numeric_precision, numeric_scale , datetime_precision FROM information_schema.columns WHERE table_schema = 'douyin' AND table_name = 'video' ORDER BY ORDINAL_POSITION

2023/08/10 14:34:18 [32mD:/GoCode/douyin/internal/db/db.go:17
[0m[33m[0.000ms] [34;1m[rows:-][0m SELECT DATABASE()

2023/08/10 14:34:18 [32mD:/GoCode/douyin/internal/db/db.go:17
[0m[33m[0.521ms] [34;1m[rows:1][0m SELECT SCHEMA_NAME from Information_schema.SCHEMATA where SCHEMA_NAME LIKE 'douyin%' ORDER BY SCHEMA_NAME='douyin' DESC,SCHEMA_NAME limit 1

2023/08/10 14:34:18 [32mD:/GoCode/douyin/internal/db/db.go:17
[0m[33m[0.521ms] [34;1m[rows:-][0m SELECT count(*) FROM INFORMATION_SCHEMA.table_constraints WHERE constraint_schema = 'douyin' AND table_name = 'video' AND constraint_name = 'fk_video_author'

2023/08/10 14:34:18 [32mD:/GoCode/douyin/internal/db/db.go:17
[0m[33m[0.000ms] [34;1m[rows:-][0m SELECT DATABASE()

2023/08/10 14:34:18 [32mD:/GoCode/douyin/internal/db/db.go:17
[0m[33m[0.504ms] [34;1m[rows:1][0m SELECT SCHEMA_NAME from Information_schema.SCHEMATA where SCHEMA_NAME LIKE 'douyin%' ORDER BY SCHEMA_NAME='douyin' DESC,SCHEMA_NAME limit 1

2023/08/10 14:34:18 [32mD:/GoCode/douyin/internal/db/db.go:17
[0m[33m[0.745ms] [34;1m[rows:-][0m SELECT count(*) FROM information_schema.statistics WHERE table_schema = 'douyin' AND table_name = 'video' AND index_name = 'idx_video_author_id'

2023/08/10 14:34:18 [32mD:/GoCode/douyin/internal/db/db.go:17
[0m[33m[0.000ms] [34;1m[rows:-][0m SELECT DATABASE()

2023/08/10 14:34:18 [32mD:/GoCode/douyin/internal/db/db.go:17
[0m[33m[0.621ms] [34;1m[rows:1][0m SELECT SCHEMA_NAME from Information_schema.SCHEMATA where SCHEMA_NAME LIKE 'douyin%' ORDER BY SCHEMA_NAME='douyin' DESC,SCHEMA_NAME limit 1

2023/08/10 14:34:18 [32mD:/GoCode/douyin/internal/db/db.go:17
[0m[33m[0.730ms] [34;1m[rows:-][0m SELECT count(*) FROM information_schema.tables WHERE table_schema = 'douyin' AND table_name = 'user_creation' AND table_type = 'BASE TABLE'

2023/08/10 14:34:18 [32mD:/GoCode/douyin/internal/db/db.go:17
[0m[33m[0.504ms] [34;1m[rows:-][0m SELECT DATABASE()

2023/08/10 14:34:18 [32mD:/GoCode/douyin/internal/db/db.go:17
[0m[33m[0.505ms] [34;1m[rows:1][0m SELECT SCHEMA_NAME from Information_schema.SCHEMATA where SCHEMA_NAME LIKE 'douyin%' ORDER BY SCHEMA_NAME='douyin' DESC,SCHEMA_NAME limit 1

2023/08/10 14:34:18 [32mD:/GoCode/douyin/internal/db/db.go:17
[0m[33m[0.000ms] [34;1m[rows:-][0m SELECT * FROM `user_creation` LIMIT 1

2023/08/10 14:34:18 [32mD:/GoCode/douyin/internal/db/db.go:17
[0m[33m[1.050ms] [34;1m[rows:-][0m SELECT column_name, column_default, is_nullable = 'YES', data_type, character_maximum_length, column_type, column_key, extra, column_comment, numeric_precision, numeric_scale , datetime_precision FROM information_schema.columns WHERE table_schema = 'douyin' AND table_name = 'user_creation' ORDER BY ORDINAL_POSITION

2023/08/10 14:34:18 [32mD:/GoCode/douyin/internal/db/db.go:17
[0m[33m[0.000ms] [34;1m[rows:-][0m SELECT DATABASE()

2023/08/10 14:34:18 [32mD:/GoCode/douyin/internal/db/db.go:17
[0m[33m[0.621ms] [34;1m[rows:1][0m SELECT SCHEMA_NAME from Information_schema.SCHEMATA where SCHEMA_NAME LIKE 'douyin%' ORDER BY SCHEMA_NAME='douyin' DESC,SCHEMA_NAME limit 1

2023/08/10 14:34:18 [32mD:/GoCode/douyin/internal/db/db.go:17
[0m[33m[0.504ms] [34;1m[rows:-][0m SELECT count(*) FROM INFORMATION_SCHEMA.table_constraints WHERE constraint_schema = 'douyin' AND table_name = 'user_creation' AND constraint_name = 'fk_user_creation_video'

2023/08/10 14:34:18 [32mD:/GoCode/douyin/internal/db/db.go:17
[0m[33m[0.000ms] [34;1m[rows:-][0m SELECT DATABASE()

2023/08/10 14:34:18 [32mD:/GoCode/douyin/internal/db/db.go:17
[0m[33m[1.033ms] [34;1m[rows:1][0m SELECT SCHEMA_NAME from Information_schema.SCHEMATA where SCHEMA_NAME LIKE 'douyin%' ORDER BY SCHEMA_NAME='douyin' DESC,SCHEMA_NAME limit 1

2023/08/10 14:34:18 [32mD:/GoCode/douyin/internal/db/db.go:17
[0m[33m[0.527ms] [34;1m[rows:-][0m SELECT count(*) FROM INFORMATION_SCHEMA.table_constraints WHERE constraint_schema = 'douyin' AND table_name = 'user_creation' AND constraint_name = 'fk_user_creation_user'

2023/08/10 14:34:18 [32mD:/GoCode/douyin/internal/db/db.go:17
[0m[33m[0.523ms] [34;1m[rows:-][0m SELECT DATABASE()

2023/08/10 14:34:18 [32mD:/GoCode/douyin/internal/db/db.go:17
[0m[33m[0.555ms] [34;1m[rows:1][0m SELECT SCHEMA_NAME from Information_schema.SCHEMATA where SCHEMA_NAME LIKE 'douyin%' ORDER BY SCHEMA_NAME='douyin' DESC,SCHEMA_NAME limit 1

2023/08/10 14:34:18 [32mD:/GoCode/douyin/internal/db/db.go:17
[0m[33m[0.504ms] [34;1m[rows:-][0m SELECT count(*) FROM information_schema.tables WHERE table_schema = 'douyin' AND table_name = 'user_favorite:' AND table_type = 'BASE TABLE'

2023/08/10 14:34:18 [32mD:/GoCode/douyin/internal/db/db.go:17
[0m[33m[0.555ms] [34;1m[rows:-][0m SELECT DATABASE()

2023/08/10 14:34:18 [32mD:/GoCode/douyin/internal/db/db.go:17
[0m[33m[0.539ms] [34;1m[rows:1][0m SELECT SCHEMA_NAME from Information_schema.SCHEMATA where SCHEMA_NAME LIKE 'douyin%' ORDER BY SCHEMA_NAME='douyin' DESC,SCHEMA_NAME limit 1

2023/08/10 14:34:18 [32mD:/GoCode/douyin/internal/db/db.go:17
[0m[33m[0.908ms] [34;1m[rows:-][0m SELECT * FROM `user_favorite:` LIMIT 1

2023/08/10 14:34:18 [32mD:/GoCode/douyin/internal/db/db.go:17
[0m[33m[0.738ms] [34;1m[rows:-][0m SELECT column_name, column_default, is_nullable = 'YES', data_type, character_maximum_length, column_type, column_key, extra, column_comment, numeric_precision, numeric_scale , datetime_precision FROM information_schema.columns WHERE table_schema = 'douyin' AND table_name = 'user_favorite:' ORDER BY ORDINAL_POSITION

2023/08/10 14:34:18 [32mD:/GoCode/douyin/internal/db/db.go:17
[0m[33m[0.000ms] [34;1m[rows:-][0m SELECT DATABASE()

2023/08/10 14:34:18 [32mD:/GoCode/douyin/internal/db/db.go:17
[0m[33m[0.590ms] [34;1m[rows:1][0m SELECT SCHEMA_NAME from Information_schema.SCHEMATA where SCHEMA_NAME LIKE 'douyin%' ORDER BY SCHEMA_NAME='douyin' DESC,SCHEMA_NAME limit 1

2023/08/10 14:34:18 [32mD:/GoCode/douyin/internal/db/db.go:17
[0m[33m[0.691ms] [34;1m[rows:-][0m SELECT count(*) FROM INFORMATION_SCHEMA.table_constraints WHERE constraint_schema = 'douyin' AND table_name = 'user_favorite:' AND constraint_name = 'fk_user_favorite:_video'

2023/08/10 14:34:18 [32mD:/GoCode/douyin/internal/db/db.go:17
[0m[33m[0.504ms] [34;1m[rows:-][0m SELECT DATABASE()

2023/08/10 14:34:18 [32mD:/GoCode/douyin/internal/db/db.go:17
[0m[33m[0.000ms] [34;1m[rows:1][0m SELECT SCHEMA_NAME from Information_schema.SCHEMATA where SCHEMA_NAME LIKE 'douyin%' ORDER BY SCHEMA_NAME='douyin' DESC,SCHEMA_NAME limit 1

2023/08/10 14:34:18 [32mD:/GoCode/douyin/internal/db/db.go:17
[0m[33m[0.524ms] [34;1m[rows:-][0m SELECT count(*) FROM INFORMATION_SCHEMA.table_constraints WHERE constraint_schema = 'douyin' AND table_name = 'user_favorite:' AND constraint_name = 'fk_user_favorite:_user'
[36mINFO[0m[2023-08-10 14:34:18] 初始化 Database 成功!                             
[36mINFO[0m[2023-08-10 14:34:18] 开始初始化 Redis 服务!                              
[36mINFO[0m[2023-08-10 14:34:18] 初始化 Redis 成功!                                
[36mINFO[0m[2023-08-10 14:34:18] 成功启动 pid: 20876                              
[36mINFO[0m[2023-08-10 14:34:18] 当前程序运行路径: C:\Users\26473\AppData\Local\Temp\go-build2997720090\b001\exe 
[36mINFO[0m[2023-08-10 14:34:18] 初始化 logrus 成功!                               
[36mINFO[0m[2023-08-10 14:34:18] 开始初始化 Database 服务!                           

2023/08/10 14:34:18 [32mD:/GoCode/douyin/internal/db/db.go:17
[0m[33m[0.000ms] [34;1m[rows:-][0m SELECT DATABASE()

2023/08/10 14:34:18 [32mD:/GoCode/douyin/internal/db/db.go:17
[0m[33m[0.958ms] [34;1m[rows:1][0m SELECT SCHEMA_NAME from Information_schema.SCHEMATA where SCHEMA_NAME LIKE 'douyin%' ORDER BY SCHEMA_NAME='douyin' DESC,SCHEMA_NAME limit 1

2023/08/10 14:34:18 [32mD:/GoCode/douyin/internal/db/db.go:17
[0m[33m[1.191ms] [34;1m[rows:-][0m SELECT count(*) FROM information_schema.tables WHERE table_schema = 'douyin' AND table_name = 'user' AND table_type = 'BASE TABLE'

2023/08/10 14:34:18 [32mD:/GoCode/douyin/internal/db/db.go:17
[0m[33m[0.000ms] [34;1m[rows:-][0m SELECT DATABASE()

2023/08/10 14:34:18 [32mD:/GoCode/douyin/internal/db/db.go:17
[0m[33m[0.000ms] [34;1m[rows:1][0m SELECT SCHEMA_NAME from Information_schema.SCHEMATA where SCHEMA_NAME LIKE 'douyin%' ORDER BY SCHEMA_NAME='douyin' DESC,SCHEMA_NAME limit 1

2023/08/10 14:34:18 [32mD:/GoCode/douyin/internal/db/db.go:17
[0m[33m[0.524ms] [34;1m[rows:-][0m SELECT * FROM `user` LIMIT 1

2023/08/10 14:34:18 [32mD:/GoCode/douyin/internal/db/db.go:17
[0m[33m[0.772ms] [34;1m[rows:-][0m SELECT column_name, column_default, is_nullable = 'YES', data_type, character_maximum_length, column_type, column_key, extra, column_comment, numeric_precision, numeric_scale , datetime_precision FROM information_schema.columns WHERE table_schema = 'douyin' AND table_name = 'user' ORDER BY ORDINAL_POSITION

2023/08/10 14:34:18 [32mD:/GoCode/douyin/internal/db/db.go:17
[0m[33m[0.000ms] [34;1m[rows:-][0m SELECT DATABASE()

2023/08/10 14:34:18 [32mD:/GoCode/douyin/internal/db/db.go:17
[0m[33m[0.687ms] [34;1m[rows:1][0m SELECT SCHEMA_NAME from Information_schema.SCHEMATA where SCHEMA_NAME LIKE 'douyin%' ORDER BY SCHEMA_NAME='douyin' DESC,SCHEMA_NAME limit 1

2023/08/10 14:34:18 [32mD:/GoCode/douyin/internal/db/db.go:17
[0m[33m[0.504ms] [34;1m[rows:-][0m SELECT count(*) FROM information_schema.statistics WHERE table_schema = 'douyin' AND table_name = 'user' AND index_name = 'idx_user_name'

2023/08/10 14:34:18 [32mD:/GoCode/douyin/internal/db/db.go:17
[0m[33m[0.000ms] [34;1m[rows:-][0m SELECT DATABASE()

2023/08/10 14:34:18 [32mD:/GoCode/douyin/internal/db/db.go:17
[0m[33m[0.000ms] [34;1m[rows:1][0m SELECT SCHEMA_NAME from Information_schema.SCHEMATA where SCHEMA_NAME LIKE 'douyin%' ORDER BY SCHEMA_NAME='douyin' DESC,SCHEMA_NAME limit 1

2023/08/10 14:34:18 [32mD:/GoCode/douyin/internal/db/db.go:17
[0m[33m[0.815ms] [34;1m[rows:-][0m SELECT count(*) FROM information_schema.tables WHERE table_schema = 'douyin' AND table_name = 'video' AND table_type = 'BASE TABLE'

2023/08/10 14:34:18 [32mD:/GoCode/douyin/internal/db/db.go:17
[0m[33m[0.000ms] [34;1m[rows:-][0m SELECT DATABASE()

2023/08/10 14:34:18 [32mD:/GoCode/douyin/internal/db/db.go:17
[0m[33m[0.603ms] [34;1m[rows:1][0m SELECT SCHEMA_NAME from Information_schema.SCHEMATA where SCHEMA_NAME LIKE 'douyin%' ORDER BY SCHEMA_NAME='douyin' DESC,SCHEMA_NAME limit 1

2023/08/10 14:34:18 [32mD:/GoCode/douyin/internal/db/db.go:17
[0m[33m[0.000ms] [34;1m[rows:-][0m SELECT * FROM `video` LIMIT 1

2023/08/10 14:34:18 [32mD:/GoCode/douyin/internal/db/db.go:17
[0m[33m[0.743ms] [34;1m[rows:-][0m SELECT column_name, column_default, is_nullable = 'YES', data_type, character_maximum_length, column_type, column_key, extra, column_comment, numeric_precision, numeric_scale , datetime_precision FROM information_schema.columns WHERE table_schema = 'douyin' AND table_name = 'video' ORDER BY ORDINAL_POSITION

2023/08/10 14:34:18 [32mD:/GoCode/douyin/internal/db/db.go:17
[0m[33m[0.000ms] [34;1m[rows:-][0m SELECT DATABASE()

2023/08/10 14:34:18 [32mD:/GoCode/douyin/internal/db/db.go:17
[0m[33m[0.610ms] [34;1m[rows:1][0m SELECT SCHEMA_NAME from Information_schema.SCHEMATA where SCHEMA_NAME LIKE 'douyin%' ORDER BY SCHEMA_NAME='douyin' DESC,SCHEMA_NAME limit 1

2023/08/10 14:34:18 [32mD:/GoCode/douyin/internal/db/db.go:17
[0m[33m[0.504ms] [34;1m[rows:-][0m SELECT count(*) FROM INFORMATION_SCHEMA.table_constraints WHERE constraint_schema = 'douyin' AND table_name = 'video' AND constraint_name = 'fk_video_author'

2023/08/10 14:34:18 [32mD:/GoCode/douyin/internal/db/db.go:17
[0m[33m[0.000ms] [34;1m[rows:-][0m SELECT DATABASE()

2023/08/10 14:34:18 [32mD:/GoCode/douyin/internal/db/db.go:17
[0m[33m[0.573ms] [34;1m[rows:1][0m SELECT SCHEMA_NAME from Information_schema.SCHEMATA where SCHEMA_NAME LIKE 'douyin%' ORDER BY SCHEMA_NAME='douyin' DESC,SCHEMA_NAME limit 1

2023/08/10 14:34:18 [32mD:/GoCode/douyin/internal/db/db.go:17
[0m[33m[0.504ms] [34;1m[rows:-][0m SELECT count(*) FROM information_schema.statistics WHERE table_schema = 'douyin' AND table_name = 'video' AND index_name = 'idx_video_author_id'

2023/08/10 14:34:18 [32mD:/GoCode/douyin/internal/db/db.go:17
[0m[33m[0.000ms] [34;1m[rows:-][0m SELECT DATABASE()

2023/08/10 14:34:18 [32mD:/GoCode/douyin/internal/db/db.go:17
[0m[33m[0.504ms] [34;1m[rows:1][0m SELECT SCHEMA_NAME from Information_schema.SCHEMATA where SCHEMA_NAME LIKE 'douyin%' ORDER BY SCHEMA_NAME='douyin' DESC,SCHEMA_NAME limit 1

2023/08/10 14:34:18 [32mD:/GoCode/douyin/internal/db/db.go:17
[0m[33m[0.525ms] [34;1m[rows:-][0m SELECT count(*) FROM information_schema.tables WHERE table_schema = 'douyin' AND table_name = 'comment' AND table_type = 'BASE TABLE'

2023/08/10 14:34:18 [32mD:/GoCode/douyin/internal/db/db.go:17
[0m[33m[0.000ms] [34;1m[rows:-][0m SELECT DATABASE()

2023/08/10 14:34:18 [32mD:/GoCode/douyin/internal/db/db.go:17
[0m[33m[0.529ms] [34;1m[rows:1][0m SELECT SCHEMA_NAME from Information_schema.SCHEMATA where SCHEMA_NAME LIKE 'douyin%' ORDER BY SCHEMA_NAME='douyin' DESC,SCHEMA_NAME limit 1

2023/08/10 14:34:18 [32mD:/GoCode/douyin/internal/db/db.go:17
[0m[33m[0.542ms] [34;1m[rows:-][0m SELECT * FROM `comment` LIMIT 1

2023/08/10 14:34:18 [32mD:/GoCode/douyin/internal/db/db.go:17
[0m[33m[1.046ms] [34;1m[rows:-][0m SELECT column_name, column_default, is_nullable = 'YES', data_type, character_maximum_length, column_type, column_key, extra, column_comment, numeric_precision, numeric_scale , datetime_precision FROM information_schema.columns WHERE table_schema = 'douyin' AND table_name = 'comment' ORDER BY ORDINAL_POSITION

2023/08/10 14:34:18 [32mD:/GoCode/douyin/internal/db/db.go:17
[0m[33m[0.000ms] [34;1m[rows:-][0m SELECT DATABASE()

2023/08/10 14:34:18 [32mD:/GoCode/douyin/internal/db/db.go:17
[0m[33m[0.527ms] [34;1m[rows:1][0m SELECT SCHEMA_NAME from Information_schema.SCHEMATA where SCHEMA_NAME LIKE 'douyin%' ORDER BY SCHEMA_NAME='douyin' DESC,SCHEMA_NAME limit 1

2023/08/10 14:34:18 [32mD:/GoCode/douyin/internal/db/db.go:17
[0m[33m[0.547ms] [34;1m[rows:-][0m SELECT count(*) FROM INFORMATION_SCHEMA.table_constraints WHERE constraint_schema = 'douyin' AND table_name = 'comment' AND constraint_name = 'fk_video_comment'

2023/08/10 14:34:18 [32mD:/GoCode/douyin/internal/db/db.go:17
[0m[33m[0.000ms] [34;1m[rows:-][0m SELECT DATABASE()

2023/08/10 14:34:18 [32mD:/GoCode/douyin/internal/db/db.go:17
[0m[33m[0.557ms] [34;1m[rows:1][0m SELECT SCHEMA_NAME from Information_schema.SCHEMATA where SCHEMA_NAME LIKE 'douyin%' ORDER BY SCHEMA_NAME='douyin' DESC,SCHEMA_NAME limit 1

2023/08/10 14:34:18 [32mD:/GoCode/douyin/internal/db/db.go:17
[0m[33m[0.505ms] [34;1m[rows:-][0m SELECT count(*) FROM INFORMATION_SCHEMA.table_constraints WHERE constraint_schema = 'douyin' AND table_name = 'comment' AND constraint_name = 'fk_user_comment'

2023/08/10 14:34:18 [32mD:/GoCode/douyin/internal/db/db.go:17
[0m[33m[0.000ms] [34;1m[rows:-][0m SELECT DATABASE()

2023/08/10 14:34:18 [32mD:/GoCode/douyin/internal/db/db.go:17
[0m[33m[0.675ms] [34;1m[rows:1][0m SELECT SCHEMA_NAME from Information_schema.SCHEMATA where SCHEMA_NAME LIKE 'douyin%' ORDER BY SCHEMA_NAME='douyin' DESC,SCHEMA_NAME limit 1

2023/08/10 14:34:18 [32mD:/GoCode/douyin/internal/db/db.go:17
[0m[33m[0.506ms] [34;1m[rows:-][0m SELECT count(*) FROM information_schema.statistics WHERE table_schema = 'douyin' AND table_name = 'comment' AND index_name = 'idx_uvid'

2023/08/10 14:34:18 [32mD:/GoCode/douyin/internal/db/db.go:17
[0m[33m[0.000ms] [34;1m[rows:-][0m SELECT DATABASE()

2023/08/10 14:34:18 [32mD:/GoCode/douyin/internal/db/db.go:17
[0m[33m[0.569ms] [34;1m[rows:1][0m SELECT SCHEMA_NAME from Information_schema.SCHEMATA where SCHEMA_NAME LIKE 'douyin%' ORDER BY SCHEMA_NAME='douyin' DESC,SCHEMA_NAME limit 1

2023/08/10 14:34:18 [32mD:/GoCode/douyin/internal/db/db.go:17
[0m[33m[0.770ms] [34;1m[rows:-][0m SELECT count(*) FROM information_schema.statistics WHERE table_schema = 'douyin' AND table_name = 'comment' AND index_name = 'idx_comment_reply_id'

2023/08/10 14:34:18 [32mD:/GoCode/douyin/internal/db/db.go:17
[0m[33m[0.504ms] [34;1m[rows:-][0m SELECT DATABASE()

2023/08/10 14:34:18 [32mD:/GoCode/douyin/internal/db/db.go:17
[0m[33m[0.000ms] [34;1m[rows:1][0m SELECT SCHEMA_NAME from Information_schema.SCHEMATA where SCHEMA_NAME LIKE 'douyin%' ORDER BY SCHEMA_NAME='douyin' DESC,SCHEMA_NAME limit 1

2023/08/10 14:34:18 [32mD:/GoCode/douyin/internal/db/db.go:17
[0m[33m[1.028ms] [34;1m[rows:-][0m SELECT count(*) FROM information_schema.tables WHERE table_schema = 'douyin' AND table_name = 'user' AND table_type = 'BASE TABLE'

2023/08/10 14:34:18 [32mD:/GoCode/douyin/internal/db/db.go:17
[0m[33m[0.000ms] [34;1m[rows:-][0m SELECT DATABASE()

2023/08/10 14:34:18 [32mD:/GoCode/douyin/internal/db/db.go:17
[0m[33m[0.586ms] [34;1m[rows:1][0m SELECT SCHEMA_NAME from Information_schema.SCHEMATA where SCHEMA_NAME LIKE 'douyin%' ORDER BY SCHEMA_NAME='douyin' DESC,SCHEMA_NAME limit 1

2023/08/10 14:34:18 [32mD:/GoCode/douyin/internal/db/db.go:17
[0m[33m[0.000ms] [34;1m[rows:-][0m SELECT * FROM `user` LIMIT 1

2023/08/10 14:34:18 [32mD:/GoCode/douyin/internal/db/db.go:17
[0m[33m[0.509ms] [34;1m[rows:-][0m SELECT column_name, column_default, is_nullable = 'YES', data_type, character_maximum_length, column_type, column_key, extra, column_comment, numeric_precision, numeric_scale , datetime_precision FROM information_schema.columns WHERE table_schema = 'douyin' AND table_name = 'user' ORDER BY ORDINAL_POSITION

2023/08/10 14:34:18 [32mD:/GoCode/douyin/internal/db/db.go:17
[0m[33m[0.000ms] [34;1m[rows:-][0m SELECT DATABASE()

2023/08/10 14:34:18 [32mD:/GoCode/douyin/internal/db/db.go:17
[0m[33m[0.524ms] [34;1m[rows:1][0m SELECT SCHEMA_NAME from Information_schema.SCHEMATA where SCHEMA_NAME LIKE 'douyin%' ORDER BY SCHEMA_NAME='douyin' DESC,SCHEMA_NAME limit 1

2023/08/10 14:34:18 [32mD:/GoCode/douyin/internal/db/db.go:17
[0m[33m[0.691ms] [34;1m[rows:-][0m SELECT count(*) FROM information_schema.statistics WHERE table_schema = 'douyin' AND table_name = 'user' AND index_name = 'idx_user_name'

2023/08/10 14:34:18 [32mD:/GoCode/douyin/internal/db/db.go:17
[0m[33m[0.504ms] [34;1m[rows:-][0m SELECT DATABASE()

2023/08/10 14:34:18 [32mD:/GoCode/douyin/internal/db/db.go:17
[0m[33m[0.000ms] [34;1m[rows:1][0m SELECT SCHEMA_NAME from Information_schema.SCHEMATA where SCHEMA_NAME LIKE 'douyin%' ORDER BY SCHEMA_NAME='douyin' DESC,SCHEMA_NAME limit 1

2023/08/10 14:34:18 [32mD:/GoCode/douyin/internal/db/db.go:17
[0m[33m[0.519ms] [34;1m[rows:-][0m SELECT count(*) FROM information_schema.tables WHERE table_schema = 'douyin' AND table_name = 'message' AND table_type = 'BASE TABLE'

2023/08/10 14:34:18 [32mD:/GoCode/douyin/internal/db/db.go:17
[0m[33m[0.000ms] [34;1m[rows:-][0m SELECT DATABASE()

2023/08/10 14:34:18 [32mD:/GoCode/douyin/internal/db/db.go:17
[0m[33m[0.525ms] [34;1m[rows:1][0m SELECT SCHEMA_NAME from Information_schema.SCHEMATA where SCHEMA_NAME LIKE 'douyin%' ORDER BY SCHEMA_NAME='douyin' DESC,SCHEMA_NAME limit 1

2023/08/10 14:34:18 [32mD:/GoCode/douyin/internal/db/db.go:17
[0m[33m[0.000ms] [34;1m[rows:-][0m SELECT * FROM `message` LIMIT 1

2023/08/10 14:34:18 [32mD:/GoCode/douyin/internal/db/db.go:17
[0m[33m[1.045ms] [34;1m[rows:-][0m SELECT column_name, column_default, is_nullable = 'YES', data_type, character_maximum_length, column_type, column_key, extra, column_comment, numeric_precision, numeric_scale , datetime_precision FROM information_schema.columns WHERE table_schema = 'douyin' AND table_name = 'message' ORDER BY ORDINAL_POSITION

2023/08/10 14:34:18 [32mD:/GoCode/douyin/internal/db/db.go:17
[0m[33m[0.000ms] [34;1m[rows:-][0m SELECT DATABASE()

2023/08/10 14:34:18 [32mD:/GoCode/douyin/internal/db/db.go:17
[0m[33m[0.525ms] [34;1m[rows:1][0m SELECT SCHEMA_NAME from Information_schema.SCHEMATA where SCHEMA_NAME LIKE 'douyin%' ORDER BY SCHEMA_NAME='douyin' DESC,SCHEMA_NAME limit 1

2023/08/10 14:34:18 [32mD:/GoCode/douyin/internal/db/db.go:17
[0m[33m[0.534ms] [34;1m[rows:-][0m SELECT count(*) FROM INFORMATION_SCHEMA.table_constraints WHERE constraint_schema = 'douyin' AND table_name = 'message' AND constraint_name = 'fk_message_to_user'

2023/08/10 14:34:18 [32mD:/GoCode/douyin/internal/db/db.go:17
[0m[33m[0.000ms] [34;1m[rows:-][0m SELECT DATABASE()

2023/08/10 14:34:18 [32mD:/GoCode/douyin/internal/db/db.go:17
[0m[33m[0.676ms] [34;1m[rows:1][0m SELECT SCHEMA_NAME from Information_schema.SCHEMATA where SCHEMA_NAME LIKE 'douyin%' ORDER BY SCHEMA_NAME='douyin' DESC,SCHEMA_NAME limit 1

2023/08/10 14:34:18 [32mD:/GoCode/douyin/internal/db/db.go:17
[0m[33m[0.595ms] [34;1m[rows:-][0m SELECT count(*) FROM INFORMATION_SCHEMA.table_constraints WHERE constraint_schema = 'douyin' AND table_name = 'message' AND constraint_name = 'fk_message_from_user'

2023/08/10 14:34:18 [32mD:/GoCode/douyin/internal/db/db.go:17
[0m[33m[0.000ms] [34;1m[rows:-][0m SELECT DATABASE()

2023/08/10 14:34:18 [32mD:/GoCode/douyin/internal/db/db.go:17
[0m[33m[0.507ms] [34;1m[rows:1][0m SELECT SCHEMA_NAME from Information_schema.SCHEMATA where SCHEMA_NAME LIKE 'douyin%' ORDER BY SCHEMA_NAME='douyin' DESC,SCHEMA_NAME limit 1

2023/08/10 14:34:18 [32mD:/GoCode/douyin/internal/db/db.go:17
[0m[33m[0.765ms] [34;1m[rows:-][0m SELECT count(*) FROM information_schema.tables WHERE table_schema = 'douyin' AND table_name = 'user' AND table_type = 'BASE TABLE'

2023/08/10 14:34:18 [32mD:/GoCode/douyin/internal/db/db.go:17
[0m[33m[0.000ms] [34;1m[rows:-][0m SELECT DATABASE()

2023/08/10 14:34:18 [32mD:/GoCode/douyin/internal/db/db.go:17
[0m[33m[0.577ms] [34;1m[rows:1][0m SELECT SCHEMA_NAME from Information_schema.SCHEMATA where SCHEMA_NAME LIKE 'douyin%' ORDER BY SCHEMA_NAME='douyin' DESC,SCHEMA_NAME limit 1

2023/08/10 14:34:18 [32mD:/GoCode/douyin/internal/db/db.go:17
[0m[33m[0.000ms] [34;1m[rows:-][0m SELECT * FROM `user` LIMIT 1

2023/08/10 14:34:18 [32mD:/GoCode/douyin/internal/db/db.go:17
[0m[33m[0.723ms] [34;1m[rows:-][0m SELECT column_name, column_default, is_nullable = 'YES', data_type, character_maximum_length, column_type, column_key, extra, column_comment, numeric_precision, numeric_scale , datetime_precision FROM information_schema.columns WHERE table_schema = 'douyin' AND table_name = 'user' ORDER BY ORDINAL_POSITION

2023/08/10 14:34:18 [32mD:/GoCode/douyin/internal/db/db.go:17
[0m[33m[0.000ms] [34;1m[rows:-][0m SELECT DATABASE()

2023/08/10 14:34:18 [32mD:/GoCode/douyin/internal/db/db.go:17
[0m[33m[0.522ms] [34;1m[rows:1][0m SELECT SCHEMA_NAME from Information_schema.SCHEMATA where SCHEMA_NAME LIKE 'douyin%' ORDER BY SCHEMA_NAME='douyin' DESC,SCHEMA_NAME limit 1

2023/08/10 14:34:18 [32mD:/GoCode/douyin/internal/db/db.go:17
[0m[33m[0.520ms] [34;1m[rows:-][0m SELECT count(*) FROM information_schema.statistics WHERE table_schema = 'douyin' AND table_name = 'user' AND index_name = 'idx_user_name'

2023/08/10 14:34:18 [32mD:/GoCode/douyin/internal/db/db.go:17
[0m[33m[0.000ms] [34;1m[rows:-][0m SELECT DATABASE()

2023/08/10 14:34:18 [32mD:/GoCode/douyin/internal/db/db.go:17
[0m[33m[0.504ms] [34;1m[rows:1][0m SELECT SCHEMA_NAME from Information_schema.SCHEMATA where SCHEMA_NAME LIKE 'douyin%' ORDER BY SCHEMA_NAME='douyin' DESC,SCHEMA_NAME limit 1

2023/08/10 14:34:18 [32mD:/GoCode/douyin/internal/db/db.go:17
[0m[33m[0.521ms] [34;1m[rows:-][0m SELECT count(*) FROM information_schema.tables WHERE table_schema = 'douyin' AND table_name = 'video' AND table_type = 'BASE TABLE'

2023/08/10 14:34:18 [32mD:/GoCode/douyin/internal/db/db.go:17
[0m[33m[0.000ms] [34;1m[rows:-][0m SELECT DATABASE()

2023/08/10 14:34:18 [32mD:/GoCode/douyin/internal/db/db.go:17
[0m[33m[0.577ms] [34;1m[rows:1][0m SELECT SCHEMA_NAME from Information_schema.SCHEMATA where SCHEMA_NAME LIKE 'douyin%' ORDER BY SCHEMA_NAME='douyin' DESC,SCHEMA_NAME limit 1

2023/08/10 14:34:18 [32mD:/GoCode/douyin/internal/db/db.go:17
[0m[33m[0.000ms] [34;1m[rows:-][0m SELECT * FROM `video` LIMIT 1

2023/08/10 14:34:18 [32mD:/GoCode/douyin/internal/db/db.go:17
[0m[33m[0.735ms] [34;1m[rows:-][0m SELECT column_name, column_default, is_nullable = 'YES', data_type, character_maximum_length, column_type, column_key, extra, column_comment, numeric_precision, numeric_scale , datetime_precision FROM information_schema.columns WHERE table_schema = 'douyin' AND table_name = 'video' ORDER BY ORDINAL_POSITION

2023/08/10 14:34:18 [32mD:/GoCode/douyin/internal/db/db.go:17
[0m[33m[0.000ms] [34;1m[rows:-][0m SELECT DATABASE()

2023/08/10 14:34:18 [32mD:/GoCode/douyin/internal/db/db.go:17
[0m[33m[0.621ms] [34;1m[rows:1][0m SELECT SCHEMA_NAME from Information_schema.SCHEMATA where SCHEMA_NAME LIKE 'douyin%' ORDER BY SCHEMA_NAME='douyin' DESC,SCHEMA_NAME limit 1

2023/08/10 14:34:18 [32mD:/GoCode/douyin/internal/db/db.go:17
[0m[33m[0.504ms] [34;1m[rows:-][0m SELECT count(*) FROM INFORMATION_SCHEMA.table_constraints WHERE constraint_schema = 'douyin' AND table_name = 'video' AND constraint_name = 'fk_video_author'

2023/08/10 14:34:18 [32mD:/GoCode/douyin/internal/db/db.go:17
[0m[33m[0.000ms] [34;1m[rows:-][0m SELECT DATABASE()

2023/08/10 14:34:18 [32mD:/GoCode/douyin/internal/db/db.go:17
[0m[33m[0.504ms] [34;1m[rows:1][0m SELECT SCHEMA_NAME from Information_schema.SCHEMATA where SCHEMA_NAME LIKE 'douyin%' ORDER BY SCHEMA_NAME='douyin' DESC,SCHEMA_NAME limit 1

2023/08/10 14:34:18 [32mD:/GoCode/douyin/internal/db/db.go:17
[0m[33m[0.524ms] [34;1m[rows:-][0m SELECT count(*) FROM information_schema.statistics WHERE table_schema = 'douyin' AND table_name = 'video' AND index_name = 'idx_video_author_id'

2023/08/10 14:34:18 [32mD:/GoCode/douyin/internal/db/db.go:17
[0m[33m[0.000ms] [34;1m[rows:-][0m SELECT DATABASE()

2023/08/10 14:34:18 [32mD:/GoCode/douyin/internal/db/db.go:17
[0m[33m[0.504ms] [34;1m[rows:1][0m SELECT SCHEMA_NAME from Information_schema.SCHEMATA where SCHEMA_NAME LIKE 'douyin%' ORDER BY SCHEMA_NAME='douyin' DESC,SCHEMA_NAME limit 1

2023/08/10 14:34:18 [32mD:/GoCode/douyin/internal/db/db.go:17
[0m[33m[0.526ms] [34;1m[rows:-][0m SELECT count(*) FROM information_schema.tables WHERE table_schema = 'douyin' AND table_name = 'user_favorite' AND table_type = 'BASE TABLE'

2023/08/10 14:34:18 [32mD:/GoCode/douyin/internal/db/db.go:17
[0m[33m[0.000ms] [34;1m[rows:-][0m SELECT DATABASE()

2023/08/10 14:34:18 [32mD:/GoCode/douyin/internal/db/db.go:17
[0m[33m[0.504ms] [34;1m[rows:1][0m SELECT SCHEMA_NAME from Information_schema.SCHEMATA where SCHEMA_NAME LIKE 'douyin%' ORDER BY SCHEMA_NAME='douyin' DESC,SCHEMA_NAME limit 1

2023/08/10 14:34:18 [32mD:/GoCode/douyin/internal/db/db.go:17
[0m[33m[0.000ms] [34;1m[rows:-][0m SELECT * FROM `user_favorite` LIMIT 1

2023/08/10 14:34:18 [32mD:/GoCode/douyin/internal/db/db.go:17
[0m[33m[0.519ms] [34;1m[rows:-][0m SELECT column_name, column_default, is_nullable = 'YES', data_type, character_maximum_length, column_type, column_key, extra, column_comment, numeric_precision, numeric_scale , datetime_precision FROM information_schema.columns WHERE table_schema = 'douyin' AND table_name = 'user_favorite' ORDER BY ORDINAL_POSITION

2023/08/10 14:34:18 [32mD:/GoCode/douyin/internal/db/db.go:17
[0m[33m[0.000ms] [34;1m[rows:-][0m SELECT DATABASE()

2023/08/10 14:34:18 [32mD:/GoCode/douyin/internal/db/db.go:17
[0m[33m[0.537ms] [34;1m[rows:1][0m SELECT SCHEMA_NAME from Information_schema.SCHEMATA where SCHEMA_NAME LIKE 'douyin%' ORDER BY SCHEMA_NAME='douyin' DESC,SCHEMA_NAME limit 1

2023/08/10 14:34:18 [32mD:/GoCode/douyin/internal/db/db.go:17
[0m[33m[0.626ms] [34;1m[rows:-][0m SELECT count(*) FROM INFORMATION_SCHEMA.table_constraints WHERE constraint_schema = 'douyin' AND table_name = 'user_favorite' AND constraint_name = 'fk_user_favorite_video'

2023/08/10 14:34:18 [32mD:/GoCode/douyin/internal/db/db.go:17
[0m[33m[0.000ms] [34;1m[rows:-][0m SELECT DATABASE()

2023/08/10 14:34:18 [32mD:/GoCode/douyin/internal/db/db.go:17
[0m[33m[0.000ms] [34;1m[rows:1][0m SELECT SCHEMA_NAME from Information_schema.SCHEMATA where SCHEMA_NAME LIKE 'douyin%' ORDER BY SCHEMA_NAME='douyin' DESC,SCHEMA_NAME limit 1

2023/08/10 14:34:18 [32mD:/GoCode/douyin/internal/db/db.go:17
[0m[33m[0.866ms] [34;1m[rows:-][0m SELECT count(*) FROM INFORMATION_SCHEMA.table_constraints WHERE constraint_schema = 'douyin' AND table_name = 'user_favorite' AND constraint_name = 'fk_user_favorite_user'

2023/08/10 14:34:18 [32mD:/GoCode/douyin/internal/db/db.go:17
[0m[33m[0.000ms] [34;1m[rows:-][0m SELECT DATABASE()

2023/08/10 14:34:18 [32mD:/GoCode/douyin/internal/db/db.go:17
[0m[33m[0.000ms] [34;1m[rows:1][0m SELECT SCHEMA_NAME from Information_schema.SCHEMATA where SCHEMA_NAME LIKE 'douyin%' ORDER BY SCHEMA_NAME='douyin' DESC,SCHEMA_NAME limit 1

2023/08/10 14:34:18 [32mD:/GoCode/douyin/internal/db/db.go:17
[0m[33m[0.853ms] [34;1m[rows:-][0m SELECT count(*) FROM information_schema.tables WHERE table_schema = 'douyin' AND table_name = 'user_follow' AND table_type = 'BASE TABLE'

2023/08/10 14:34:18 [32mD:/GoCode/douyin/internal/db/db.go:17
[0m[33m[0.000ms] [34;1m[rows:-][0m SELECT DATABASE()

2023/08/10 14:34:18 [32mD:/GoCode/douyin/internal/db/db.go:17
[0m[33m[0.570ms] [34;1m[rows:1][0m SELECT SCHEMA_NAME from Information_schema.SCHEMATA where SCHEMA_NAME LIKE 'douyin%' ORDER BY SCHEMA_NAME='douyin' DESC,SCHEMA_NAME limit 1

2023/08/10 14:34:18 [32mD:/GoCode/douyin/internal/db/db.go:17
[0m[33m[0.000ms] [34;1m[rows:-][0m SELECT * FROM `user_follow` LIMIT 1

2023/08/10 14:34:18 [32mD:/GoCode/douyin/internal/db/db.go:17
[0m[33m[1.029ms] [34;1m[rows:-][0m SELECT column_name, column_default, is_nullable = 'YES', data_type, character_maximum_length, column_type, column_key, extra, column_comment, numeric_precision, numeric_scale , datetime_precision FROM information_schema.columns WHERE table_schema = 'douyin' AND table_name = 'user_follow' ORDER BY ORDINAL_POSITION

2023/08/10 14:34:18 [32mD:/GoCode/douyin/internal/db/db.go:17
[0m[33m[0.000ms] [34;1m[rows:-][0m SELECT DATABASE()

2023/08/10 14:34:18 [32mD:/GoCode/douyin/internal/db/db.go:17
[0m[33m[0.635ms] [34;1m[rows:1][0m SELECT SCHEMA_NAME from Information_schema.SCHEMATA where SCHEMA_NAME LIKE 'douyin%' ORDER BY SCHEMA_NAME='douyin' DESC,SCHEMA_NAME limit 1

2023/08/10 14:34:18 [32mD:/GoCode/douyin/internal/db/db.go:17
[0m[33m[0.512ms] [34;1m[rows:-][0m SELECT count(*) FROM INFORMATION_SCHEMA.table_constraints WHERE constraint_schema = 'douyin' AND table_name = 'user_follow' AND constraint_name = 'fk_user_follow_user'

2023/08/10 14:34:18 [32mD:/GoCode/douyin/internal/db/db.go:17
[0m[33m[0.000ms] [34;1m[rows:-][0m SELECT DATABASE()

2023/08/10 14:34:18 [32mD:/GoCode/douyin/internal/db/db.go:17
[0m[33m[0.505ms] [34;1m[rows:1][0m SELECT SCHEMA_NAME from Information_schema.SCHEMATA where SCHEMA_NAME LIKE 'douyin%' ORDER BY SCHEMA_NAME='douyin' DESC,SCHEMA_NAME limit 1

2023/08/10 14:34:18 [32mD:/GoCode/douyin/internal/db/db.go:17
[0m[33m[0.522ms] [34;1m[rows:-][0m SELECT count(*) FROM INFORMATION_SCHEMA.table_constraints WHERE constraint_schema = 'douyin' AND table_name = 'user_follow' AND constraint_name = 'fk_user_follow_follow'

2023/08/10 14:34:18 [32mD:/GoCode/douyin/internal/db/db.go:17
[0m[33m[0.000ms] [34;1m[rows:-][0m SELECT DATABASE()

2023/08/10 14:34:18 [32mD:/GoCode/douyin/internal/db/db.go:17
[0m[33m[0.000ms] [34;1m[rows:1][0m SELECT SCHEMA_NAME from Information_schema.SCHEMATA where SCHEMA_NAME LIKE 'douyin%' ORDER BY SCHEMA_NAME='douyin' DESC,SCHEMA_NAME limit 1

2023/08/10 14:34:18 [32mD:/GoCode/douyin/internal/db/db.go:17
[0m[33m[0.523ms] [34;1m[rows:-][0m SELECT count(*) FROM information_schema.tables WHERE table_schema = 'douyin' AND table_name = 'user_creation' AND table_type = 'BASE TABLE'

2023/08/10 14:34:18 [32mD:/GoCode/douyin/internal/db/db.go:17
[0m[33m[0.000ms] [34;1m[rows:-][0m SELECT DATABASE()

2023/08/10 14:34:18 [32mD:/GoCode/douyin/internal/db/db.go:17
[0m[33m[0.554ms] [34;1m[rows:1][0m SELECT SCHEMA_NAME from Information_schema.SCHEMATA where SCHEMA_NAME LIKE 'douyin%' ORDER BY SCHEMA_NAME='douyin' DESC,SCHEMA_NAME limit 1

2023/08/10 14:34:18 [32mD:/GoCode/douyin/internal/db/db.go:17
[0m[33m[0.000ms] [34;1m[rows:-][0m SELECT * FROM `user_creation` LIMIT 1

2023/08/10 14:34:18 [32mD:/GoCode/douyin/internal/db/db.go:17
[0m[33m[0.649ms] [34;1m[rows:-][0m SELECT column_name, column_default, is_nullable = 'YES', data_type, character_maximum_length, column_type, column_key, extra, column_comment, numeric_precision, numeric_scale , datetime_precision FROM information_schema.columns WHERE table_schema = 'douyin' AND table_name = 'user_creation' ORDER BY ORDINAL_POSITION

2023/08/10 14:34:18 [32mD:/GoCode/douyin/internal/db/db.go:17
[0m[33m[0.000ms] [34;1m[rows:-][0m SELECT DATABASE()

2023/08/10 14:34:18 [32mD:/GoCode/douyin/internal/db/db.go:17
[0m[33m[0.661ms] [34;1m[rows:1][0m SELECT SCHEMA_NAME from Information_schema.SCHEMATA where SCHEMA_NAME LIKE 'douyin%' ORDER BY SCHEMA_NAME='douyin' DESC,SCHEMA_NAME limit 1

2023/08/10 14:34:18 [32mD:/GoCode/douyin/internal/db/db.go:17
[0m[33m[0.510ms] [34;1m[rows:-][0m SELECT count(*) FROM INFORMATION_SCHEMA.table_constraints WHERE constraint_schema = 'douyin' AND table_name = 'user_creation' AND constraint_name = 'fk_user_creation_video'

2023/08/10 14:34:18 [32mD:/GoCode/douyin/internal/db/db.go:17
[0m[33m[0.000ms] [34;1m[rows:-][0m SELECT DATABASE()

2023/08/10 14:34:18 [32mD:/GoCode/douyin/internal/db/db.go:17
[0m[33m[0.507ms] [34;1m[rows:1][0m SELECT SCHEMA_NAME from Information_schema.SCHEMATA where SCHEMA_NAME LIKE 'douyin%' ORDER BY SCHEMA_NAME='douyin' DESC,SCHEMA_NAME limit 1

2023/08/10 14:34:18 [32mD:/GoCode/douyin/internal/db/db.go:17
[0m[33m[0.335ms] [34;1m[rows:-][0m SELECT count(*) FROM INFORMATION_SCHEMA.table_constraints WHERE constraint_schema = 'douyin' AND table_name = 'user_creation' AND constraint_name = 'fk_user_creation_user'

2023/08/10 14:34:18 [32mD:/GoCode/douyin/internal/db/db.go:17
[0m[33m[0.000ms] [34;1m[rows:-][0m SELECT DATABASE()

2023/08/10 14:34:18 [32mD:/GoCode/douyin/internal/db/db.go:17
[0m[33m[0.660ms] [34;1m[rows:1][0m SELECT SCHEMA_NAME from Information_schema.SCHEMATA where SCHEMA_NAME LIKE 'douyin%' ORDER BY SCHEMA_NAME='douyin' DESC,SCHEMA_NAME limit 1

2023/08/10 14:34:18 [32mD:/GoCode/douyin/internal/db/db.go:17
[0m[33m[0.617ms] [34;1m[rows:-][0m SELECT count(*) FROM information_schema.tables WHERE table_schema = 'douyin' AND table_name = 'user_creation' AND table_type = 'BASE TABLE'

2023/08/10 14:34:18 [32mD:/GoCode/douyin/internal/db/db.go:17
[0m[33m[0.000ms] [34;1m[rows:-][0m SELECT DATABASE()

2023/08/10 14:34:18 [32mD:/GoCode/douyin/internal/db/db.go:17
[0m[33m[0.616ms] [34;1m[rows:1][0m SELECT SCHEMA_NAME from Information_schema.SCHEMATA where SCHEMA_NAME LIKE 'douyin%' ORDER BY SCHEMA_NAME='douyin' DESC,SCHEMA_NAME limit 1

2023/08/10 14:34:18 [32mD:/GoCode/douyin/internal/db/db.go:17
[0m[33m[0.000ms] [34;1m[rows:-][0m SELECT * FROM `user_creation` LIMIT 1

2023/08/10 14:34:18 [32mD:/GoCode/douyin/internal/db/db.go:17
[0m[33m[0.691ms] [34;1m[rows:-][0m SELECT column_name, column_default, is_nullable = 'YES', data_type, character_maximum_length, column_type, column_key, extra, column_comment, numeric_precision, numeric_scale , datetime_precision FROM information_schema.columns WHERE table_schema = 'douyin' AND table_name = 'user_creation' ORDER BY ORDINAL_POSITION

2023/08/10 14:34:18 [32mD:/GoCode/douyin/internal/db/db.go:17
[0m[33m[0.504ms] [34;1m[rows:-][0m SELECT DATABASE()

2023/08/10 14:34:18 [32mD:/GoCode/douyin/internal/db/db.go:17
[0m[33m[0.000ms] [34;1m[rows:1][0m SELECT SCHEMA_NAME from Information_schema.SCHEMATA where SCHEMA_NAME LIKE 'douyin%' ORDER BY SCHEMA_NAME='douyin' DESC,SCHEMA_NAME limit 1

2023/08/10 14:34:18 [32mD:/GoCode/douyin/internal/db/db.go:17
[0m[33m[0.834ms] [34;1m[rows:-][0m SELECT count(*) FROM information_schema.tables WHERE table_schema = 'douyin' AND table_name = 'user' AND table_type = 'BASE TABLE'

2023/08/10 14:34:18 [32mD:/GoCode/douyin/internal/db/db.go:17
[0m[33m[0.000ms] [34;1m[rows:-][0m SELECT DATABASE()

2023/08/10 14:34:18 [32mD:/GoCode/douyin/internal/db/db.go:17
[0m[33m[0.639ms] [34;1m[rows:1][0m SELECT SCHEMA_NAME from Information_schema.SCHEMATA where SCHEMA_NAME LIKE 'douyin%' ORDER BY SCHEMA_NAME='douyin' DESC,SCHEMA_NAME limit 1

2023/08/10 14:34:18 [32mD:/GoCode/douyin/internal/db/db.go:17
[0m[33m[0.000ms] [34;1m[rows:-][0m SELECT * FROM `user` LIMIT 1

2023/08/10 14:34:18 [32mD:/GoCode/douyin/internal/db/db.go:17
[0m[33m[0.712ms] [34;1m[rows:-][0m SELECT column_name, column_default, is_nullable = 'YES', data_type, character_maximum_length, column_type, column_key, extra, column_comment, numeric_precision, numeric_scale , datetime_precision FROM information_schema.columns WHERE table_schema = 'douyin' AND table_name = 'user' ORDER BY ORDINAL_POSITION

2023/08/10 14:34:18 [32mD:/GoCode/douyin/internal/db/db.go:17
[0m[33m[0.000ms] [34;1m[rows:-][0m SELECT DATABASE()

2023/08/10 14:34:18 [32mD:/GoCode/douyin/internal/db/db.go:17
[0m[33m[0.523ms] [34;1m[rows:1][0m SELECT SCHEMA_NAME from Information_schema.SCHEMATA where SCHEMA_NAME LIKE 'douyin%' ORDER BY SCHEMA_NAME='douyin' DESC,SCHEMA_NAME limit 1

2023/08/10 14:34:18 [32mD:/GoCode/douyin/internal/db/db.go:17
[0m[33m[0.522ms] [34;1m[rows:-][0m SELECT count(*) FROM information_schema.statistics WHERE table_schema = 'douyin' AND table_name = 'user' AND index_name = 'idx_user_name'

2023/08/10 14:34:18 [32mD:/GoCode/douyin/internal/db/db.go:17
[0m[33m[0.000ms] [34;1m[rows:-][0m SELECT DATABASE()

2023/08/10 14:34:18 [32mD:/GoCode/douyin/internal/db/db.go:17
[0m[33m[0.506ms] [34;1m[rows:1][0m SELECT SCHEMA_NAME from Information_schema.SCHEMATA where SCHEMA_NAME LIKE 'douyin%' ORDER BY SCHEMA_NAME='douyin' DESC,SCHEMA_NAME limit 1

2023/08/10 14:34:18 [32mD:/GoCode/douyin/internal/db/db.go:17
[0m[33m[0.535ms] [34;1m[rows:-][0m SELECT count(*) FROM information_schema.tables WHERE table_schema = 'douyin' AND table_name = 'video' AND table_type = 'BASE TABLE'

2023/08/10 14:34:18 [32mD:/GoCode/douyin/internal/db/db.go:17
[0m[33m[0.000ms] [34;1m[rows:-][0m SELECT DATABASE()

2023/08/10 14:34:18 [32mD:/GoCode/douyin/internal/db/db.go:17
[0m[33m[0.504ms] [34;1m[rows:1][0m SELECT SCHEMA_NAME from Information_schema.SCHEMATA where SCHEMA_NAME LIKE 'douyin%' ORDER BY SCHEMA_NAME='douyin' DESC,SCHEMA_NAME limit 1

2023/08/10 14:34:18 [32mD:/GoCode/douyin/internal/db/db.go:17
[0m[33m[0.000ms] [34;1m[rows:-][0m SELECT * FROM `video` LIMIT 1

2023/08/10 14:34:18 [32mD:/GoCode/douyin/internal/db/db.go:17
[0m[33m[0.592ms] [34;1m[rows:-][0m SELECT column_name, column_default, is_nullable = 'YES', data_type, character_maximum_length, column_type, column_key, extra, column_comment, numeric_precision, numeric_scale , datetime_precision FROM information_schema.columns WHERE table_schema = 'douyin' AND table_name = 'video' ORDER BY ORDINAL_POSITION

2023/08/10 14:34:18 [32mD:/GoCode/douyin/internal/db/db.go:17
[0m[33m[0.000ms] [34;1m[rows:-][0m SELECT DATABASE()

2023/08/10 14:34:18 [32mD:/GoCode/douyin/internal/db/db.go:17
[0m[33m[0.520ms] [34;1m[rows:1][0m SELECT SCHEMA_NAME from Information_schema.SCHEMATA where SCHEMA_NAME LIKE 'douyin%' ORDER BY SCHEMA_NAME='douyin' DESC,SCHEMA_NAME limit 1

2023/08/10 14:34:18 [32mD:/GoCode/douyin/internal/db/db.go:17
[0m[33m[0.504ms] [34;1m[rows:-][0m SELECT count(*) FROM INFORMATION_SCHEMA.table_constraints WHERE constraint_schema = 'douyin' AND table_name = 'video' AND constraint_name = 'fk_video_author'

2023/08/10 14:34:18 [32mD:/GoCode/douyin/internal/db/db.go:17
[0m[33m[0.000ms] [34;1m[rows:-][0m SELECT DATABASE()

2023/08/10 14:34:18 [32mD:/GoCode/douyin/internal/db/db.go:17
[0m[33m[0.504ms] [34;1m[rows:1][0m SELECT SCHEMA_NAME from Information_schema.SCHEMATA where SCHEMA_NAME LIKE 'douyin%' ORDER BY SCHEMA_NAME='douyin' DESC,SCHEMA_NAME limit 1

2023/08/10 14:34:18 [32mD:/GoCode/douyin/internal/db/db.go:17
[0m[33m[0.504ms] [34;1m[rows:-][0m SELECT count(*) FROM information_schema.statistics WHERE table_schema = 'douyin' AND table_name = 'video' AND index_name = 'idx_video_author_id'

2023/08/10 14:34:18 [32mD:/GoCode/douyin/internal/db/db.go:17
[0m[33m[0.000ms] [34;1m[rows:-][0m SELECT DATABASE()

2023/08/10 14:34:18 [32mD:/GoCode/douyin/internal/db/db.go:17
[0m[33m[0.607ms] [34;1m[rows:1][0m SELECT SCHEMA_NAME from Information_schema.SCHEMATA where SCHEMA_NAME LIKE 'douyin%' ORDER BY SCHEMA_NAME='douyin' DESC,SCHEMA_NAME limit 1

2023/08/10 14:34:18 [32mD:/GoCode/douyin/internal/db/db.go:17
[0m[33m[0.504ms] [34;1m[rows:-][0m SELECT count(*) FROM information_schema.tables WHERE table_schema = 'douyin' AND table_name = 'user_creation' AND table_type = 'BASE TABLE'

2023/08/10 14:34:18 [32mD:/GoCode/douyin/internal/db/db.go:17
[0m[33m[0.000ms] [34;1m[rows:-][0m SELECT DATABASE()

2023/08/10 14:34:18 [32mD:/GoCode/douyin/internal/db/db.go:17
[0m[33m[0.506ms] [34;1m[rows:1][0m SELECT SCHEMA_NAME from Information_schema.SCHEMATA where SCHEMA_NAME LIKE 'douyin%' ORDER BY SCHEMA_NAME='douyin' DESC,SCHEMA_NAME limit 1

2023/08/10 14:34:18 [32mD:/GoCode/douyin/internal/db/db.go:17
[0m[33m[0.000ms] [34;1m[rows:-][0m SELECT * FROM `user_creation` LIMIT 1

2023/08/10 14:34:18 [32mD:/GoCode/douyin/internal/db/db.go:17
[0m[33m[0.615ms] [34;1m[rows:-][0m SELECT column_name, column_default, is_nullable = 'YES', data_type, character_maximum_length, column_type, column_key, extra, column_comment, numeric_precision, numeric_scale , datetime_precision FROM information_schema.columns WHERE table_schema = 'douyin' AND table_name = 'user_creation' ORDER BY ORDINAL_POSITION

2023/08/10 14:34:18 [32mD:/GoCode/douyin/internal/db/db.go:17
[0m[33m[0.504ms] [34;1m[rows:-][0m SELECT DATABASE()

2023/08/10 14:34:18 [32mD:/GoCode/douyin/internal/db/db.go:17
[0m[33m[0.000ms] [34;1m[rows:1][0m SELECT SCHEMA_NAME from Information_schema.SCHEMATA where SCHEMA_NAME LIKE 'douyin%' ORDER BY SCHEMA_NAME='douyin' DESC,SCHEMA_NAME limit 1

2023/08/10 14:34:18 [32mD:/GoCode/douyin/internal/db/db.go:17
[0m[33m[0.745ms] [34;1m[rows:-][0m SELECT count(*) FROM INFORMATION_SCHEMA.table_constraints WHERE constraint_schema = 'douyin' AND table_name = 'user_creation' AND constraint_name = 'fk_user_creation_user'

2023/08/10 14:34:18 [32mD:/GoCode/douyin/internal/db/db.go:17
[0m[33m[0.000ms] [34;1m[rows:-][0m SELECT DATABASE()

2023/08/10 14:34:18 [32mD:/GoCode/douyin/internal/db/db.go:17
[0m[33m[0.591ms] [34;1m[rows:1][0m SELECT SCHEMA_NAME from Information_schema.SCHEMATA where SCHEMA_NAME LIKE 'douyin%' ORDER BY SCHEMA_NAME='douyin' DESC,SCHEMA_NAME limit 1

2023/08/10 14:34:18 [32mD:/GoCode/douyin/internal/db/db.go:17
[0m[33m[0.532ms] [34;1m[rows:-][0m SELECT count(*) FROM INFORMATION_SCHEMA.table_constraints WHERE constraint_schema = 'douyin' AND table_name = 'user_creation' AND constraint_name = 'fk_user_creation_video'

2023/08/10 14:34:18 [32mD:/GoCode/douyin/internal/db/db.go:17
[0m[33m[0.000ms] [34;1m[rows:-][0m SELECT DATABASE()

2023/08/10 14:34:18 [32mD:/GoCode/douyin/internal/db/db.go:17
[0m[33m[0.532ms] [34;1m[rows:1][0m SELECT SCHEMA_NAME from Information_schema.SCHEMATA where SCHEMA_NAME LIKE 'douyin%' ORDER BY SCHEMA_NAME='douyin' DESC,SCHEMA_NAME limit 1

2023/08/10 14:34:18 [32mD:/GoCode/douyin/internal/db/db.go:17
[0m[33m[0.547ms] [34;1m[rows:-][0m SELECT count(*) FROM information_schema.tables WHERE table_schema = 'douyin' AND table_name = 'user_favorite:' AND table_type = 'BASE TABLE'

2023/08/10 14:34:18 [32mD:/GoCode/douyin/internal/db/db.go:17
[0m[33m[0.000ms] [34;1m[rows:-][0m SELECT DATABASE()

2023/08/10 14:34:18 [32mD:/GoCode/douyin/internal/db/db.go:17
[0m[33m[0.539ms] [34;1m[rows:1][0m SELECT SCHEMA_NAME from Information_schema.SCHEMATA where SCHEMA_NAME LIKE 'douyin%' ORDER BY SCHEMA_NAME='douyin' DESC,SCHEMA_NAME limit 1

2023/08/10 14:34:18 [32mD:/GoCode/douyin/internal/db/db.go:17
[0m[33m[0.532ms] [34;1m[rows:-][0m SELECT * FROM `user_favorite:` LIMIT 1

2023/08/10 14:34:18 [32mD:/GoCode/douyin/internal/db/db.go:17
[0m[33m[0.509ms] [34;1m[rows:-][0m SELECT column_name, column_default, is_nullable = 'YES', data_type, character_maximum_length, column_type, column_key, extra, column_comment, numeric_precision, numeric_scale , datetime_precision FROM information_schema.columns WHERE table_schema = 'douyin' AND table_name = 'user_favorite:' ORDER BY ORDINAL_POSITION

2023/08/10 14:34:18 [32mD:/GoCode/douyin/internal/db/db.go:17
[0m[33m[0.000ms] [34;1m[rows:-][0m SELECT DATABASE()

2023/08/10 14:34:18 [32mD:/GoCode/douyin/internal/db/db.go:17
[0m[33m[0.662ms] [34;1m[rows:1][0m SELECT SCHEMA_NAME from Information_schema.SCHEMATA where SCHEMA_NAME LIKE 'douyin%' ORDER BY SCHEMA_NAME='douyin' DESC,SCHEMA_NAME limit 1

2023/08/10 14:34:18 [32mD:/GoCode/douyin/internal/db/db.go:17
[0m[33m[0.504ms] [34;1m[rows:-][0m SELECT count(*) FROM INFORMATION_SCHEMA.table_constraints WHERE constraint_schema = 'douyin' AND table_name = 'user_favorite:' AND constraint_name = 'fk_user_favorite:_video'

2023/08/10 14:34:18 [32mD:/GoCode/douyin/internal/db/db.go:17
[0m[33m[0.000ms] [34;1m[rows:-][0m SELECT DATABASE()

2023/08/10 14:34:18 [32mD:/GoCode/douyin/internal/db/db.go:17
[0m[33m[0.562ms] [34;1m[rows:1][0m SELECT SCHEMA_NAME from Information_schema.SCHEMATA where SCHEMA_NAME LIKE 'douyin%' ORDER BY SCHEMA_NAME='douyin' DESC,SCHEMA_NAME limit 1

2023/08/10 14:34:18 [32mD:/GoCode/douyin/internal/db/db.go:17
[0m[33m[0.506ms] [34;1m[rows:-][0m SELECT count(*) FROM INFORMATION_SCHEMA.table_constraints WHERE constraint_schema = 'douyin' AND table_name = 'user_favorite:' AND constraint_name = 'fk_user_favorite:_user'
[36mINFO[0m[2023-08-10 14:34:18] 初始化 Database 成功!                             
[36mINFO[0m[2023-08-10 14:34:18] 开始初始化 Redis 服务!                              
[36mINFO[0m[2023-08-10 14:34:18] 初始化 Redis 成功!                                
[36mINFO[0m[2023-08-10 14:34:18] 启动服务器 @ 0.0.0.0:23724                        
[36mINFO[0m[2023-08-10 14:34:46] Shutdown Server ...                          
[36mINFO[0m[2023-08-10 14:34:46] Server exiting                               
[36mINFO[0m[2023-08-10 14:35:31] 初始化 logrus 成功!                               
[36mINFO[0m[2023-08-10 14:35:31] 开始初始化 Database 服务!                           
[36mINFO[0m[2023-08-10 14:35:31] 初始化 Database 成功!                             
[36mINFO[0m[2023-08-10 14:35:31] 开始初始化 Redis 服务!                              
[36mINFO[0m[2023-08-10 14:35:31] 初始化 Redis 成功!                                
[36mINFO[0m[2023-08-10 14:35:31] 成功启动 pid: 5188                               
[36mINFO[0m[2023-08-10 14:35:31] 初始化 logrus 成功!                               
[36mINFO[0m[2023-08-10 14:35:31] 开始初始化 Database 服务!                           
[36mINFO[0m[2023-08-10 14:35:31] 初始化 Database 成功!                             
[36mINFO[0m[2023-08-10 14:35:31] 开始初始化 Redis 服务!                              
[36mINFO[0m[2023-08-10 14:35:31] 初始化 Redis 成功!                                
[36mINFO[0m[2023-08-10 14:35:31] 启动服务器 @ 0.0.0.0:23724                        
