[36mINFO[0m[2023-08-13 19:37:25] 当前程序运行路径: D:\GoCode\douyin                   
[36mINFO[0m[2023-08-13 19:37:25] 初始化 logrus 成功!                               
[36mINFO[0m[2023-08-13 19:37:25] 开始初始化 Database 服务!                           

2023/08/13 19:37:25 [32mD:/GoCode/douyin/internal/db/db.go:20
[0m[33m[0.000ms] [34;1m[rows:-][0m SELECT DATABASE()

2023/08/13 19:37:25 [32mD:/GoCode/douyin/internal/db/db.go:20
[0m[33m[1.156ms] [34;1m[rows:1][0m SELECT SCHEMA_NAME from Information_schema.SCHEMATA where SCHEMA_NAME LIKE 'douyin%' ORDER BY SCHEMA_NAME='douyin' DESC,SCHEMA_NAME limit 1

2023/08/13 19:37:25 [32mD:/GoCode/douyin/internal/db/db.go:20
[0m[33m[0.665ms] [34;1m[rows:-][0m SELECT count(*) FROM information_schema.tables WHERE table_schema = 'douyin' AND table_name = 'user' AND table_type = 'BASE TABLE'

2023/08/13 19:37:25 [32mD:/GoCode/douyin/internal/db/db.go:20
[0m[33m[0.000ms] [34;1m[rows:-][0m SELECT DATABASE()

2023/08/13 19:37:25 [32mD:/GoCode/douyin/internal/db/db.go:20
[0m[33m[0.585ms] [34;1m[rows:1][0m SELECT SCHEMA_NAME from Information_schema.SCHEMATA where SCHEMA_NAME LIKE 'douyin%' ORDER BY SCHEMA_NAME='douyin' DESC,SCHEMA_NAME limit 1

2023/08/13 19:37:25 [32mD:/GoCode/douyin/internal/db/db.go:20
[0m[33m[0.504ms] [34;1m[rows:-][0m SELECT * FROM `user` LIMIT 1

2023/08/13 19:37:25 [32mD:/GoCode/douyin/internal/db/db.go:20
[0m[33m[0.504ms] [34;1m[rows:-][0m SELECT column_name, column_default, is_nullable = 'YES', data_type, character_maximum_length, column_type, column_key, extra, column_comment, numeric_precision, numeric_scale , datetime_precision FROM information_schema.columns WHERE table_schema = 'douyin' AND table_name = 'user' ORDER BY ORDINAL_POSITION

2023/08/13 19:37:25 [32mD:/GoCode/douyin/internal/db/db.go:20
[0m[33m[0.000ms] [34;1m[rows:-][0m SELECT DATABASE()

2023/08/13 19:37:25 [32mD:/GoCode/douyin/internal/db/db.go:20
[0m[33m[0.571ms] [34;1m[rows:1][0m SELECT SCHEMA_NAME from Information_schema.SCHEMATA where SCHEMA_NAME LIKE 'douyin%' ORDER BY SCHEMA_NAME='douyin' DESC,SCHEMA_NAME limit 1

2023/08/13 19:37:25 [32mD:/GoCode/douyin/internal/db/db.go:20
[0m[33m[0.653ms] [34;1m[rows:-][0m SELECT count(*) FROM information_schema.statistics WHERE table_schema = 'douyin' AND table_name = 'user' AND index_name = 'idx_user_name'

2023/08/13 19:37:25 [32mD:/GoCode/douyin/internal/db/db.go:20
[0m[33m[0.000ms] [34;1m[rows:-][0m SELECT DATABASE()

2023/08/13 19:37:25 [32mD:/GoCode/douyin/internal/db/db.go:20
[0m[33m[0.000ms] [34;1m[rows:1][0m SELECT SCHEMA_NAME from Information_schema.SCHEMATA where SCHEMA_NAME LIKE 'douyin%' ORDER BY SCHEMA_NAME='douyin' DESC,SCHEMA_NAME limit 1

2023/08/13 19:37:25 [32mD:/GoCode/douyin/internal/db/db.go:20
[0m[33m[0.804ms] [34;1m[rows:-][0m SELECT count(*) FROM information_schema.tables WHERE table_schema = 'douyin' AND table_name = 'video' AND table_type = 'BASE TABLE'

2023/08/13 19:37:25 [32mD:/GoCode/douyin/internal/db/db.go:20
[0m[33m[0.000ms] [34;1m[rows:-][0m SELECT DATABASE()

2023/08/13 19:37:25 [32mD:/GoCode/douyin/internal/db/db.go:20
[0m[33m[0.620ms] [34;1m[rows:1][0m SELECT SCHEMA_NAME from Information_schema.SCHEMATA where SCHEMA_NAME LIKE 'douyin%' ORDER BY SCHEMA_NAME='douyin' DESC,SCHEMA_NAME limit 1

2023/08/13 19:37:25 [32mD:/GoCode/douyin/internal/db/db.go:20
[0m[33m[0.000ms] [34;1m[rows:-][0m SELECT * FROM `video` LIMIT 1

2023/08/13 19:37:25 [32mD:/GoCode/douyin/internal/db/db.go:20
[0m[33m[0.523ms] [34;1m[rows:-][0m SELECT column_name, column_default, is_nullable = 'YES', data_type, character_maximum_length, column_type, column_key, extra, column_comment, numeric_precision, numeric_scale , datetime_precision FROM information_schema.columns WHERE table_schema = 'douyin' AND table_name = 'video' ORDER BY ORDINAL_POSITION

2023/08/13 19:37:25 [32mD:/GoCode/douyin/internal/db/db.go:20
[0m[33m[0.000ms] [34;1m[rows:-][0m SELECT DATABASE()

2023/08/13 19:37:25 [32mD:/GoCode/douyin/internal/db/db.go:20
[0m[33m[0.609ms] [34;1m[rows:1][0m SELECT SCHEMA_NAME from Information_schema.SCHEMATA where SCHEMA_NAME LIKE 'douyin%' ORDER BY SCHEMA_NAME='douyin' DESC,SCHEMA_NAME limit 1

2023/08/13 19:37:25 [32mD:/GoCode/douyin/internal/db/db.go:20
[0m[33m[0.505ms] [34;1m[rows:-][0m SELECT count(*) FROM INFORMATION_SCHEMA.table_constraints WHERE constraint_schema = 'douyin' AND table_name = 'video' AND constraint_name = 'fk_video_author'

2023/08/13 19:37:25 [32mD:/GoCode/douyin/internal/db/db.go:20
[0m[33m[0.000ms] [34;1m[rows:-][0m SELECT DATABASE()

2023/08/13 19:37:25 [32mD:/GoCode/douyin/internal/db/db.go:20
[0m[33m[0.505ms] [34;1m[rows:1][0m SELECT SCHEMA_NAME from Information_schema.SCHEMATA where SCHEMA_NAME LIKE 'douyin%' ORDER BY SCHEMA_NAME='douyin' DESC,SCHEMA_NAME limit 1

2023/08/13 19:37:25 [32mD:/GoCode/douyin/internal/db/db.go:20
[0m[33m[0.526ms] [34;1m[rows:-][0m SELECT count(*) FROM information_schema.statistics WHERE table_schema = 'douyin' AND table_name = 'video' AND index_name = 'idx_video_author_id'

2023/08/13 19:37:25 [32mD:/GoCode/douyin/internal/db/db.go:20
[0m[33m[0.000ms] [34;1m[rows:-][0m SELECT DATABASE()

2023/08/13 19:37:25 [32mD:/GoCode/douyin/internal/db/db.go:20
[0m[33m[0.504ms] [34;1m[rows:1][0m SELECT SCHEMA_NAME from Information_schema.SCHEMATA where SCHEMA_NAME LIKE 'douyin%' ORDER BY SCHEMA_NAME='douyin' DESC,SCHEMA_NAME limit 1

2023/08/13 19:37:25 [32mD:/GoCode/douyin/internal/db/db.go:20
[0m[33m[0.524ms] [34;1m[rows:-][0m SELECT count(*) FROM information_schema.tables WHERE table_schema = 'douyin' AND table_name = 'comment' AND table_type = 'BASE TABLE'

2023/08/13 19:37:25 [32mD:/GoCode/douyin/internal/db/db.go:20
[0m[33m[0.000ms] [34;1m[rows:-][0m SELECT DATABASE()

2023/08/13 19:37:25 [32mD:/GoCode/douyin/internal/db/db.go:20
[0m[33m[0.504ms] [34;1m[rows:1][0m SELECT SCHEMA_NAME from Information_schema.SCHEMATA where SCHEMA_NAME LIKE 'douyin%' ORDER BY SCHEMA_NAME='douyin' DESC,SCHEMA_NAME limit 1

2023/08/13 19:37:25 [32mD:/GoCode/douyin/internal/db/db.go:20
[0m[33m[0.000ms] [34;1m[rows:-][0m SELECT * FROM `comment` LIMIT 1

2023/08/13 19:37:25 [32mD:/GoCode/douyin/internal/db/db.go:20
[0m[33m[0.756ms] [34;1m[rows:-][0m SELECT column_name, column_default, is_nullable = 'YES', data_type, character_maximum_length, column_type, column_key, extra, column_comment, numeric_precision, numeric_scale , datetime_precision FROM information_schema.columns WHERE table_schema = 'douyin' AND table_name = 'comment' ORDER BY ORDINAL_POSITION

2023/08/13 19:37:25 [32mD:/GoCode/douyin/internal/db/db.go:20
[0m[33m[0.504ms] [34;1m[rows:-][0m SELECT DATABASE()

2023/08/13 19:37:25 [32mD:/GoCode/douyin/internal/db/db.go:20
[0m[33m[0.000ms] [34;1m[rows:1][0m SELECT SCHEMA_NAME from Information_schema.SCHEMATA where SCHEMA_NAME LIKE 'douyin%' ORDER BY SCHEMA_NAME='douyin' DESC,SCHEMA_NAME limit 1

2023/08/13 19:37:25 [32mD:/GoCode/douyin/internal/db/db.go:20
[0m[33m[0.728ms] [34;1m[rows:-][0m SELECT count(*) FROM INFORMATION_SCHEMA.table_constraints WHERE constraint_schema = 'douyin' AND table_name = 'comment' AND constraint_name = 'fk_video_comment'

2023/08/13 19:37:25 [32mD:/GoCode/douyin/internal/db/db.go:20
[0m[33m[0.000ms] [34;1m[rows:-][0m SELECT DATABASE()

2023/08/13 19:37:25 [32mD:/GoCode/douyin/internal/db/db.go:20
[0m[33m[0.523ms] [34;1m[rows:1][0m SELECT SCHEMA_NAME from Information_schema.SCHEMATA where SCHEMA_NAME LIKE 'douyin%' ORDER BY SCHEMA_NAME='douyin' DESC,SCHEMA_NAME limit 1

2023/08/13 19:37:25 [32mD:/GoCode/douyin/internal/db/db.go:20
[0m[33m[0.521ms] [34;1m[rows:-][0m SELECT count(*) FROM INFORMATION_SCHEMA.table_constraints WHERE constraint_schema = 'douyin' AND table_name = 'comment' AND constraint_name = 'fk_user_comment'

2023/08/13 19:37:25 [32mD:/GoCode/douyin/internal/db/db.go:20
[0m[33m[0.000ms] [34;1m[rows:-][0m SELECT DATABASE()

2023/08/13 19:37:25 [32mD:/GoCode/douyin/internal/db/db.go:20
[0m[33m[0.607ms] [34;1m[rows:1][0m SELECT SCHEMA_NAME from Information_schema.SCHEMATA where SCHEMA_NAME LIKE 'douyin%' ORDER BY SCHEMA_NAME='douyin' DESC,SCHEMA_NAME limit 1

2023/08/13 19:37:25 [32mD:/GoCode/douyin/internal/db/db.go:20
[0m[33m[0.504ms] [34;1m[rows:-][0m SELECT count(*) FROM information_schema.statistics WHERE table_schema = 'douyin' AND table_name = 'comment' AND index_name = 'idx_uvid'

2023/08/13 19:37:25 [32mD:/GoCode/douyin/internal/db/db.go:20
[0m[33m[0.000ms] [34;1m[rows:-][0m SELECT DATABASE()

2023/08/13 19:37:25 [32mD:/GoCode/douyin/internal/db/db.go:20
[0m[33m[0.504ms] [34;1m[rows:1][0m SELECT SCHEMA_NAME from Information_schema.SCHEMATA where SCHEMA_NAME LIKE 'douyin%' ORDER BY SCHEMA_NAME='douyin' DESC,SCHEMA_NAME limit 1

2023/08/13 19:37:25 [32mD:/GoCode/douyin/internal/db/db.go:20
[0m[33m[0.000ms] [34;1m[rows:-][0m SELECT count(*) FROM information_schema.statistics WHERE table_schema = 'douyin' AND table_name = 'comment' AND index_name = 'idx_comment_reply_id'

2023/08/13 19:37:25 [32mD:/GoCode/douyin/internal/db/db.go:20
[0m[33m[0.000ms] [34;1m[rows:-][0m SELECT DATABASE()

2023/08/13 19:37:25 [32mD:/GoCode/douyin/internal/db/db.go:20
[0m[33m[0.522ms] [34;1m[rows:1][0m SELECT SCHEMA_NAME from Information_schema.SCHEMATA where SCHEMA_NAME LIKE 'douyin%' ORDER BY SCHEMA_NAME='douyin' DESC,SCHEMA_NAME limit 1

2023/08/13 19:37:25 [32mD:/GoCode/douyin/internal/db/db.go:20
[0m[33m[0.624ms] [34;1m[rows:-][0m SELECT count(*) FROM information_schema.tables WHERE table_schema = 'douyin' AND table_name = 'user' AND table_type = 'BASE TABLE'

2023/08/13 19:37:25 [32mD:/GoCode/douyin/internal/db/db.go:20
[0m[33m[0.000ms] [34;1m[rows:-][0m SELECT DATABASE()

2023/08/13 19:37:25 [32mD:/GoCode/douyin/internal/db/db.go:20
[0m[33m[0.503ms] [34;1m[rows:1][0m SELECT SCHEMA_NAME from Information_schema.SCHEMATA where SCHEMA_NAME LIKE 'douyin%' ORDER BY SCHEMA_NAME='douyin' DESC,SCHEMA_NAME limit 1

2023/08/13 19:37:25 [32mD:/GoCode/douyin/internal/db/db.go:20
[0m[33m[0.000ms] [34;1m[rows:-][0m SELECT * FROM `user` LIMIT 1

2023/08/13 19:37:25 [32mD:/GoCode/douyin/internal/db/db.go:20
[0m[33m[0.545ms] [34;1m[rows:-][0m SELECT column_name, column_default, is_nullable = 'YES', data_type, character_maximum_length, column_type, column_key, extra, column_comment, numeric_precision, numeric_scale , datetime_precision FROM information_schema.columns WHERE table_schema = 'douyin' AND table_name = 'user' ORDER BY ORDINAL_POSITION

2023/08/13 19:37:25 [32mD:/GoCode/douyin/internal/db/db.go:20
[0m[33m[0.000ms] [34;1m[rows:-][0m SELECT DATABASE()

2023/08/13 19:37:25 [32mD:/GoCode/douyin/internal/db/db.go:20
[0m[33m[0.653ms] [34;1m[rows:1][0m SELECT SCHEMA_NAME from Information_schema.SCHEMATA where SCHEMA_NAME LIKE 'douyin%' ORDER BY SCHEMA_NAME='douyin' DESC,SCHEMA_NAME limit 1

2023/08/13 19:37:25 [32mD:/GoCode/douyin/internal/db/db.go:20
[0m[33m[0.504ms] [34;1m[rows:-][0m SELECT count(*) FROM information_schema.statistics WHERE table_schema = 'douyin' AND table_name = 'user' AND index_name = 'idx_user_name'

2023/08/13 19:37:25 [32mD:/GoCode/douyin/internal/db/db.go:20
[0m[33m[0.000ms] [34;1m[rows:-][0m SELECT DATABASE()

2023/08/13 19:37:25 [32mD:/GoCode/douyin/internal/db/db.go:20
[0m[33m[0.000ms] [34;1m[rows:1][0m SELECT SCHEMA_NAME from Information_schema.SCHEMATA where SCHEMA_NAME LIKE 'douyin%' ORDER BY SCHEMA_NAME='douyin' DESC,SCHEMA_NAME limit 1

2023/08/13 19:37:25 [32mD:/GoCode/douyin/internal/db/db.go:20
[0m[33m[0.848ms] [34;1m[rows:-][0m SELECT count(*) FROM information_schema.tables WHERE table_schema = 'douyin' AND table_name = 'message' AND table_type = 'BASE TABLE'

2023/08/13 19:37:25 [32mD:/GoCode/douyin/internal/db/db.go:20
[0m[33m[0.511ms] [34;1m[rows:-][0m SELECT DATABASE()

2023/08/13 19:37:25 [32mD:/GoCode/douyin/internal/db/db.go:20
[0m[33m[0.532ms] [34;1m[rows:1][0m SELECT SCHEMA_NAME from Information_schema.SCHEMATA where SCHEMA_NAME LIKE 'douyin%' ORDER BY SCHEMA_NAME='douyin' DESC,SCHEMA_NAME limit 1

2023/08/13 19:37:25 [32mD:/GoCode/douyin/internal/db/db.go:20
[0m[33m[0.523ms] [34;1m[rows:-][0m SELECT * FROM `message` LIMIT 1

2023/08/13 19:37:25 [32mD:/GoCode/douyin/internal/db/db.go:20
[0m[33m[0.504ms] [34;1m[rows:-][0m SELECT column_name, column_default, is_nullable = 'YES', data_type, character_maximum_length, column_type, column_key, extra, column_comment, numeric_precision, numeric_scale , datetime_precision FROM information_schema.columns WHERE table_schema = 'douyin' AND table_name = 'message' ORDER BY ORDINAL_POSITION

2023/08/13 19:37:25 [32mD:/GoCode/douyin/internal/db/db.go:20
[0m[33m[0.000ms] [34;1m[rows:-][0m SELECT DATABASE()

2023/08/13 19:37:25 [32mD:/GoCode/douyin/internal/db/db.go:20
[0m[33m[0.592ms] [34;1m[rows:1][0m SELECT SCHEMA_NAME from Information_schema.SCHEMATA where SCHEMA_NAME LIKE 'douyin%' ORDER BY SCHEMA_NAME='douyin' DESC,SCHEMA_NAME limit 1

2023/08/13 19:37:25 [32mD:/GoCode/douyin/internal/db/db.go:20
[0m[33m[0.506ms] [34;1m[rows:-][0m SELECT count(*) FROM INFORMATION_SCHEMA.table_constraints WHERE constraint_schema = 'douyin' AND table_name = 'message' AND constraint_name = 'fk_message_to_user'

2023/08/13 19:37:25 [32mD:/GoCode/douyin/internal/db/db.go:20
[0m[33m[0.000ms] [34;1m[rows:-][0m SELECT DATABASE()

2023/08/13 19:37:25 [32mD:/GoCode/douyin/internal/db/db.go:20
[0m[33m[0.687ms] [34;1m[rows:1][0m SELECT SCHEMA_NAME from Information_schema.SCHEMATA where SCHEMA_NAME LIKE 'douyin%' ORDER BY SCHEMA_NAME='douyin' DESC,SCHEMA_NAME limit 1

2023/08/13 19:37:25 [32mD:/GoCode/douyin/internal/db/db.go:20
[0m[33m[0.830ms] [34;1m[rows:-][0m SELECT count(*) FROM INFORMATION_SCHEMA.table_constraints WHERE constraint_schema = 'douyin' AND table_name = 'message' AND constraint_name = 'fk_message_from_user'

2023/08/13 19:37:25 [32mD:/GoCode/douyin/internal/db/db.go:20
[0m[33m[0.000ms] [34;1m[rows:-][0m SELECT DATABASE()

2023/08/13 19:37:25 [32mD:/GoCode/douyin/internal/db/db.go:20
[0m[33m[0.587ms] [34;1m[rows:1][0m SELECT SCHEMA_NAME from Information_schema.SCHEMATA where SCHEMA_NAME LIKE 'douyin%' ORDER BY SCHEMA_NAME='douyin' DESC,SCHEMA_NAME limit 1

2023/08/13 19:37:25 [32mD:/GoCode/douyin/internal/db/db.go:20
[0m[33m[0.504ms] [34;1m[rows:-][0m SELECT count(*) FROM information_schema.tables WHERE table_schema = 'douyin' AND table_name = 'user' AND table_type = 'BASE TABLE'

2023/08/13 19:37:25 [32mD:/GoCode/douyin/internal/db/db.go:20
[0m[33m[0.000ms] [34;1m[rows:-][0m SELECT DATABASE()

2023/08/13 19:37:25 [32mD:/GoCode/douyin/internal/db/db.go:20
[0m[33m[0.665ms] [34;1m[rows:1][0m SELECT SCHEMA_NAME from Information_schema.SCHEMATA where SCHEMA_NAME LIKE 'douyin%' ORDER BY SCHEMA_NAME='douyin' DESC,SCHEMA_NAME limit 1

2023/08/13 19:37:25 [32mD:/GoCode/douyin/internal/db/db.go:20
[0m[33m[0.000ms] [34;1m[rows:-][0m SELECT * FROM `user` LIMIT 1

2023/08/13 19:37:25 [32mD:/GoCode/douyin/internal/db/db.go:20
[0m[33m[0.774ms] [34;1m[rows:-][0m SELECT column_name, column_default, is_nullable = 'YES', data_type, character_maximum_length, column_type, column_key, extra, column_comment, numeric_precision, numeric_scale , datetime_precision FROM information_schema.columns WHERE table_schema = 'douyin' AND table_name = 'user' ORDER BY ORDINAL_POSITION

2023/08/13 19:37:25 [32mD:/GoCode/douyin/internal/db/db.go:20
[0m[33m[0.000ms] [34;1m[rows:-][0m SELECT DATABASE()

2023/08/13 19:37:25 [32mD:/GoCode/douyin/internal/db/db.go:20
[0m[33m[0.519ms] [34;1m[rows:1][0m SELECT SCHEMA_NAME from Information_schema.SCHEMATA where SCHEMA_NAME LIKE 'douyin%' ORDER BY SCHEMA_NAME='douyin' DESC,SCHEMA_NAME limit 1

2023/08/13 19:37:25 [32mD:/GoCode/douyin/internal/db/db.go:20
[0m[33m[0.522ms] [34;1m[rows:-][0m SELECT count(*) FROM information_schema.statistics WHERE table_schema = 'douyin' AND table_name = 'user' AND index_name = 'idx_user_name'

2023/08/13 19:37:25 [32mD:/GoCode/douyin/internal/db/db.go:20
[0m[33m[0.000ms] [34;1m[rows:-][0m SELECT DATABASE()

2023/08/13 19:37:25 [32mD:/GoCode/douyin/internal/db/db.go:20
[0m[33m[0.609ms] [34;1m[rows:1][0m SELECT SCHEMA_NAME from Information_schema.SCHEMATA where SCHEMA_NAME LIKE 'douyin%' ORDER BY SCHEMA_NAME='douyin' DESC,SCHEMA_NAME limit 1

2023/08/13 19:37:25 [32mD:/GoCode/douyin/internal/db/db.go:20
[0m[33m[0.504ms] [34;1m[rows:-][0m SELECT count(*) FROM information_schema.tables WHERE table_schema = 'douyin' AND table_name = 'video' AND table_type = 'BASE TABLE'

2023/08/13 19:37:25 [32mD:/GoCode/douyin/internal/db/db.go:20
[0m[33m[0.000ms] [34;1m[rows:-][0m SELECT DATABASE()

2023/08/13 19:37:25 [32mD:/GoCode/douyin/internal/db/db.go:20
[0m[33m[0.591ms] [34;1m[rows:1][0m SELECT SCHEMA_NAME from Information_schema.SCHEMATA where SCHEMA_NAME LIKE 'douyin%' ORDER BY SCHEMA_NAME='douyin' DESC,SCHEMA_NAME limit 1

2023/08/13 19:37:25 [32mD:/GoCode/douyin/internal/db/db.go:20
[0m[33m[0.000ms] [34;1m[rows:-][0m SELECT * FROM `video` LIMIT 1

2023/08/13 19:37:25 [32mD:/GoCode/douyin/internal/db/db.go:20
[0m[33m[0.622ms] [34;1m[rows:-][0m SELECT column_name, column_default, is_nullable = 'YES', data_type, character_maximum_length, column_type, column_key, extra, column_comment, numeric_precision, numeric_scale , datetime_precision FROM information_schema.columns WHERE table_schema = 'douyin' AND table_name = 'video' ORDER BY ORDINAL_POSITION

2023/08/13 19:37:25 [32mD:/GoCode/douyin/internal/db/db.go:20
[0m[33m[0.000ms] [34;1m[rows:-][0m SELECT DATABASE()

2023/08/13 19:37:25 [32mD:/GoCode/douyin/internal/db/db.go:20
[0m[33m[0.521ms] [34;1m[rows:1][0m SELECT SCHEMA_NAME from Information_schema.SCHEMATA where SCHEMA_NAME LIKE 'douyin%' ORDER BY SCHEMA_NAME='douyin' DESC,SCHEMA_NAME limit 1

2023/08/13 19:37:25 [32mD:/GoCode/douyin/internal/db/db.go:20
[0m[33m[0.540ms] [34;1m[rows:-][0m SELECT count(*) FROM INFORMATION_SCHEMA.table_constraints WHERE constraint_schema = 'douyin' AND table_name = 'video' AND constraint_name = 'fk_video_author'

2023/08/13 19:37:25 [32mD:/GoCode/douyin/internal/db/db.go:20
[0m[33m[0.000ms] [34;1m[rows:-][0m SELECT DATABASE()

2023/08/13 19:37:25 [32mD:/GoCode/douyin/internal/db/db.go:20
[0m[33m[0.729ms] [34;1m[rows:1][0m SELECT SCHEMA_NAME from Information_schema.SCHEMATA where SCHEMA_NAME LIKE 'douyin%' ORDER BY SCHEMA_NAME='douyin' DESC,SCHEMA_NAME limit 1

2023/08/13 19:37:25 [32mD:/GoCode/douyin/internal/db/db.go:20
[0m[33m[0.616ms] [34;1m[rows:-][0m SELECT count(*) FROM information_schema.statistics WHERE table_schema = 'douyin' AND table_name = 'video' AND index_name = 'idx_video_author_id'

2023/08/13 19:37:25 [32mD:/GoCode/douyin/internal/db/db.go:20
[0m[33m[0.000ms] [34;1m[rows:-][0m SELECT DATABASE()

2023/08/13 19:37:25 [32mD:/GoCode/douyin/internal/db/db.go:20
[0m[33m[0.000ms] [34;1m[rows:1][0m SELECT SCHEMA_NAME from Information_schema.SCHEMATA where SCHEMA_NAME LIKE 'douyin%' ORDER BY SCHEMA_NAME='douyin' DESC,SCHEMA_NAME limit 1

2023/08/13 19:37:25 [32mD:/GoCode/douyin/internal/db/db.go:20
[0m[33m[0.685ms] [34;1m[rows:-][0m SELECT count(*) FROM information_schema.tables WHERE table_schema = 'douyin' AND table_name = 'user_creation' AND table_type = 'BASE TABLE'

2023/08/13 19:37:25 [32mD:/GoCode/douyin/internal/db/db.go:20
[0m[33m[0.000ms] [34;1m[rows:-][0m SELECT DATABASE()

2023/08/13 19:37:25 [32mD:/GoCode/douyin/internal/db/db.go:20
[0m[33m[0.504ms] [34;1m[rows:1][0m SELECT SCHEMA_NAME from Information_schema.SCHEMATA where SCHEMA_NAME LIKE 'douyin%' ORDER BY SCHEMA_NAME='douyin' DESC,SCHEMA_NAME limit 1

2023/08/13 19:37:25 [32mD:/GoCode/douyin/internal/db/db.go:20
[0m[33m[0.000ms] [34;1m[rows:-][0m SELECT * FROM `user_creation` LIMIT 1

2023/08/13 19:37:25 [32mD:/GoCode/douyin/internal/db/db.go:20
[0m[33m[1.042ms] [34;1m[rows:-][0m SELECT column_name, column_default, is_nullable = 'YES', data_type, character_maximum_length, column_type, column_key, extra, column_comment, numeric_precision, numeric_scale , datetime_precision FROM information_schema.columns WHERE table_schema = 'douyin' AND table_name = 'user_creation' ORDER BY ORDINAL_POSITION

2023/08/13 19:37:25 [32mD:/GoCode/douyin/internal/db/db.go:20
[0m[33m[0.000ms] [34;1m[rows:-][0m SELECT DATABASE()

2023/08/13 19:37:25 [32mD:/GoCode/douyin/internal/db/db.go:20
[0m[33m[0.563ms] [34;1m[rows:1][0m SELECT SCHEMA_NAME from Information_schema.SCHEMATA where SCHEMA_NAME LIKE 'douyin%' ORDER BY SCHEMA_NAME='douyin' DESC,SCHEMA_NAME limit 1

2023/08/13 19:37:25 [32mD:/GoCode/douyin/internal/db/db.go:20
[0m[33m[0.504ms] [34;1m[rows:-][0m SELECT count(*) FROM INFORMATION_SCHEMA.table_constraints WHERE constraint_schema = 'douyin' AND table_name = 'user_creation' AND constraint_name = 'fk_user_creation_video'

2023/08/13 19:37:25 [32mD:/GoCode/douyin/internal/db/db.go:20
[0m[33m[0.000ms] [34;1m[rows:-][0m SELECT DATABASE()

2023/08/13 19:37:25 [32mD:/GoCode/douyin/internal/db/db.go:20
[0m[33m[0.504ms] [34;1m[rows:1][0m SELECT SCHEMA_NAME from Information_schema.SCHEMATA where SCHEMA_NAME LIKE 'douyin%' ORDER BY SCHEMA_NAME='douyin' DESC,SCHEMA_NAME limit 1

2023/08/13 19:37:25 [32mD:/GoCode/douyin/internal/db/db.go:20
[0m[33m[0.525ms] [34;1m[rows:-][0m SELECT count(*) FROM INFORMATION_SCHEMA.table_constraints WHERE constraint_schema = 'douyin' AND table_name = 'user_creation' AND constraint_name = 'fk_user_creation_user'

2023/08/13 19:37:25 [32mD:/GoCode/douyin/internal/db/db.go:20
[0m[33m[0.000ms] [34;1m[rows:-][0m SELECT DATABASE()

2023/08/13 19:37:25 [32mD:/GoCode/douyin/internal/db/db.go:20
[0m[33m[0.504ms] [34;1m[rows:1][0m SELECT SCHEMA_NAME from Information_schema.SCHEMATA where SCHEMA_NAME LIKE 'douyin%' ORDER BY SCHEMA_NAME='douyin' DESC,SCHEMA_NAME limit 1

2023/08/13 19:37:25 [32mD:/GoCode/douyin/internal/db/db.go:20
[0m[33m[0.520ms] [34;1m[rows:-][0m SELECT count(*) FROM information_schema.tables WHERE table_schema = 'douyin' AND table_name = 'user_favorite' AND table_type = 'BASE TABLE'

2023/08/13 19:37:25 [32mD:/GoCode/douyin/internal/db/db.go:20
[0m[33m[0.000ms] [34;1m[rows:-][0m SELECT DATABASE()

2023/08/13 19:37:25 [32mD:/GoCode/douyin/internal/db/db.go:20
[0m[33m[0.504ms] [34;1m[rows:1][0m SELECT SCHEMA_NAME from Information_schema.SCHEMATA where SCHEMA_NAME LIKE 'douyin%' ORDER BY SCHEMA_NAME='douyin' DESC,SCHEMA_NAME limit 1

2023/08/13 19:37:25 [32mD:/GoCode/douyin/internal/db/db.go:20
[0m[33m[0.000ms] [34;1m[rows:-][0m SELECT * FROM `user_favorite` LIMIT 1

2023/08/13 19:37:25 [32mD:/GoCode/douyin/internal/db/db.go:20
[0m[33m[0.778ms] [34;1m[rows:-][0m SELECT column_name, column_default, is_nullable = 'YES', data_type, character_maximum_length, column_type, column_key, extra, column_comment, numeric_precision, numeric_scale , datetime_precision FROM information_schema.columns WHERE table_schema = 'douyin' AND table_name = 'user_favorite' ORDER BY ORDINAL_POSITION

2023/08/13 19:37:25 [32mD:/GoCode/douyin/internal/db/db.go:20
[0m[33m[0.000ms] [34;1m[rows:-][0m SELECT DATABASE()

2023/08/13 19:37:25 [32mD:/GoCode/douyin/internal/db/db.go:20
[0m[33m[0.000ms] [34;1m[rows:1][0m SELECT SCHEMA_NAME from Information_schema.SCHEMATA where SCHEMA_NAME LIKE 'douyin%' ORDER BY SCHEMA_NAME='douyin' DESC,SCHEMA_NAME limit 1

2023/08/13 19:37:25 [32mD:/GoCode/douyin/internal/db/db.go:20
[0m[33m[0.761ms] [34;1m[rows:-][0m SELECT count(*) FROM INFORMATION_SCHEMA.table_constraints WHERE constraint_schema = 'douyin' AND table_name = 'user_favorite' AND constraint_name = 'fk_user_favorite_video'

2023/08/13 19:37:25 [32mD:/GoCode/douyin/internal/db/db.go:20
[0m[33m[0.000ms] [34;1m[rows:-][0m SELECT DATABASE()

2023/08/13 19:37:25 [32mD:/GoCode/douyin/internal/db/db.go:20
[0m[33m[0.626ms] [34;1m[rows:1][0m SELECT SCHEMA_NAME from Information_schema.SCHEMATA where SCHEMA_NAME LIKE 'douyin%' ORDER BY SCHEMA_NAME='douyin' DESC,SCHEMA_NAME limit 1

2023/08/13 19:37:25 [32mD:/GoCode/douyin/internal/db/db.go:20
[0m[33m[0.504ms] [34;1m[rows:-][0m SELECT count(*) FROM INFORMATION_SCHEMA.table_constraints WHERE constraint_schema = 'douyin' AND table_name = 'user_favorite' AND constraint_name = 'fk_user_favorite_user'

2023/08/13 19:37:25 [32mD:/GoCode/douyin/internal/db/db.go:20
[0m[33m[0.000ms] [34;1m[rows:-][0m SELECT DATABASE()

2023/08/13 19:37:25 [32mD:/GoCode/douyin/internal/db/db.go:20
[0m[33m[0.504ms] [34;1m[rows:1][0m SELECT SCHEMA_NAME from Information_schema.SCHEMATA where SCHEMA_NAME LIKE 'douyin%' ORDER BY SCHEMA_NAME='douyin' DESC,SCHEMA_NAME limit 1

2023/08/13 19:37:25 [32mD:/GoCode/douyin/internal/db/db.go:20
[0m[33m[0.526ms] [34;1m[rows:-][0m SELECT count(*) FROM information_schema.tables WHERE table_schema = 'douyin' AND table_name = 'user_follow' AND table_type = 'BASE TABLE'

2023/08/13 19:37:25 [32mD:/GoCode/douyin/internal/db/db.go:20
[0m[33m[0.000ms] [34;1m[rows:-][0m SELECT DATABASE()

2023/08/13 19:37:25 [32mD:/GoCode/douyin/internal/db/db.go:20
[0m[33m[0.577ms] [34;1m[rows:1][0m SELECT SCHEMA_NAME from Information_schema.SCHEMATA where SCHEMA_NAME LIKE 'douyin%' ORDER BY SCHEMA_NAME='douyin' DESC,SCHEMA_NAME limit 1

2023/08/13 19:37:25 [32mD:/GoCode/douyin/internal/db/db.go:20
[0m[33m[0.000ms] [34;1m[rows:-][0m SELECT * FROM `user_follow` LIMIT 1

2023/08/13 19:37:25 [32mD:/GoCode/douyin/internal/db/db.go:20
[0m[33m[0.661ms] [34;1m[rows:-][0m SELECT column_name, column_default, is_nullable = 'YES', data_type, character_maximum_length, column_type, column_key, extra, column_comment, numeric_precision, numeric_scale , datetime_precision FROM information_schema.columns WHERE table_schema = 'douyin' AND table_name = 'user_follow' ORDER BY ORDINAL_POSITION

2023/08/13 19:37:25 [32mD:/GoCode/douyin/internal/db/db.go:20
[0m[33m[0.000ms] [34;1m[rows:-][0m SELECT DATABASE()

2023/08/13 19:37:25 [32mD:/GoCode/douyin/internal/db/db.go:20
[0m[33m[0.000ms] [34;1m[rows:1][0m SELECT SCHEMA_NAME from Information_schema.SCHEMATA where SCHEMA_NAME LIKE 'douyin%' ORDER BY SCHEMA_NAME='douyin' DESC,SCHEMA_NAME limit 1

2023/08/13 19:37:25 [32mD:/GoCode/douyin/internal/db/db.go:20
[0m[33m[0.761ms] [34;1m[rows:-][0m SELECT count(*) FROM INFORMATION_SCHEMA.table_constraints WHERE constraint_schema = 'douyin' AND table_name = 'user_follow' AND constraint_name = 'fk_user_follow_user'

2023/08/13 19:37:25 [32mD:/GoCode/douyin/internal/db/db.go:20
[0m[33m[0.000ms] [34;1m[rows:-][0m SELECT DATABASE()

2023/08/13 19:37:25 [32mD:/GoCode/douyin/internal/db/db.go:20
[0m[33m[0.684ms] [34;1m[rows:1][0m SELECT SCHEMA_NAME from Information_schema.SCHEMATA where SCHEMA_NAME LIKE 'douyin%' ORDER BY SCHEMA_NAME='douyin' DESC,SCHEMA_NAME limit 1

2023/08/13 19:37:25 [32mD:/GoCode/douyin/internal/db/db.go:20
[0m[33m[0.598ms] [34;1m[rows:-][0m SELECT count(*) FROM INFORMATION_SCHEMA.table_constraints WHERE constraint_schema = 'douyin' AND table_name = 'user_follow' AND constraint_name = 'fk_user_follow_follow'

2023/08/13 19:37:25 [32mD:/GoCode/douyin/internal/db/db.go:20
[0m[33m[0.000ms] [34;1m[rows:-][0m SELECT DATABASE()

2023/08/13 19:37:25 [32mD:/GoCode/douyin/internal/db/db.go:20
[0m[33m[0.504ms] [34;1m[rows:1][0m SELECT SCHEMA_NAME from Information_schema.SCHEMATA where SCHEMA_NAME LIKE 'douyin%' ORDER BY SCHEMA_NAME='douyin' DESC,SCHEMA_NAME limit 1

2023/08/13 19:37:25 [32mD:/GoCode/douyin/internal/db/db.go:20
[0m[33m[0.740ms] [34;1m[rows:-][0m SELECT count(*) FROM information_schema.tables WHERE table_schema = 'douyin' AND table_name = 'user_creation' AND table_type = 'BASE TABLE'

2023/08/13 19:37:25 [32mD:/GoCode/douyin/internal/db/db.go:20
[0m[33m[0.000ms] [34;1m[rows:-][0m SELECT DATABASE()

2023/08/13 19:37:25 [32mD:/GoCode/douyin/internal/db/db.go:20
[0m[33m[0.573ms] [34;1m[rows:1][0m SELECT SCHEMA_NAME from Information_schema.SCHEMATA where SCHEMA_NAME LIKE 'douyin%' ORDER BY SCHEMA_NAME='douyin' DESC,SCHEMA_NAME limit 1

2023/08/13 19:37:25 [32mD:/GoCode/douyin/internal/db/db.go:20
[0m[33m[0.000ms] [34;1m[rows:-][0m SELECT * FROM `user_creation` LIMIT 1

2023/08/13 19:37:25 [32mD:/GoCode/douyin/internal/db/db.go:20
[0m[33m[0.652ms] [34;1m[rows:-][0m SELECT column_name, column_default, is_nullable = 'YES', data_type, character_maximum_length, column_type, column_key, extra, column_comment, numeric_precision, numeric_scale , datetime_precision FROM information_schema.columns WHERE table_schema = 'douyin' AND table_name = 'user_creation' ORDER BY ORDINAL_POSITION

2023/08/13 19:37:25 [32mD:/GoCode/douyin/internal/db/db.go:20
[0m[33m[0.000ms] [34;1m[rows:-][0m SELECT DATABASE()

2023/08/13 19:37:25 [32mD:/GoCode/douyin/internal/db/db.go:20
[0m[33m[0.000ms] [34;1m[rows:1][0m SELECT SCHEMA_NAME from Information_schema.SCHEMATA where SCHEMA_NAME LIKE 'douyin%' ORDER BY SCHEMA_NAME='douyin' DESC,SCHEMA_NAME limit 1

2023/08/13 19:37:25 [32mD:/GoCode/douyin/internal/db/db.go:20
[0m[33m[0.795ms] [34;1m[rows:-][0m SELECT count(*) FROM information_schema.tables WHERE table_schema = 'douyin' AND table_name = 'user' AND table_type = 'BASE TABLE'

2023/08/13 19:37:25 [32mD:/GoCode/douyin/internal/db/db.go:20
[0m[33m[0.000ms] [34;1m[rows:-][0m SELECT DATABASE()

2023/08/13 19:37:25 [32mD:/GoCode/douyin/internal/db/db.go:20
[0m[33m[0.598ms] [34;1m[rows:1][0m SELECT SCHEMA_NAME from Information_schema.SCHEMATA where SCHEMA_NAME LIKE 'douyin%' ORDER BY SCHEMA_NAME='douyin' DESC,SCHEMA_NAME limit 1

2023/08/13 19:37:25 [32mD:/GoCode/douyin/internal/db/db.go:20
[0m[33m[0.000ms] [34;1m[rows:-][0m SELECT * FROM `user` LIMIT 1

2023/08/13 19:37:25 [32mD:/GoCode/douyin/internal/db/db.go:20
[0m[33m[0.730ms] [34;1m[rows:-][0m SELECT column_name, column_default, is_nullable = 'YES', data_type, character_maximum_length, column_type, column_key, extra, column_comment, numeric_precision, numeric_scale , datetime_precision FROM information_schema.columns WHERE table_schema = 'douyin' AND table_name = 'user' ORDER BY ORDINAL_POSITION

2023/08/13 19:37:25 [32mD:/GoCode/douyin/internal/db/db.go:20
[0m[33m[0.000ms] [34;1m[rows:-][0m SELECT DATABASE()

2023/08/13 19:37:25 [32mD:/GoCode/douyin/internal/db/db.go:20
[0m[33m[0.000ms] [34;1m[rows:1][0m SELECT SCHEMA_NAME from Information_schema.SCHEMATA where SCHEMA_NAME LIKE 'douyin%' ORDER BY SCHEMA_NAME='douyin' DESC,SCHEMA_NAME limit 1

2023/08/13 19:37:25 [32mD:/GoCode/douyin/internal/db/db.go:20
[0m[33m[0.524ms] [34;1m[rows:-][0m SELECT count(*) FROM information_schema.statistics WHERE table_schema = 'douyin' AND table_name = 'user' AND index_name = 'idx_user_name'

2023/08/13 19:37:25 [32mD:/GoCode/douyin/internal/db/db.go:20
[0m[33m[0.000ms] [34;1m[rows:-][0m SELECT DATABASE()

2023/08/13 19:37:25 [32mD:/GoCode/douyin/internal/db/db.go:20
[0m[33m[0.711ms] [34;1m[rows:1][0m SELECT SCHEMA_NAME from Information_schema.SCHEMATA where SCHEMA_NAME LIKE 'douyin%' ORDER BY SCHEMA_NAME='douyin' DESC,SCHEMA_NAME limit 1

2023/08/13 19:37:25 [32mD:/GoCode/douyin/internal/db/db.go:20
[0m[33m[0.704ms] [34;1m[rows:-][0m SELECT count(*) FROM information_schema.tables WHERE table_schema = 'douyin' AND table_name = 'video' AND table_type = 'BASE TABLE'

2023/08/13 19:37:25 [32mD:/GoCode/douyin/internal/db/db.go:20
[0m[33m[0.000ms] [34;1m[rows:-][0m SELECT DATABASE()

2023/08/13 19:37:25 [32mD:/GoCode/douyin/internal/db/db.go:20
[0m[33m[0.504ms] [34;1m[rows:1][0m SELECT SCHEMA_NAME from Information_schema.SCHEMATA where SCHEMA_NAME LIKE 'douyin%' ORDER BY SCHEMA_NAME='douyin' DESC,SCHEMA_NAME limit 1

2023/08/13 19:37:25 [32mD:/GoCode/douyin/internal/db/db.go:20
[0m[33m[0.000ms] [34;1m[rows:-][0m SELECT * FROM `video` LIMIT 1

2023/08/13 19:37:25 [32mD:/GoCode/douyin/internal/db/db.go:20
[0m[33m[1.047ms] [34;1m[rows:-][0m SELECT column_name, column_default, is_nullable = 'YES', data_type, character_maximum_length, column_type, column_key, extra, column_comment, numeric_precision, numeric_scale , datetime_precision FROM information_schema.columns WHERE table_schema = 'douyin' AND table_name = 'video' ORDER BY ORDINAL_POSITION

2023/08/13 19:37:25 [32mD:/GoCode/douyin/internal/db/db.go:20
[0m[33m[0.000ms] [34;1m[rows:-][0m SELECT DATABASE()

2023/08/13 19:37:25 [32mD:/GoCode/douyin/internal/db/db.go:20
[0m[33m[0.504ms] [34;1m[rows:1][0m SELECT SCHEMA_NAME from Information_schema.SCHEMATA where SCHEMA_NAME LIKE 'douyin%' ORDER BY SCHEMA_NAME='douyin' DESC,SCHEMA_NAME limit 1

2023/08/13 19:37:25 [32mD:/GoCode/douyin/internal/db/db.go:20
[0m[33m[0.632ms] [34;1m[rows:-][0m SELECT count(*) FROM INFORMATION_SCHEMA.table_constraints WHERE constraint_schema = 'douyin' AND table_name = 'video' AND constraint_name = 'fk_video_author'

2023/08/13 19:37:25 [32mD:/GoCode/douyin/internal/db/db.go:20
[0m[33m[0.000ms] [34;1m[rows:-][0m SELECT DATABASE()

2023/08/13 19:37:25 [32mD:/GoCode/douyin/internal/db/db.go:20
[0m[33m[0.608ms] [34;1m[rows:1][0m SELECT SCHEMA_NAME from Information_schema.SCHEMATA where SCHEMA_NAME LIKE 'douyin%' ORDER BY SCHEMA_NAME='douyin' DESC,SCHEMA_NAME limit 1

2023/08/13 19:37:25 [32mD:/GoCode/douyin/internal/db/db.go:20
[0m[33m[0.504ms] [34;1m[rows:-][0m SELECT count(*) FROM information_schema.statistics WHERE table_schema = 'douyin' AND table_name = 'video' AND index_name = 'idx_video_author_id'

2023/08/13 19:37:25 [32mD:/GoCode/douyin/internal/db/db.go:20
[0m[33m[0.000ms] [34;1m[rows:-][0m SELECT DATABASE()

2023/08/13 19:37:25 [32mD:/GoCode/douyin/internal/db/db.go:20
[0m[33m[0.628ms] [34;1m[rows:1][0m SELECT SCHEMA_NAME from Information_schema.SCHEMATA where SCHEMA_NAME LIKE 'douyin%' ORDER BY SCHEMA_NAME='douyin' DESC,SCHEMA_NAME limit 1

2023/08/13 19:37:25 [32mD:/GoCode/douyin/internal/db/db.go:20
[0m[33m[0.504ms] [34;1m[rows:-][0m SELECT count(*) FROM information_schema.tables WHERE table_schema = 'douyin' AND table_name = 'user_creation' AND table_type = 'BASE TABLE'

2023/08/13 19:37:25 [32mD:/GoCode/douyin/internal/db/db.go:20
[0m[33m[0.000ms] [34;1m[rows:-][0m SELECT DATABASE()

2023/08/13 19:37:25 [32mD:/GoCode/douyin/internal/db/db.go:20
[0m[33m[0.523ms] [34;1m[rows:1][0m SELECT SCHEMA_NAME from Information_schema.SCHEMATA where SCHEMA_NAME LIKE 'douyin%' ORDER BY SCHEMA_NAME='douyin' DESC,SCHEMA_NAME limit 1

2023/08/13 19:37:25 [32mD:/GoCode/douyin/internal/db/db.go:20
[0m[33m[0.000ms] [34;1m[rows:-][0m SELECT * FROM `user_creation` LIMIT 1

2023/08/13 19:37:25 [32mD:/GoCode/douyin/internal/db/db.go:20
[0m[33m[0.828ms] [34;1m[rows:-][0m SELECT column_name, column_default, is_nullable = 'YES', data_type, character_maximum_length, column_type, column_key, extra, column_comment, numeric_precision, numeric_scale , datetime_precision FROM information_schema.columns WHERE table_schema = 'douyin' AND table_name = 'user_creation' ORDER BY ORDINAL_POSITION

2023/08/13 19:37:25 [32mD:/GoCode/douyin/internal/db/db.go:20
[0m[33m[0.504ms] [34;1m[rows:-][0m SELECT DATABASE()

2023/08/13 19:37:25 [32mD:/GoCode/douyin/internal/db/db.go:20
[0m[33m[0.000ms] [34;1m[rows:1][0m SELECT SCHEMA_NAME from Information_schema.SCHEMATA where SCHEMA_NAME LIKE 'douyin%' ORDER BY SCHEMA_NAME='douyin' DESC,SCHEMA_NAME limit 1

2023/08/13 19:37:25 [32mD:/GoCode/douyin/internal/db/db.go:20
[0m[33m[0.681ms] [34;1m[rows:-][0m SELECT count(*) FROM INFORMATION_SCHEMA.table_constraints WHERE constraint_schema = 'douyin' AND table_name = 'user_creation' AND constraint_name = 'fk_user_creation_user'

2023/08/13 19:37:25 [32mD:/GoCode/douyin/internal/db/db.go:20
[0m[33m[0.000ms] [34;1m[rows:-][0m SELECT DATABASE()

2023/08/13 19:37:25 [32mD:/GoCode/douyin/internal/db/db.go:20
[0m[33m[0.659ms] [34;1m[rows:1][0m SELECT SCHEMA_NAME from Information_schema.SCHEMATA where SCHEMA_NAME LIKE 'douyin%' ORDER BY SCHEMA_NAME='douyin' DESC,SCHEMA_NAME limit 1

2023/08/13 19:37:25 [32mD:/GoCode/douyin/internal/db/db.go:20
[0m[33m[0.504ms] [34;1m[rows:-][0m SELECT count(*) FROM INFORMATION_SCHEMA.table_constraints WHERE constraint_schema = 'douyin' AND table_name = 'user_creation' AND constraint_name = 'fk_user_creation_video'

2023/08/13 19:37:25 [32mD:/GoCode/douyin/internal/db/db.go:20
[0m[33m[0.000ms] [34;1m[rows:-][0m SELECT DATABASE()

2023/08/13 19:37:25 [32mD:/GoCode/douyin/internal/db/db.go:20
[0m[33m[0.594ms] [34;1m[rows:1][0m SELECT SCHEMA_NAME from Information_schema.SCHEMATA where SCHEMA_NAME LIKE 'douyin%' ORDER BY SCHEMA_NAME='douyin' DESC,SCHEMA_NAME limit 1

2023/08/13 19:37:25 [32mD:/GoCode/douyin/internal/db/db.go:20
[0m[33m[0.504ms] [34;1m[rows:-][0m SELECT count(*) FROM information_schema.tables WHERE table_schema = 'douyin' AND table_name = 'user_favorite' AND table_type = 'BASE TABLE'

2023/08/13 19:37:25 [32mD:/GoCode/douyin/internal/db/db.go:20
[0m[33m[0.000ms] [34;1m[rows:-][0m SELECT DATABASE()

2023/08/13 19:37:25 [32mD:/GoCode/douyin/internal/db/db.go:20
[0m[33m[0.575ms] [34;1m[rows:1][0m SELECT SCHEMA_NAME from Information_schema.SCHEMATA where SCHEMA_NAME LIKE 'douyin%' ORDER BY SCHEMA_NAME='douyin' DESC,SCHEMA_NAME limit 1

2023/08/13 19:37:25 [32mD:/GoCode/douyin/internal/db/db.go:20
[0m[33m[0.000ms] [34;1m[rows:-][0m SELECT * FROM `user_favorite` LIMIT 1

2023/08/13 19:37:25 [32mD:/GoCode/douyin/internal/db/db.go:20
[0m[33m[0.731ms] [34;1m[rows:-][0m SELECT column_name, column_default, is_nullable = 'YES', data_type, character_maximum_length, column_type, column_key, extra, column_comment, numeric_precision, numeric_scale , datetime_precision FROM information_schema.columns WHERE table_schema = 'douyin' AND table_name = 'user_favorite' ORDER BY ORDINAL_POSITION

2023/08/13 19:37:25 [32mD:/GoCode/douyin/internal/db/db.go:20
[0m[33m[0.000ms] [34;1m[rows:-][0m SELECT DATABASE()

2023/08/13 19:37:25 [32mD:/GoCode/douyin/internal/db/db.go:20
[0m[33m[0.504ms] [34;1m[rows:1][0m SELECT SCHEMA_NAME from Information_schema.SCHEMATA where SCHEMA_NAME LIKE 'douyin%' ORDER BY SCHEMA_NAME='douyin' DESC,SCHEMA_NAME limit 1

2023/08/13 19:37:25 [32mD:/GoCode/douyin/internal/db/db.go:20
[0m[33m[0.654ms] [34;1m[rows:-][0m SELECT count(*) FROM INFORMATION_SCHEMA.table_constraints WHERE constraint_schema = 'douyin' AND table_name = 'user_favorite' AND constraint_name = 'fk_user_favorite_user'

2023/08/13 19:37:25 [32mD:/GoCode/douyin/internal/db/db.go:20
[0m[33m[0.000ms] [34;1m[rows:-][0m SELECT DATABASE()

2023/08/13 19:37:25 [32mD:/GoCode/douyin/internal/db/db.go:20
[0m[33m[0.646ms] [34;1m[rows:1][0m SELECT SCHEMA_NAME from Information_schema.SCHEMATA where SCHEMA_NAME LIKE 'douyin%' ORDER BY SCHEMA_NAME='douyin' DESC,SCHEMA_NAME limit 1

2023/08/13 19:37:25 [32mD:/GoCode/douyin/internal/db/db.go:20
[0m[33m[0.504ms] [34;1m[rows:-][0m SELECT count(*) FROM INFORMATION_SCHEMA.table_constraints WHERE constraint_schema = 'douyin' AND table_name = 'user_favorite' AND constraint_name = 'fk_user_favorite_video'
[36mINFO[0m[2023-08-13 19:37:25] 初始化 Database 成功!                             
[36mINFO[0m[2023-08-13 19:37:25] 开始初始化 Redis 服务!                              

2023/08/13 19:37:25 [32mD:/GoCode/douyin/internal/db/db.go:34
[0m[33m[0.000ms] [34;1m[rows:0][0m SELECT `id` FROM `video` WHERE `video`.`deleted_at` IS NULL
[36mINFO[0m[2023-08-13 19:37:25] 初始化 Redis 成功!                                
[GIN-debug] [WARNING] Running in "debug" mode. Switch to "release" mode in production.
 - using env:	export GIN_MODE=release
 - using code:	gin.SetMode(gin.ReleaseMode)

[GIN-debug] GET    /ping                     --> github.com/Godvictory/douyin/server.Init.func1 (4 handlers)
[GIN-debug] GET    /douyin/feed              --> github.com/Godvictory/douyin/server.decorator.func1.1 (4 handlers)
[GIN-debug] POST   /douyin/publish/action/   --> github.com/Godvictory/douyin/server.decorator.func1.1 (4 handlers)
[GIN-debug] POST   /douyin/publish/actionUrl/ --> github.com/Godvictory/douyin/server.decorator.func1.1 (5 handlers)
[GIN-debug] GET    /douyin/publish/list/     --> github.com/Godvictory/douyin/server.decorator.func1.1 (4 handlers)
[GIN-debug] POST   /douyin/user/register/    --> github.com/Godvictory/douyin/server.decorator.func1.1 (4 handlers)
[GIN-debug] POST   /douyin/user/login/       --> github.com/Godvictory/douyin/server.decorator.func1.1 (4 handlers)
[GIN-debug] GET    /douyin/user/             --> github.com/Godvictory/douyin/server.decorator.func1.1 (4 handlers)
[GIN-debug] POST   /douyin/favorite/action/  --> github.com/Godvictory/douyin/server.decorator.func1.1 (4 handlers)
[GIN-debug] GET    /douyin/favorite/list/    --> github.com/Godvictory/douyin/server.decorator.func1.1 (4 handlers)
[GIN-debug] POST   /douyin/comment/action/   --> github.com/Godvictory/douyin/server.decorator.func1.1 (4 handlers)
[GIN-debug] GET    /douyin/comment/list/     --> github.com/Godvictory/douyin/server.decorator.func1.1 (4 handlers)
[GIN-debug] POST   /douyin/relation/action/  --> github.com/Godvictory/douyin/server.decorator.func1.1 (4 handlers)
[GIN-debug] GET    /douyin/relation/follow/list/ --> github.com/Godvictory/douyin/server.decorator.func1.1 (4 handlers)
[GIN-debug] GET    /douyin/relation/follower/list/ --> github.com/Godvictory/douyin/server.decorator.func1.1 (4 handlers)
[GIN-debug] GET    /douyin/relation/friend/list/ --> github.com/Godvictory/douyin/server.decorator.func1.1 (4 handlers)
[GIN-debug] GET    /douyin/message/chat/     --> github.com/Godvictory/douyin/server.decorator.func1.1 (4 handlers)
[GIN-debug] POST   /douyin/message/action/   --> github.com/Godvictory/douyin/server.decorator.func1.1 (4 handlers)
[36mINFO[0m[2023-08-13 19:37:25] 启动服务器 @ 0.0.0.0:23724                        

2023/08/13 19:37:38 [32mD:/GoCode/douyin/internal/model/user.go:71
[0m[33m[0.000ms] [34;1m[rows:0][0m SELECT * FROM `user_follow` WHERE follow_id = 3383812325826702086 AND user_id = NULL LIMIT 1

2023/08/13 19:37:38 [32mD:/GoCode/douyin/internal/model/user.go:131
[0m[33m[0.000ms] [34;1m[rows:1][0m SELECT count(*) FROM `user_creation` JOIN `user_favorite` ON `user_creation`.`video_id` = `user_favorite`.`video_id` WHERE `user_creation`.`user_id` = 3383812325826702086

2023/08/13 19:37:38 [32mD:/GoCode/douyin/internal/model/user.go:137
[0m[33m[0.525ms] [34;1m[rows:1][0m SELECT count(*) FROM `user_favorite` WHERE user_id = 3383812325826702086

2023/08/13 19:37:38 [32mD:/GoCode/douyin/internal/db/user.go:28
[0m[33m[1.719ms] [34;1m[rows:1][0m SELECT * FROM `user` WHERE name = 'q123we2e423' AND `user`.`deleted_at` IS NULL
[36mINFO[0m[2023-08-13 19:37:38] "POST /douyin/user/login/ Code:0 (74ms)"      [36mclientIP[0m=127.0.0.1 [36mdataLength[0m=276 [36mfields.msg[0m=<nil> [36mhostname[0m=acer_yjy [36mreferer[0m= [36mstatusCode[0m=200

2023/08/13 19:37:39 [32mD:/GoCode/douyin/internal/model/user.go:71
[0m[33m[0.000ms] [34;1m[rows:0][0m SELECT * FROM `user_follow` WHERE follow_id = 3383812325826702086 AND user_id = NULL LIMIT 1

2023/08/13 19:37:39 [32mD:/GoCode/douyin/internal/model/user.go:131
[0m[33m[0.577ms] [34;1m[rows:1][0m SELECT count(*) FROM `user_creation` JOIN `user_favorite` ON `user_creation`.`video_id` = `user_favorite`.`video_id` WHERE `user_creation`.`user_id` = 3383812325826702086

2023/08/13 19:37:39 [32mD:/GoCode/douyin/internal/model/user.go:137
[0m[33m[0.000ms] [34;1m[rows:1][0m SELECT count(*) FROM `user_favorite` WHERE user_id = 3383812325826702086

2023/08/13 19:37:39 [32mD:/GoCode/douyin/internal/db/user.go:28
[0m[33m[2.259ms] [34;1m[rows:1][0m SELECT * FROM `user` WHERE name = 'q123we2e423' AND `user`.`deleted_at` IS NULL
[36mINFO[0m[2023-08-13 19:37:39] "POST /douyin/user/login/ Code:0 (48ms)"      [36mclientIP[0m=127.0.0.1 [36mdataLength[0m=276 [36mfields.msg[0m=<nil> [36mhostname[0m=acer_yjy [36mreferer[0m= [36mstatusCode[0m=200

2023/08/13 19:37:40 [32mD:/GoCode/douyin/internal/model/user.go:71
[0m[33m[0.000ms] [34;1m[rows:0][0m SELECT * FROM `user_follow` WHERE follow_id = 3383812325826702086 AND user_id = NULL LIMIT 1

2023/08/13 19:37:40 [32mD:/GoCode/douyin/internal/model/user.go:131
[0m[33m[0.000ms] [34;1m[rows:1][0m SELECT count(*) FROM `user_creation` JOIN `user_favorite` ON `user_creation`.`video_id` = `user_favorite`.`video_id` WHERE `user_creation`.`user_id` = 3383812325826702086

2023/08/13 19:37:40 [32mD:/GoCode/douyin/internal/model/user.go:137
[0m[33m[0.631ms] [34;1m[rows:1][0m SELECT count(*) FROM `user_favorite` WHERE user_id = 3383812325826702086

2023/08/13 19:37:40 [32mD:/GoCode/douyin/internal/db/user.go:28
[0m[33m[2.736ms] [34;1m[rows:1][0m SELECT * FROM `user` WHERE name = 'q123we2e423' AND `user`.`deleted_at` IS NULL
[36mINFO[0m[2023-08-13 19:37:40] "POST /douyin/user/login/ Code:0 (70ms)"      [36mclientIP[0m=127.0.0.1 [36mdataLength[0m=276 [36mfields.msg[0m=<nil> [36mhostname[0m=acer_yjy [36mreferer[0m= [36mstatusCode[0m=200
[36mINFO[0m[2023-08-14 11:25:03] Shutdown Server ...                          
[36mINFO[0m[2023-08-14 11:25:03] Server exiting                               
[36mINFO[0m[2023-08-17 13:27:02] 当前程序运行路径: D:\GoCode\douyin                   
[36mINFO[0m[2023-08-17 13:27:02] 初始化 logrus 成功!                               
[36mINFO[0m[2023-08-17 13:27:02] 开始初始化 Database 服务!                           

2023/08/17 13:27:02 [32mD:/GoCode/douyin/internal/db/db.go:20
[0m[33m[0.000ms] [34;1m[rows:-][0m SELECT DATABASE()

2023/08/17 13:27:02 [32mD:/GoCode/douyin/internal/db/db.go:20
[0m[33m[1.220ms] [34;1m[rows:1][0m SELECT SCHEMA_NAME from Information_schema.SCHEMATA where SCHEMA_NAME LIKE 'douyin%' ORDER BY SCHEMA_NAME='douyin' DESC,SCHEMA_NAME limit 1

2023/08/17 13:27:02 [32mD:/GoCode/douyin/internal/db/db.go:20
[0m[33m[1.917ms] [34;1m[rows:-][0m SELECT count(*) FROM information_schema.tables WHERE table_schema = 'douyin' AND table_name = 'user' AND table_type = 'BASE TABLE'

2023/08/17 13:27:02 [32mD:/GoCode/douyin/internal/db/db.go:20
[0m[33m[0.000ms] [34;1m[rows:-][0m SELECT DATABASE()

2023/08/17 13:27:02 [32mD:/GoCode/douyin/internal/db/db.go:20
[0m[33m[0.684ms] [34;1m[rows:1][0m SELECT SCHEMA_NAME from Information_schema.SCHEMATA where SCHEMA_NAME LIKE 'douyin%' ORDER BY SCHEMA_NAME='douyin' DESC,SCHEMA_NAME limit 1

2023/08/17 13:27:02 [32mD:/GoCode/douyin/internal/db/db.go:20
[0m[33m[0.000ms] [34;1m[rows:-][0m SELECT * FROM `user` LIMIT 1

2023/08/17 13:27:02 [32mD:/GoCode/douyin/internal/db/db.go:20
[0m[33m[1.359ms] [34;1m[rows:-][0m SELECT column_name, column_default, is_nullable = 'YES', data_type, character_maximum_length, column_type, column_key, extra, column_comment, numeric_precision, numeric_scale , datetime_precision FROM information_schema.columns WHERE table_schema = 'douyin' AND table_name = 'user' ORDER BY ORDINAL_POSITION

2023/08/17 13:27:02 [32mD:/GoCode/douyin/internal/db/db.go:20
[0m[33m[0.000ms] [34;1m[rows:-][0m SELECT DATABASE()

2023/08/17 13:27:02 [32mD:/GoCode/douyin/internal/db/db.go:20
[0m[33m[0.698ms] [34;1m[rows:1][0m SELECT SCHEMA_NAME from Information_schema.SCHEMATA where SCHEMA_NAME LIKE 'douyin%' ORDER BY SCHEMA_NAME='douyin' DESC,SCHEMA_NAME limit 1

2023/08/17 13:27:02 [32mD:/GoCode/douyin/internal/db/db.go:20
[0m[33m[0.712ms] [34;1m[rows:-][0m SELECT count(*) FROM information_schema.statistics WHERE table_schema = 'douyin' AND table_name = 'user' AND index_name = 'idx_user_name'

2023/08/17 13:27:02 [32mD:/GoCode/douyin/internal/db/db.go:20
[0m[33m[0.000ms] [34;1m[rows:-][0m SELECT DATABASE()

2023/08/17 13:27:02 [32mD:/GoCode/douyin/internal/db/db.go:20
[0m[33m[0.580ms] [34;1m[rows:1][0m SELECT SCHEMA_NAME from Information_schema.SCHEMATA where SCHEMA_NAME LIKE 'douyin%' ORDER BY SCHEMA_NAME='douyin' DESC,SCHEMA_NAME limit 1

2023/08/17 13:27:02 [32mD:/GoCode/douyin/internal/db/db.go:20
[0m[33m[0.504ms] [34;1m[rows:-][0m SELECT count(*) FROM information_schema.tables WHERE table_schema = 'douyin' AND table_name = 'video' AND table_type = 'BASE TABLE'

2023/08/17 13:27:02 [32mD:/GoCode/douyin/internal/db/db.go:20
[0m[33m[0.000ms] [34;1m[rows:-][0m SELECT DATABASE()

2023/08/17 13:27:02 [32mD:/GoCode/douyin/internal/db/db.go:20
[0m[33m[0.504ms] [34;1m[rows:1][0m SELECT SCHEMA_NAME from Information_schema.SCHEMATA where SCHEMA_NAME LIKE 'douyin%' ORDER BY SCHEMA_NAME='douyin' DESC,SCHEMA_NAME limit 1

2023/08/17 13:27:02 [32mD:/GoCode/douyin/internal/db/db.go:20
[0m[33m[0.000ms] [34;1m[rows:-][0m SELECT * FROM `video` LIMIT 1

2023/08/17 13:27:02 [32mD:/GoCode/douyin/internal/db/db.go:20
[0m[33m[0.839ms] [34;1m[rows:-][0m SELECT column_name, column_default, is_nullable = 'YES', data_type, character_maximum_length, column_type, column_key, extra, column_comment, numeric_precision, numeric_scale , datetime_precision FROM information_schema.columns WHERE table_schema = 'douyin' AND table_name = 'video' ORDER BY ORDINAL_POSITION

2023/08/17 13:27:02 [32mD:/GoCode/douyin/internal/db/db.go:20
[0m[33m[0.000ms] [34;1m[rows:-][0m SELECT DATABASE()

2023/08/17 13:27:02 [32mD:/GoCode/douyin/internal/db/db.go:20
[0m[33m[0.671ms] [34;1m[rows:1][0m SELECT SCHEMA_NAME from Information_schema.SCHEMATA where SCHEMA_NAME LIKE 'douyin%' ORDER BY SCHEMA_NAME='douyin' DESC,SCHEMA_NAME limit 1

2023/08/17 13:27:02 [32mD:/GoCode/douyin/internal/db/db.go:20
[0m[33m[0.503ms] [34;1m[rows:-][0m SELECT count(*) FROM INFORMATION_SCHEMA.table_constraints WHERE constraint_schema = 'douyin' AND table_name = 'video' AND constraint_name = 'fk_video_author'

2023/08/17 13:27:02 [32mD:/GoCode/douyin/internal/db/db.go:20
[0m[33m[0.000ms] [34;1m[rows:-][0m SELECT DATABASE()

2023/08/17 13:27:02 [32mD:/GoCode/douyin/internal/db/db.go:20
[0m[33m[0.570ms] [34;1m[rows:1][0m SELECT SCHEMA_NAME from Information_schema.SCHEMATA where SCHEMA_NAME LIKE 'douyin%' ORDER BY SCHEMA_NAME='douyin' DESC,SCHEMA_NAME limit 1

2023/08/17 13:27:02 [32mD:/GoCode/douyin/internal/db/db.go:20
[0m[33m[0.504ms] [34;1m[rows:-][0m SELECT count(*) FROM information_schema.statistics WHERE table_schema = 'douyin' AND table_name = 'video' AND index_name = 'idx_video_author_id'

2023/08/17 13:27:02 [32mD:/GoCode/douyin/internal/db/db.go:20
[0m[33m[0.000ms] [34;1m[rows:-][0m SELECT DATABASE()

2023/08/17 13:27:02 [32mD:/GoCode/douyin/internal/db/db.go:20
[0m[33m[0.000ms] [34;1m[rows:1][0m SELECT SCHEMA_NAME from Information_schema.SCHEMATA where SCHEMA_NAME LIKE 'douyin%' ORDER BY SCHEMA_NAME='douyin' DESC,SCHEMA_NAME limit 1

2023/08/17 13:27:02 [32mD:/GoCode/douyin/internal/db/db.go:20
[0m[33m[0.519ms] [34;1m[rows:-][0m SELECT count(*) FROM information_schema.tables WHERE table_schema = 'douyin' AND table_name = 'comment' AND table_type = 'BASE TABLE'

2023/08/17 13:27:02 [32mD:/GoCode/douyin/internal/db/db.go:20
[0m[33m[0.000ms] [34;1m[rows:-][0m SELECT DATABASE()

2023/08/17 13:27:02 [32mD:/GoCode/douyin/internal/db/db.go:20
[0m[33m[0.504ms] [34;1m[rows:1][0m SELECT SCHEMA_NAME from Information_schema.SCHEMATA where SCHEMA_NAME LIKE 'douyin%' ORDER BY SCHEMA_NAME='douyin' DESC,SCHEMA_NAME limit 1

2023/08/17 13:27:02 [32mD:/GoCode/douyin/internal/db/db.go:20
[0m[33m[0.517ms] [34;1m[rows:-][0m SELECT * FROM `comment` LIMIT 1

2023/08/17 13:27:02 [32mD:/GoCode/douyin/internal/db/db.go:20
[0m[33m[0.504ms] [34;1m[rows:-][0m SELECT column_name, column_default, is_nullable = 'YES', data_type, character_maximum_length, column_type, column_key, extra, column_comment, numeric_precision, numeric_scale , datetime_precision FROM information_schema.columns WHERE table_schema = 'douyin' AND table_name = 'comment' ORDER BY ORDINAL_POSITION

2023/08/17 13:27:02 [32mD:/GoCode/douyin/internal/db/db.go:20
[0m[33m[0.000ms] [34;1m[rows:-][0m SELECT DATABASE()

2023/08/17 13:27:02 [32mD:/GoCode/douyin/internal/db/db.go:20
[0m[33m[0.511ms] [34;1m[rows:1][0m SELECT SCHEMA_NAME from Information_schema.SCHEMATA where SCHEMA_NAME LIKE 'douyin%' ORDER BY SCHEMA_NAME='douyin' DESC,SCHEMA_NAME limit 1

2023/08/17 13:27:02 [32mD:/GoCode/douyin/internal/db/db.go:20
[0m[33m[0.642ms] [34;1m[rows:-][0m SELECT count(*) FROM INFORMATION_SCHEMA.table_constraints WHERE constraint_schema = 'douyin' AND table_name = 'comment' AND constraint_name = 'fk_user_comment'

2023/08/17 13:27:02 [32mD:/GoCode/douyin/internal/db/db.go:20
[0m[33m[0.000ms] [34;1m[rows:-][0m SELECT DATABASE()

2023/08/17 13:27:02 [32mD:/GoCode/douyin/internal/db/db.go:20
[0m[33m[0.000ms] [34;1m[rows:1][0m SELECT SCHEMA_NAME from Information_schema.SCHEMATA where SCHEMA_NAME LIKE 'douyin%' ORDER BY SCHEMA_NAME='douyin' DESC,SCHEMA_NAME limit 1

2023/08/17 13:27:02 [32mD:/GoCode/douyin/internal/db/db.go:20
[0m[33m[1.047ms] [34;1m[rows:-][0m SELECT count(*) FROM INFORMATION_SCHEMA.table_constraints WHERE constraint_schema = 'douyin' AND table_name = 'comment' AND constraint_name = 'fk_video_comment'

2023/08/17 13:27:02 [32mD:/GoCode/douyin/internal/db/db.go:20
[0m[33m[0.000ms] [34;1m[rows:-][0m SELECT DATABASE()

2023/08/17 13:27:02 [32mD:/GoCode/douyin/internal/db/db.go:20
[0m[33m[0.591ms] [34;1m[rows:1][0m SELECT SCHEMA_NAME from Information_schema.SCHEMATA where SCHEMA_NAME LIKE 'douyin%' ORDER BY SCHEMA_NAME='douyin' DESC,SCHEMA_NAME limit 1

2023/08/17 13:27:02 [32mD:/GoCode/douyin/internal/db/db.go:20
[0m[33m[0.504ms] [34;1m[rows:-][0m SELECT count(*) FROM information_schema.statistics WHERE table_schema = 'douyin' AND table_name = 'comment' AND index_name = 'idx_uvid'

2023/08/17 13:27:02 [32mD:/GoCode/douyin/internal/db/db.go:20
[0m[33m[0.000ms] [34;1m[rows:-][0m SELECT DATABASE()

2023/08/17 13:27:02 [32mD:/GoCode/douyin/internal/db/db.go:20
[0m[33m[0.562ms] [34;1m[rows:1][0m SELECT SCHEMA_NAME from Information_schema.SCHEMATA where SCHEMA_NAME LIKE 'douyin%' ORDER BY SCHEMA_NAME='douyin' DESC,SCHEMA_NAME limit 1

2023/08/17 13:27:02 [32mD:/GoCode/douyin/internal/db/db.go:20
[0m[33m[0.504ms] [34;1m[rows:-][0m SELECT count(*) FROM information_schema.statistics WHERE table_schema = 'douyin' AND table_name = 'comment' AND index_name = 'idx_comment_reply_id'

2023/08/17 13:27:02 [32mD:/GoCode/douyin/internal/db/db.go:20
[0m[33m[0.000ms] [34;1m[rows:-][0m SELECT DATABASE()

2023/08/17 13:27:02 [32mD:/GoCode/douyin/internal/db/db.go:20
[0m[33m[0.664ms] [34;1m[rows:1][0m SELECT SCHEMA_NAME from Information_schema.SCHEMATA where SCHEMA_NAME LIKE 'douyin%' ORDER BY SCHEMA_NAME='douyin' DESC,SCHEMA_NAME limit 1

2023/08/17 13:27:02 [32mD:/GoCode/douyin/internal/db/db.go:20
[0m[33m[0.504ms] [34;1m[rows:-][0m SELECT count(*) FROM information_schema.tables WHERE table_schema = 'douyin' AND table_name = 'user' AND table_type = 'BASE TABLE'

2023/08/17 13:27:02 [32mD:/GoCode/douyin/internal/db/db.go:20
[0m[33m[0.000ms] [34;1m[rows:-][0m SELECT DATABASE()

2023/08/17 13:27:02 [32mD:/GoCode/douyin/internal/db/db.go:20
[0m[33m[0.504ms] [34;1m[rows:1][0m SELECT SCHEMA_NAME from Information_schema.SCHEMATA where SCHEMA_NAME LIKE 'douyin%' ORDER BY SCHEMA_NAME='douyin' DESC,SCHEMA_NAME limit 1

2023/08/17 13:27:02 [32mD:/GoCode/douyin/internal/db/db.go:20
[0m[33m[0.000ms] [34;1m[rows:-][0m SELECT * FROM `user` LIMIT 1

2023/08/17 13:27:02 [32mD:/GoCode/douyin/internal/db/db.go:20
[0m[33m[0.574ms] [34;1m[rows:-][0m SELECT column_name, column_default, is_nullable = 'YES', data_type, character_maximum_length, column_type, column_key, extra, column_comment, numeric_precision, numeric_scale , datetime_precision FROM information_schema.columns WHERE table_schema = 'douyin' AND table_name = 'user' ORDER BY ORDINAL_POSITION

2023/08/17 13:27:02 [32mD:/GoCode/douyin/internal/db/db.go:20
[0m[33m[0.000ms] [34;1m[rows:-][0m SELECT DATABASE()

2023/08/17 13:27:02 [32mD:/GoCode/douyin/internal/db/db.go:20
[0m[33m[0.717ms] [34;1m[rows:1][0m SELECT SCHEMA_NAME from Information_schema.SCHEMATA where SCHEMA_NAME LIKE 'douyin%' ORDER BY SCHEMA_NAME='douyin' DESC,SCHEMA_NAME limit 1

2023/08/17 13:27:02 [32mD:/GoCode/douyin/internal/db/db.go:20
[0m[33m[0.504ms] [34;1m[rows:-][0m SELECT count(*) FROM information_schema.statistics WHERE table_schema = 'douyin' AND table_name = 'user' AND index_name = 'idx_user_name'

2023/08/17 13:27:02 [32mD:/GoCode/douyin/internal/db/db.go:20
[0m[33m[0.000ms] [34;1m[rows:-][0m SELECT DATABASE()

2023/08/17 13:27:02 [32mD:/GoCode/douyin/internal/db/db.go:20
[0m[33m[0.504ms] [34;1m[rows:1][0m SELECT SCHEMA_NAME from Information_schema.SCHEMATA where SCHEMA_NAME LIKE 'douyin%' ORDER BY SCHEMA_NAME='douyin' DESC,SCHEMA_NAME limit 1

2023/08/17 13:27:02 [32mD:/GoCode/douyin/internal/db/db.go:20
[0m[33m[0.544ms] [34;1m[rows:-][0m SELECT count(*) FROM information_schema.tables WHERE table_schema = 'douyin' AND table_name = 'message' AND table_type = 'BASE TABLE'

2023/08/17 13:27:02 [32mD:/GoCode/douyin/internal/db/db.go:20
[0m[33m[0.000ms] [34;1m[rows:-][0m SELECT DATABASE()

2023/08/17 13:27:02 [32mD:/GoCode/douyin/internal/db/db.go:20
[0m[33m[0.504ms] [34;1m[rows:1][0m SELECT SCHEMA_NAME from Information_schema.SCHEMATA where SCHEMA_NAME LIKE 'douyin%' ORDER BY SCHEMA_NAME='douyin' DESC,SCHEMA_NAME limit 1

2023/08/17 13:27:02 [32mD:/GoCode/douyin/internal/db/db.go:20
[0m[33m[0.521ms] [34;1m[rows:-][0m SELECT * FROM `message` LIMIT 1

2023/08/17 13:27:02 [32mD:/GoCode/douyin/internal/db/db.go:20
[0m[33m[0.506ms] [34;1m[rows:-][0m SELECT column_name, column_default, is_nullable = 'YES', data_type, character_maximum_length, column_type, column_key, extra, column_comment, numeric_precision, numeric_scale , datetime_precision FROM information_schema.columns WHERE table_schema = 'douyin' AND table_name = 'message' ORDER BY ORDINAL_POSITION

2023/08/17 13:27:02 [32mD:/GoCode/douyin/internal/db/db.go:20
[0m[33m[0.000ms] [34;1m[rows:-][0m SELECT DATABASE()

2023/08/17 13:27:02 [32mD:/GoCode/douyin/internal/db/db.go:20
[0m[33m[0.567ms] [34;1m[rows:1][0m SELECT SCHEMA_NAME from Information_schema.SCHEMATA where SCHEMA_NAME LIKE 'douyin%' ORDER BY SCHEMA_NAME='douyin' DESC,SCHEMA_NAME limit 1

2023/08/17 13:27:02 [32mD:/GoCode/douyin/internal/db/db.go:20
[0m[33m[0.506ms] [34;1m[rows:-][0m SELECT count(*) FROM INFORMATION_SCHEMA.table_constraints WHERE constraint_schema = 'douyin' AND table_name = 'message' AND constraint_name = 'fk_message_to_user'

2023/08/17 13:27:02 [32mD:/GoCode/douyin/internal/db/db.go:20
[0m[33m[0.000ms] [34;1m[rows:-][0m SELECT DATABASE()

2023/08/17 13:27:02 [32mD:/GoCode/douyin/internal/db/db.go:20
[0m[33m[0.634ms] [34;1m[rows:1][0m SELECT SCHEMA_NAME from Information_schema.SCHEMATA where SCHEMA_NAME LIKE 'douyin%' ORDER BY SCHEMA_NAME='douyin' DESC,SCHEMA_NAME limit 1

2023/08/17 13:27:02 [32mD:/GoCode/douyin/internal/db/db.go:20
[0m[33m[0.504ms] [34;1m[rows:-][0m SELECT count(*) FROM INFORMATION_SCHEMA.table_constraints WHERE constraint_schema = 'douyin' AND table_name = 'message' AND constraint_name = 'fk_message_from_user'

2023/08/17 13:27:02 [32mD:/GoCode/douyin/internal/db/db.go:20
[0m[33m[0.000ms] [34;1m[rows:-][0m SELECT DATABASE()

2023/08/17 13:27:02 [32mD:/GoCode/douyin/internal/db/db.go:20
[0m[33m[0.636ms] [34;1m[rows:1][0m SELECT SCHEMA_NAME from Information_schema.SCHEMATA where SCHEMA_NAME LIKE 'douyin%' ORDER BY SCHEMA_NAME='douyin' DESC,SCHEMA_NAME limit 1

2023/08/17 13:27:02 [32mD:/GoCode/douyin/internal/db/db.go:20
[0m[33m[0.504ms] [34;1m[rows:-][0m SELECT count(*) FROM information_schema.tables WHERE table_schema = 'douyin' AND table_name = 'user' AND table_type = 'BASE TABLE'

2023/08/17 13:27:02 [32mD:/GoCode/douyin/internal/db/db.go:20
[0m[33m[0.000ms] [34;1m[rows:-][0m SELECT DATABASE()

2023/08/17 13:27:02 [32mD:/GoCode/douyin/internal/db/db.go:20
[0m[33m[0.504ms] [34;1m[rows:1][0m SELECT SCHEMA_NAME from Information_schema.SCHEMATA where SCHEMA_NAME LIKE 'douyin%' ORDER BY SCHEMA_NAME='douyin' DESC,SCHEMA_NAME limit 1

2023/08/17 13:27:02 [32mD:/GoCode/douyin/internal/db/db.go:20
[0m[33m[0.000ms] [34;1m[rows:-][0m SELECT * FROM `user` LIMIT 1

2023/08/17 13:27:02 [32mD:/GoCode/douyin/internal/db/db.go:20
[0m[33m[0.519ms] [34;1m[rows:-][0m SELECT column_name, column_default, is_nullable = 'YES', data_type, character_maximum_length, column_type, column_key, extra, column_comment, numeric_precision, numeric_scale , datetime_precision FROM information_schema.columns WHERE table_schema = 'douyin' AND table_name = 'user' ORDER BY ORDINAL_POSITION

2023/08/17 13:27:02 [32mD:/GoCode/douyin/internal/db/db.go:20
[0m[33m[0.000ms] [34;1m[rows:-][0m SELECT DATABASE()

2023/08/17 13:27:02 [32mD:/GoCode/douyin/internal/db/db.go:20
[0m[33m[0.519ms] [34;1m[rows:1][0m SELECT SCHEMA_NAME from Information_schema.SCHEMATA where SCHEMA_NAME LIKE 'douyin%' ORDER BY SCHEMA_NAME='douyin' DESC,SCHEMA_NAME limit 1

2023/08/17 13:27:02 [32mD:/GoCode/douyin/internal/db/db.go:20
[0m[33m[0.536ms] [34;1m[rows:-][0m SELECT count(*) FROM information_schema.statistics WHERE table_schema = 'douyin' AND table_name = 'user' AND index_name = 'idx_user_name'

2023/08/17 13:27:02 [32mD:/GoCode/douyin/internal/db/db.go:20
[0m[33m[0.000ms] [34;1m[rows:-][0m SELECT DATABASE()

2023/08/17 13:27:02 [32mD:/GoCode/douyin/internal/db/db.go:20
[0m[33m[0.504ms] [34;1m[rows:1][0m SELECT SCHEMA_NAME from Information_schema.SCHEMATA where SCHEMA_NAME LIKE 'douyin%' ORDER BY SCHEMA_NAME='douyin' DESC,SCHEMA_NAME limit 1

2023/08/17 13:27:02 [32mD:/GoCode/douyin/internal/db/db.go:20
[0m[33m[0.541ms] [34;1m[rows:-][0m SELECT count(*) FROM information_schema.tables WHERE table_schema = 'douyin' AND table_name = 'video' AND table_type = 'BASE TABLE'

2023/08/17 13:27:02 [32mD:/GoCode/douyin/internal/db/db.go:20
[0m[33m[0.000ms] [34;1m[rows:-][0m SELECT DATABASE()

2023/08/17 13:27:02 [32mD:/GoCode/douyin/internal/db/db.go:20
[0m[33m[0.504ms] [34;1m[rows:1][0m SELECT SCHEMA_NAME from Information_schema.SCHEMATA where SCHEMA_NAME LIKE 'douyin%' ORDER BY SCHEMA_NAME='douyin' DESC,SCHEMA_NAME limit 1

2023/08/17 13:27:02 [32mD:/GoCode/douyin/internal/db/db.go:20
[0m[33m[0.000ms] [34;1m[rows:-][0m SELECT * FROM `video` LIMIT 1

2023/08/17 13:27:02 [32mD:/GoCode/douyin/internal/db/db.go:20
[0m[33m[0.519ms] [34;1m[rows:-][0m SELECT column_name, column_default, is_nullable = 'YES', data_type, character_maximum_length, column_type, column_key, extra, column_comment, numeric_precision, numeric_scale , datetime_precision FROM information_schema.columns WHERE table_schema = 'douyin' AND table_name = 'video' ORDER BY ORDINAL_POSITION

2023/08/17 13:27:02 [32mD:/GoCode/douyin/internal/db/db.go:20
[0m[33m[0.000ms] [34;1m[rows:-][0m SELECT DATABASE()

2023/08/17 13:27:02 [32mD:/GoCode/douyin/internal/db/db.go:20
[0m[33m[0.680ms] [34;1m[rows:1][0m SELECT SCHEMA_NAME from Information_schema.SCHEMATA where SCHEMA_NAME LIKE 'douyin%' ORDER BY SCHEMA_NAME='douyin' DESC,SCHEMA_NAME limit 1

2023/08/17 13:27:02 [32mD:/GoCode/douyin/internal/db/db.go:20
[0m[33m[0.504ms] [34;1m[rows:-][0m SELECT count(*) FROM INFORMATION_SCHEMA.table_constraints WHERE constraint_schema = 'douyin' AND table_name = 'video' AND constraint_name = 'fk_video_author'

2023/08/17 13:27:02 [32mD:/GoCode/douyin/internal/db/db.go:20
[0m[33m[0.000ms] [34;1m[rows:-][0m SELECT DATABASE()

2023/08/17 13:27:02 [32mD:/GoCode/douyin/internal/db/db.go:20
[0m[33m[0.572ms] [34;1m[rows:1][0m SELECT SCHEMA_NAME from Information_schema.SCHEMATA where SCHEMA_NAME LIKE 'douyin%' ORDER BY SCHEMA_NAME='douyin' DESC,SCHEMA_NAME limit 1

2023/08/17 13:27:02 [32mD:/GoCode/douyin/internal/db/db.go:20
[0m[33m[0.504ms] [34;1m[rows:-][0m SELECT count(*) FROM information_schema.statistics WHERE table_schema = 'douyin' AND table_name = 'video' AND index_name = 'idx_video_author_id'

2023/08/17 13:27:02 [32mD:/GoCode/douyin/internal/db/db.go:20
[0m[33m[0.000ms] [34;1m[rows:-][0m SELECT DATABASE()

2023/08/17 13:27:02 [32mD:/GoCode/douyin/internal/db/db.go:20
[0m[33m[0.504ms] [34;1m[rows:1][0m SELECT SCHEMA_NAME from Information_schema.SCHEMATA where SCHEMA_NAME LIKE 'douyin%' ORDER BY SCHEMA_NAME='douyin' DESC,SCHEMA_NAME limit 1

2023/08/17 13:27:02 [32mD:/GoCode/douyin/internal/db/db.go:20
[0m[33m[0.521ms] [34;1m[rows:-][0m SELECT count(*) FROM information_schema.tables WHERE table_schema = 'douyin' AND table_name = 'user_creation' AND table_type = 'BASE TABLE'

2023/08/17 13:27:02 [32mD:/GoCode/douyin/internal/db/db.go:20
[0m[33m[0.000ms] [34;1m[rows:-][0m SELECT DATABASE()

2023/08/17 13:27:02 [32mD:/GoCode/douyin/internal/db/db.go:20
[0m[33m[0.504ms] [34;1m[rows:1][0m SELECT SCHEMA_NAME from Information_schema.SCHEMATA where SCHEMA_NAME LIKE 'douyin%' ORDER BY SCHEMA_NAME='douyin' DESC,SCHEMA_NAME limit 1

2023/08/17 13:27:02 [32mD:/GoCode/douyin/internal/db/db.go:20
[0m[33m[0.000ms] [34;1m[rows:-][0m SELECT * FROM `user_creation` LIMIT 1

2023/08/17 13:27:02 [32mD:/GoCode/douyin/internal/db/db.go:20
[0m[33m[0.780ms] [34;1m[rows:-][0m SELECT column_name, column_default, is_nullable = 'YES', data_type, character_maximum_length, column_type, column_key, extra, column_comment, numeric_precision, numeric_scale , datetime_precision FROM information_schema.columns WHERE table_schema = 'douyin' AND table_name = 'user_creation' ORDER BY ORDINAL_POSITION

2023/08/17 13:27:02 [32mD:/GoCode/douyin/internal/db/db.go:20
[0m[33m[0.504ms] [34;1m[rows:-][0m SELECT DATABASE()

2023/08/17 13:27:02 [32mD:/GoCode/douyin/internal/db/db.go:20
[0m[33m[0.000ms] [34;1m[rows:1][0m SELECT SCHEMA_NAME from Information_schema.SCHEMATA where SCHEMA_NAME LIKE 'douyin%' ORDER BY SCHEMA_NAME='douyin' DESC,SCHEMA_NAME limit 1

2023/08/17 13:27:02 [32mD:/GoCode/douyin/internal/db/db.go:20
[0m[33m[0.710ms] [34;1m[rows:-][0m SELECT count(*) FROM INFORMATION_SCHEMA.table_constraints WHERE constraint_schema = 'douyin' AND table_name = 'user_creation' AND constraint_name = 'fk_user_creation_video'

2023/08/17 13:27:02 [32mD:/GoCode/douyin/internal/db/db.go:20
[0m[33m[0.000ms] [34;1m[rows:-][0m SELECT DATABASE()

2023/08/17 13:27:02 [32mD:/GoCode/douyin/internal/db/db.go:20
[0m[33m[0.610ms] [34;1m[rows:1][0m SELECT SCHEMA_NAME from Information_schema.SCHEMATA where SCHEMA_NAME LIKE 'douyin%' ORDER BY SCHEMA_NAME='douyin' DESC,SCHEMA_NAME limit 1

2023/08/17 13:27:02 [32mD:/GoCode/douyin/internal/db/db.go:20
[0m[33m[0.504ms] [34;1m[rows:-][0m SELECT count(*) FROM INFORMATION_SCHEMA.table_constraints WHERE constraint_schema = 'douyin' AND table_name = 'user_creation' AND constraint_name = 'fk_user_creation_user'

2023/08/17 13:27:02 [32mD:/GoCode/douyin/internal/db/db.go:20
[0m[33m[0.000ms] [34;1m[rows:-][0m SELECT DATABASE()

2023/08/17 13:27:02 [32mD:/GoCode/douyin/internal/db/db.go:20
[0m[33m[0.576ms] [34;1m[rows:1][0m SELECT SCHEMA_NAME from Information_schema.SCHEMATA where SCHEMA_NAME LIKE 'douyin%' ORDER BY SCHEMA_NAME='douyin' DESC,SCHEMA_NAME limit 1

2023/08/17 13:27:02 [32mD:/GoCode/douyin/internal/db/db.go:20
[0m[33m[0.504ms] [34;1m[rows:-][0m SELECT count(*) FROM information_schema.tables WHERE table_schema = 'douyin' AND table_name = 'user_favorite' AND table_type = 'BASE TABLE'

2023/08/17 13:27:02 [32mD:/GoCode/douyin/internal/db/db.go:20
[0m[33m[0.000ms] [34;1m[rows:-][0m SELECT DATABASE()

2023/08/17 13:27:02 [32mD:/GoCode/douyin/internal/db/db.go:20
[0m[33m[0.000ms] [34;1m[rows:1][0m SELECT SCHEMA_NAME from Information_schema.SCHEMATA where SCHEMA_NAME LIKE 'douyin%' ORDER BY SCHEMA_NAME='douyin' DESC,SCHEMA_NAME limit 1

2023/08/17 13:27:02 [32mD:/GoCode/douyin/internal/db/db.go:20
[0m[33m[0.052ms] [34;1m[rows:-][0m SELECT * FROM `user_favorite` LIMIT 1

2023/08/17 13:27:02 [32mD:/GoCode/douyin/internal/db/db.go:20
[0m[33m[0.589ms] [34;1m[rows:-][0m SELECT column_name, column_default, is_nullable = 'YES', data_type, character_maximum_length, column_type, column_key, extra, column_comment, numeric_precision, numeric_scale , datetime_precision FROM information_schema.columns WHERE table_schema = 'douyin' AND table_name = 'user_favorite' ORDER BY ORDINAL_POSITION

2023/08/17 13:27:02 [32mD:/GoCode/douyin/internal/db/db.go:20
[0m[33m[0.000ms] [34;1m[rows:-][0m SELECT DATABASE()

2023/08/17 13:27:02 [32mD:/GoCode/douyin/internal/db/db.go:20
[0m[33m[0.604ms] [34;1m[rows:1][0m SELECT SCHEMA_NAME from Information_schema.SCHEMATA where SCHEMA_NAME LIKE 'douyin%' ORDER BY SCHEMA_NAME='douyin' DESC,SCHEMA_NAME limit 1

2023/08/17 13:27:02 [32mD:/GoCode/douyin/internal/db/db.go:20
[0m[33m[0.504ms] [34;1m[rows:-][0m SELECT count(*) FROM INFORMATION_SCHEMA.table_constraints WHERE constraint_schema = 'douyin' AND table_name = 'user_favorite' AND constraint_name = 'fk_user_favorite_video'

2023/08/17 13:27:02 [32mD:/GoCode/douyin/internal/db/db.go:20
[0m[33m[0.000ms] [34;1m[rows:-][0m SELECT DATABASE()

2023/08/17 13:27:02 [32mD:/GoCode/douyin/internal/db/db.go:20
[0m[33m[0.504ms] [34;1m[rows:1][0m SELECT SCHEMA_NAME from Information_schema.SCHEMATA where SCHEMA_NAME LIKE 'douyin%' ORDER BY SCHEMA_NAME='douyin' DESC,SCHEMA_NAME limit 1

2023/08/17 13:27:02 [32mD:/GoCode/douyin/internal/db/db.go:20
[0m[33m[0.504ms] [34;1m[rows:-][0m SELECT count(*) FROM INFORMATION_SCHEMA.table_constraints WHERE constraint_schema = 'douyin' AND table_name = 'user_favorite' AND constraint_name = 'fk_user_favorite_user'

2023/08/17 13:27:02 [32mD:/GoCode/douyin/internal/db/db.go:20
[0m[33m[0.000ms] [34;1m[rows:-][0m SELECT DATABASE()

2023/08/17 13:27:02 [32mD:/GoCode/douyin/internal/db/db.go:20
[0m[33m[0.589ms] [34;1m[rows:1][0m SELECT SCHEMA_NAME from Information_schema.SCHEMATA where SCHEMA_NAME LIKE 'douyin%' ORDER BY SCHEMA_NAME='douyin' DESC,SCHEMA_NAME limit 1

2023/08/17 13:27:02 [32mD:/GoCode/douyin/internal/db/db.go:20
[0m[33m[0.504ms] [34;1m[rows:-][0m SELECT count(*) FROM information_schema.tables WHERE table_schema = 'douyin' AND table_name = 'user_follow' AND table_type = 'BASE TABLE'

2023/08/17 13:27:02 [32mD:/GoCode/douyin/internal/db/db.go:20
[0m[33m[0.000ms] [34;1m[rows:-][0m SELECT DATABASE()

2023/08/17 13:27:02 [32mD:/GoCode/douyin/internal/db/db.go:20
[0m[33m[0.570ms] [34;1m[rows:1][0m SELECT SCHEMA_NAME from Information_schema.SCHEMATA where SCHEMA_NAME LIKE 'douyin%' ORDER BY SCHEMA_NAME='douyin' DESC,SCHEMA_NAME limit 1

2023/08/17 13:27:02 [32mD:/GoCode/douyin/internal/db/db.go:20
[0m[33m[0.505ms] [34;1m[rows:-][0m SELECT * FROM `user_follow` LIMIT 1

2023/08/17 13:27:02 [32mD:/GoCode/douyin/internal/db/db.go:20
[0m[33m[0.785ms] [34;1m[rows:-][0m SELECT column_name, column_default, is_nullable = 'YES', data_type, character_maximum_length, column_type, column_key, extra, column_comment, numeric_precision, numeric_scale , datetime_precision FROM information_schema.columns WHERE table_schema = 'douyin' AND table_name = 'user_follow' ORDER BY ORDINAL_POSITION

2023/08/17 13:27:02 [32mD:/GoCode/douyin/internal/db/db.go:20
[0m[33m[0.000ms] [34;1m[rows:-][0m SELECT DATABASE()

2023/08/17 13:27:02 [32mD:/GoCode/douyin/internal/db/db.go:20
[0m[33m[0.594ms] [34;1m[rows:1][0m SELECT SCHEMA_NAME from Information_schema.SCHEMATA where SCHEMA_NAME LIKE 'douyin%' ORDER BY SCHEMA_NAME='douyin' DESC,SCHEMA_NAME limit 1

2023/08/17 13:27:02 [32mD:/GoCode/douyin/internal/db/db.go:20
[0m[33m[0.504ms] [34;1m[rows:-][0m SELECT count(*) FROM INFORMATION_SCHEMA.table_constraints WHERE constraint_schema = 'douyin' AND table_name = 'user_follow' AND constraint_name = 'fk_user_follow_user'

2023/08/17 13:27:02 [32mD:/GoCode/douyin/internal/db/db.go:20
[0m[33m[0.000ms] [34;1m[rows:-][0m SELECT DATABASE()

2023/08/17 13:27:02 [32mD:/GoCode/douyin/internal/db/db.go:20
[0m[33m[0.588ms] [34;1m[rows:1][0m SELECT SCHEMA_NAME from Information_schema.SCHEMATA where SCHEMA_NAME LIKE 'douyin%' ORDER BY SCHEMA_NAME='douyin' DESC,SCHEMA_NAME limit 1

2023/08/17 13:27:02 [32mD:/GoCode/douyin/internal/db/db.go:20
[0m[33m[0.504ms] [34;1m[rows:-][0m SELECT count(*) FROM INFORMATION_SCHEMA.table_constraints WHERE constraint_schema = 'douyin' AND table_name = 'user_follow' AND constraint_name = 'fk_user_follow_follow'

2023/08/17 13:27:02 [32mD:/GoCode/douyin/internal/db/db.go:20
[0m[33m[0.000ms] [34;1m[rows:-][0m SELECT DATABASE()

2023/08/17 13:27:02 [32mD:/GoCode/douyin/internal/db/db.go:20
[0m[33m[0.574ms] [34;1m[rows:1][0m SELECT SCHEMA_NAME from Information_schema.SCHEMATA where SCHEMA_NAME LIKE 'douyin%' ORDER BY SCHEMA_NAME='douyin' DESC,SCHEMA_NAME limit 1

2023/08/17 13:27:02 [32mD:/GoCode/douyin/internal/db/db.go:20
[0m[33m[0.635ms] [34;1m[rows:-][0m SELECT count(*) FROM information_schema.tables WHERE table_schema = 'douyin' AND table_name = 'user_creation' AND table_type = 'BASE TABLE'

2023/08/17 13:27:02 [32mD:/GoCode/douyin/internal/db/db.go:20
[0m[33m[0.000ms] [34;1m[rows:-][0m SELECT DATABASE()

2023/08/17 13:27:02 [32mD:/GoCode/douyin/internal/db/db.go:20
[0m[33m[0.504ms] [34;1m[rows:1][0m SELECT SCHEMA_NAME from Information_schema.SCHEMATA where SCHEMA_NAME LIKE 'douyin%' ORDER BY SCHEMA_NAME='douyin' DESC,SCHEMA_NAME limit 1

2023/08/17 13:27:02 [32mD:/GoCode/douyin/internal/db/db.go:20
[0m[33m[0.000ms] [34;1m[rows:-][0m SELECT * FROM `user_creation` LIMIT 1

2023/08/17 13:27:02 [32mD:/GoCode/douyin/internal/db/db.go:20
[0m[33m[0.520ms] [34;1m[rows:-][0m SELECT column_name, column_default, is_nullable = 'YES', data_type, character_maximum_length, column_type, column_key, extra, column_comment, numeric_precision, numeric_scale , datetime_precision FROM information_schema.columns WHERE table_schema = 'douyin' AND table_name = 'user_creation' ORDER BY ORDINAL_POSITION

2023/08/17 13:27:02 [32mD:/GoCode/douyin/internal/db/db.go:20
[0m[33m[0.000ms] [34;1m[rows:-][0m SELECT DATABASE()

2023/08/17 13:27:02 [32mD:/GoCode/douyin/internal/db/db.go:20
[0m[33m[0.614ms] [34;1m[rows:1][0m SELECT SCHEMA_NAME from Information_schema.SCHEMATA where SCHEMA_NAME LIKE 'douyin%' ORDER BY SCHEMA_NAME='douyin' DESC,SCHEMA_NAME limit 1

2023/08/17 13:27:02 [32mD:/GoCode/douyin/internal/db/db.go:20
[0m[33m[0.504ms] [34;1m[rows:-][0m SELECT count(*) FROM information_schema.tables WHERE table_schema = 'douyin' AND table_name = 'user' AND table_type = 'BASE TABLE'

2023/08/17 13:27:02 [32mD:/GoCode/douyin/internal/db/db.go:20
[0m[33m[0.000ms] [34;1m[rows:-][0m SELECT DATABASE()

2023/08/17 13:27:02 [32mD:/GoCode/douyin/internal/db/db.go:20
[0m[33m[0.556ms] [34;1m[rows:1][0m SELECT SCHEMA_NAME from Information_schema.SCHEMATA where SCHEMA_NAME LIKE 'douyin%' ORDER BY SCHEMA_NAME='douyin' DESC,SCHEMA_NAME limit 1

2023/08/17 13:27:02 [32mD:/GoCode/douyin/internal/db/db.go:20
[0m[33m[0.000ms] [34;1m[rows:-][0m SELECT * FROM `user` LIMIT 1

2023/08/17 13:27:02 [32mD:/GoCode/douyin/internal/db/db.go:20
[0m[33m[0.504ms] [34;1m[rows:-][0m SELECT column_name, column_default, is_nullable = 'YES', data_type, character_maximum_length, column_type, column_key, extra, column_comment, numeric_precision, numeric_scale , datetime_precision FROM information_schema.columns WHERE table_schema = 'douyin' AND table_name = 'user' ORDER BY ORDINAL_POSITION

2023/08/17 13:27:02 [32mD:/GoCode/douyin/internal/db/db.go:20
[0m[33m[0.000ms] [34;1m[rows:-][0m SELECT DATABASE()

2023/08/17 13:27:02 [32mD:/GoCode/douyin/internal/db/db.go:20
[0m[33m[0.611ms] [34;1m[rows:1][0m SELECT SCHEMA_NAME from Information_schema.SCHEMATA where SCHEMA_NAME LIKE 'douyin%' ORDER BY SCHEMA_NAME='douyin' DESC,SCHEMA_NAME limit 1

2023/08/17 13:27:02 [32mD:/GoCode/douyin/internal/db/db.go:20
[0m[33m[0.505ms] [34;1m[rows:-][0m SELECT count(*) FROM information_schema.statistics WHERE table_schema = 'douyin' AND table_name = 'user' AND index_name = 'idx_user_name'

2023/08/17 13:27:02 [32mD:/GoCode/douyin/internal/db/db.go:20
[0m[33m[0.000ms] [34;1m[rows:-][0m SELECT DATABASE()

2023/08/17 13:27:02 [32mD:/GoCode/douyin/internal/db/db.go:20
[0m[33m[0.579ms] [34;1m[rows:1][0m SELECT SCHEMA_NAME from Information_schema.SCHEMATA where SCHEMA_NAME LIKE 'douyin%' ORDER BY SCHEMA_NAME='douyin' DESC,SCHEMA_NAME limit 1

2023/08/17 13:27:02 [32mD:/GoCode/douyin/internal/db/db.go:20
[0m[33m[0.504ms] [34;1m[rows:-][0m SELECT count(*) FROM information_schema.tables WHERE table_schema = 'douyin' AND table_name = 'video' AND table_type = 'BASE TABLE'

2023/08/17 13:27:02 [32mD:/GoCode/douyin/internal/db/db.go:20
[0m[33m[0.000ms] [34;1m[rows:-][0m SELECT DATABASE()

2023/08/17 13:27:02 [32mD:/GoCode/douyin/internal/db/db.go:20
[0m[33m[0.504ms] [34;1m[rows:1][0m SELECT SCHEMA_NAME from Information_schema.SCHEMATA where SCHEMA_NAME LIKE 'douyin%' ORDER BY SCHEMA_NAME='douyin' DESC,SCHEMA_NAME limit 1

2023/08/17 13:27:02 [32mD:/GoCode/douyin/internal/db/db.go:20
[0m[33m[0.000ms] [34;1m[rows:-][0m SELECT * FROM `video` LIMIT 1

2023/08/17 13:27:02 [32mD:/GoCode/douyin/internal/db/db.go:20
[0m[33m[0.609ms] [34;1m[rows:-][0m SELECT column_name, column_default, is_nullable = 'YES', data_type, character_maximum_length, column_type, column_key, extra, column_comment, numeric_precision, numeric_scale , datetime_precision FROM information_schema.columns WHERE table_schema = 'douyin' AND table_name = 'video' ORDER BY ORDINAL_POSITION

2023/08/17 13:27:02 [32mD:/GoCode/douyin/internal/db/db.go:20
[0m[33m[0.000ms] [34;1m[rows:-][0m SELECT DATABASE()

2023/08/17 13:27:02 [32mD:/GoCode/douyin/internal/db/db.go:20
[0m[33m[0.000ms] [34;1m[rows:1][0m SELECT SCHEMA_NAME from Information_schema.SCHEMATA where SCHEMA_NAME LIKE 'douyin%' ORDER BY SCHEMA_NAME='douyin' DESC,SCHEMA_NAME limit 1

2023/08/17 13:27:02 [32mD:/GoCode/douyin/internal/db/db.go:20
[0m[33m[0.642ms] [34;1m[rows:-][0m SELECT count(*) FROM INFORMATION_SCHEMA.table_constraints WHERE constraint_schema = 'douyin' AND table_name = 'video' AND constraint_name = 'fk_video_author'

2023/08/17 13:27:02 [32mD:/GoCode/douyin/internal/db/db.go:20
[0m[33m[0.000ms] [34;1m[rows:-][0m SELECT DATABASE()

2023/08/17 13:27:02 [32mD:/GoCode/douyin/internal/db/db.go:20
[0m[33m[0.505ms] [34;1m[rows:1][0m SELECT SCHEMA_NAME from Information_schema.SCHEMATA where SCHEMA_NAME LIKE 'douyin%' ORDER BY SCHEMA_NAME='douyin' DESC,SCHEMA_NAME limit 1

2023/08/17 13:27:02 [32mD:/GoCode/douyin/internal/db/db.go:20
[0m[33m[0.667ms] [34;1m[rows:-][0m SELECT count(*) FROM information_schema.statistics WHERE table_schema = 'douyin' AND table_name = 'video' AND index_name = 'idx_video_author_id'

2023/08/17 13:27:02 [32mD:/GoCode/douyin/internal/db/db.go:20
[0m[33m[0.000ms] [34;1m[rows:-][0m SELECT DATABASE()

2023/08/17 13:27:02 [32mD:/GoCode/douyin/internal/db/db.go:20
[0m[33m[0.590ms] [34;1m[rows:1][0m SELECT SCHEMA_NAME from Information_schema.SCHEMATA where SCHEMA_NAME LIKE 'douyin%' ORDER BY SCHEMA_NAME='douyin' DESC,SCHEMA_NAME limit 1

2023/08/17 13:27:02 [32mD:/GoCode/douyin/internal/db/db.go:20
[0m[33m[0.504ms] [34;1m[rows:-][0m SELECT count(*) FROM information_schema.tables WHERE table_schema = 'douyin' AND table_name = 'user_creation' AND table_type = 'BASE TABLE'

2023/08/17 13:27:02 [32mD:/GoCode/douyin/internal/db/db.go:20
[0m[33m[0.000ms] [34;1m[rows:-][0m SELECT DATABASE()

2023/08/17 13:27:02 [32mD:/GoCode/douyin/internal/db/db.go:20
[0m[33m[0.644ms] [34;1m[rows:1][0m SELECT SCHEMA_NAME from Information_schema.SCHEMATA where SCHEMA_NAME LIKE 'douyin%' ORDER BY SCHEMA_NAME='douyin' DESC,SCHEMA_NAME limit 1

2023/08/17 13:27:02 [32mD:/GoCode/douyin/internal/db/db.go:20
[0m[33m[0.000ms] [34;1m[rows:-][0m SELECT * FROM `user_creation` LIMIT 1

2023/08/17 13:27:02 [32mD:/GoCode/douyin/internal/db/db.go:20
[0m[33m[0.683ms] [34;1m[rows:-][0m SELECT column_name, column_default, is_nullable = 'YES', data_type, character_maximum_length, column_type, column_key, extra, column_comment, numeric_precision, numeric_scale , datetime_precision FROM information_schema.columns WHERE table_schema = 'douyin' AND table_name = 'user_creation' ORDER BY ORDINAL_POSITION

2023/08/17 13:27:02 [32mD:/GoCode/douyin/internal/db/db.go:20
[0m[33m[0.505ms] [34;1m[rows:-][0m SELECT DATABASE()

2023/08/17 13:27:02 [32mD:/GoCode/douyin/internal/db/db.go:20
[0m[33m[0.629ms] [34;1m[rows:1][0m SELECT SCHEMA_NAME from Information_schema.SCHEMATA where SCHEMA_NAME LIKE 'douyin%' ORDER BY SCHEMA_NAME='douyin' DESC,SCHEMA_NAME limit 1

2023/08/17 13:27:02 [32mD:/GoCode/douyin/internal/db/db.go:20
[0m[33m[0.505ms] [34;1m[rows:-][0m SELECT count(*) FROM INFORMATION_SCHEMA.table_constraints WHERE constraint_schema = 'douyin' AND table_name = 'user_creation' AND constraint_name = 'fk_user_creation_user'

2023/08/17 13:27:02 [32mD:/GoCode/douyin/internal/db/db.go:20
[0m[33m[0.000ms] [34;1m[rows:-][0m SELECT DATABASE()

2023/08/17 13:27:02 [32mD:/GoCode/douyin/internal/db/db.go:20
[0m[33m[0.504ms] [34;1m[rows:1][0m SELECT SCHEMA_NAME from Information_schema.SCHEMATA where SCHEMA_NAME LIKE 'douyin%' ORDER BY SCHEMA_NAME='douyin' DESC,SCHEMA_NAME limit 1

2023/08/17 13:27:02 [32mD:/GoCode/douyin/internal/db/db.go:20
[0m[33m[0.546ms] [34;1m[rows:-][0m SELECT count(*) FROM INFORMATION_SCHEMA.table_constraints WHERE constraint_schema = 'douyin' AND table_name = 'user_creation' AND constraint_name = 'fk_user_creation_video'

2023/08/17 13:27:02 [32mD:/GoCode/douyin/internal/db/db.go:20
[0m[33m[0.000ms] [34;1m[rows:-][0m SELECT DATABASE()

2023/08/17 13:27:02 [32mD:/GoCode/douyin/internal/db/db.go:20
[0m[33m[0.652ms] [34;1m[rows:1][0m SELECT SCHEMA_NAME from Information_schema.SCHEMATA where SCHEMA_NAME LIKE 'douyin%' ORDER BY SCHEMA_NAME='douyin' DESC,SCHEMA_NAME limit 1

2023/08/17 13:27:02 [32mD:/GoCode/douyin/internal/db/db.go:20
[0m[33m[0.504ms] [34;1m[rows:-][0m SELECT count(*) FROM information_schema.tables WHERE table_schema = 'douyin' AND table_name = 'user_favorite' AND table_type = 'BASE TABLE'

2023/08/17 13:27:02 [32mD:/GoCode/douyin/internal/db/db.go:20
[0m[33m[0.000ms] [34;1m[rows:-][0m SELECT DATABASE()

2023/08/17 13:27:02 [32mD:/GoCode/douyin/internal/db/db.go:20
[0m[33m[0.584ms] [34;1m[rows:1][0m SELECT SCHEMA_NAME from Information_schema.SCHEMATA where SCHEMA_NAME LIKE 'douyin%' ORDER BY SCHEMA_NAME='douyin' DESC,SCHEMA_NAME limit 1

2023/08/17 13:27:02 [32mD:/GoCode/douyin/internal/db/db.go:20
[0m[33m[0.000ms] [34;1m[rows:-][0m SELECT * FROM `user_favorite` LIMIT 1

2023/08/17 13:27:02 [32mD:/GoCode/douyin/internal/db/db.go:20
[0m[33m[0.596ms] [34;1m[rows:-][0m SELECT column_name, column_default, is_nullable = 'YES', data_type, character_maximum_length, column_type, column_key, extra, column_comment, numeric_precision, numeric_scale , datetime_precision FROM information_schema.columns WHERE table_schema = 'douyin' AND table_name = 'user_favorite' ORDER BY ORDINAL_POSITION

2023/08/17 13:27:02 [32mD:/GoCode/douyin/internal/db/db.go:20
[0m[33m[0.506ms] [34;1m[rows:-][0m SELECT DATABASE()

2023/08/17 13:27:02 [32mD:/GoCode/douyin/internal/db/db.go:20
[0m[33m[0.000ms] [34;1m[rows:1][0m SELECT SCHEMA_NAME from Information_schema.SCHEMATA where SCHEMA_NAME LIKE 'douyin%' ORDER BY SCHEMA_NAME='douyin' DESC,SCHEMA_NAME limit 1

2023/08/17 13:27:02 [32mD:/GoCode/douyin/internal/db/db.go:20
[0m[33m[0.729ms] [34;1m[rows:-][0m SELECT count(*) FROM INFORMATION_SCHEMA.table_constraints WHERE constraint_schema = 'douyin' AND table_name = 'user_favorite' AND constraint_name = 'fk_user_favorite_user'

2023/08/17 13:27:02 [32mD:/GoCode/douyin/internal/db/db.go:20
[0m[33m[0.000ms] [34;1m[rows:-][0m SELECT DATABASE()

2023/08/17 13:27:02 [32mD:/GoCode/douyin/internal/db/db.go:20
[0m[33m[0.627ms] [34;1m[rows:1][0m SELECT SCHEMA_NAME from Information_schema.SCHEMATA where SCHEMA_NAME LIKE 'douyin%' ORDER BY SCHEMA_NAME='douyin' DESC,SCHEMA_NAME limit 1

2023/08/17 13:27:02 [32mD:/GoCode/douyin/internal/db/db.go:20
[0m[33m[0.504ms] [34;1m[rows:-][0m SELECT count(*) FROM INFORMATION_SCHEMA.table_constraints WHERE constraint_schema = 'douyin' AND table_name = 'user_favorite' AND constraint_name = 'fk_user_favorite_video'
[36mINFO[0m[2023-08-17 13:27:02] 初始化 Database 成功!                             
[36mINFO[0m[2023-08-17 13:27:02] 开始初始化 Redis 服务!                              

2023/08/17 13:27:02 [32mD:/GoCode/douyin/internal/db/db.go:35
[0m[33m[0.519ms] [34;1m[rows:0][0m SELECT `id`,`type_of` FROM `video` WHERE `video`.`deleted_at` IS NULL
[36mINFO[0m[2023-08-17 13:27:02] 初始化 Redis 成功!                                
[GIN-debug] [WARNING] Running in "debug" mode. Switch to "release" mode in production.
 - using env:	export GIN_MODE=release
 - using code:	gin.SetMode(gin.ReleaseMode)

[GIN-debug] GET    /ping                     --> github.com/Godvictory/douyin/server.Init.func1 (4 handlers)
[GIN-debug] GET    /douyin/feed              --> github.com/Godvictory/douyin/server.decorator.func1.1 (4 handlers)
[GIN-debug] POST   /douyin/publish/action/   --> github.com/Godvictory/douyin/server.decorator.func1.1 (4 handlers)
[GIN-debug] POST   /douyin/publish/actionUrl/ --> github.com/Godvictory/douyin/server.decorator.func1.1 (5 handlers)
[GIN-debug] GET    /douyin/publish/list/     --> github.com/Godvictory/douyin/server.decorator.func1.1 (4 handlers)
[GIN-debug] GET    /douyin/publish/follow/   --> github.com/Godvictory/douyin/server.decorator.func1.1 (4 handlers)
[GIN-debug] POST   /douyin/user/register/    --> github.com/Godvictory/douyin/server.decorator.func1.1 (4 handlers)
[GIN-debug] POST   /douyin/user/login/       --> github.com/Godvictory/douyin/server.decorator.func1.1 (4 handlers)
[GIN-debug] GET    /douyin/user/             --> github.com/Godvictory/douyin/server.decorator.func1.1 (4 handlers)
[GIN-debug] POST   /douyin/favorite/action/  --> github.com/Godvictory/douyin/server.decorator.func1.1 (4 handlers)
[GIN-debug] GET    /douyin/favorite/list/    --> github.com/Godvictory/douyin/server.decorator.func1.1 (4 handlers)
[GIN-debug] POST   /douyin/comment/action/   --> github.com/Godvictory/douyin/server.decorator.func1.1 (4 handlers)
[GIN-debug] GET    /douyin/comment/list/     --> github.com/Godvictory/douyin/server.decorator.func1.1 (4 handlers)
[GIN-debug] POST   /douyin/relation/action/  --> github.com/Godvictory/douyin/server.decorator.func1.1 (4 handlers)
[GIN-debug] GET    /douyin/relation/follow/list/ --> github.com/Godvictory/douyin/server.decorator.func1.1 (4 handlers)
[GIN-debug] GET    /douyin/relation/follower/list/ --> github.com/Godvictory/douyin/server.decorator.func1.1 (4 handlers)
[GIN-debug] GET    /douyin/relation/friend/list/ --> github.com/Godvictory/douyin/server.decorator.func1.1 (4 handlers)
[GIN-debug] GET    /douyin/message/chat/     --> github.com/Godvictory/douyin/server.decorator.func1.1 (4 handlers)
[GIN-debug] POST   /douyin/message/action/   --> github.com/Godvictory/douyin/server.decorator.func1.1 (4 handlers)
[36mINFO[0m[2023-08-17 13:27:02] 启动服务器 @ 0.0.0.0:23724                        
[36mINFO[0m[2023-08-17 13:27:20] Shutdown Server ...                          
[36mINFO[0m[2023-08-17 13:27:20] Server exiting                               
